<?xml version="1.0" encoding="UTF-8"?>
<coverage generated="1615191546784" clover="3.2.0">
  <project timestamp="1615191546784" name="All files">
    <metrics statements="1956" coveredstatements="1560" conditionals="392" coveredconditionals="224" methods="507" coveredmethods="391" elements="2855" coveredelements="2175" complexity="0" loc="1956" ncloc="1956" packages="39" files="113" classes="113"/>
    <package name="verticals-backend">
      <metrics statements="3" coveredstatements="3" conditionals="0" coveredconditionals="0" methods="0" coveredmethods="0"/>
      <file name="knexfile.js" path="/Users/xom9ik/Projects/Web/Node/verticals-backend/knexfile.js">
        <metrics statements="3" coveredstatements="3" conditionals="0" coveredconditionals="0" methods="0" coveredmethods="0"/>
        <line num="1" count="10" type="stmt"/>
        <line num="11" count="10" type="stmt"/>
        <line num="13" count="10" type="stmt"/>
      </file>
    </package>
    <package name="verticals-backend.src">
      <metrics statements="44" coveredstatements="41" conditionals="2" coveredconditionals="1" methods="6" coveredmethods="5"/>
      <file name="server.js" path="/Users/xom9ik/Projects/Web/Node/verticals-backend/src/server.js">
        <metrics statements="44" coveredstatements="41" conditionals="2" coveredconditionals="1" methods="6" coveredmethods="5"/>
        <line num="1" count="10" type="stmt"/>
        <line num="2" count="10" type="stmt"/>
        <line num="3" count="10" type="stmt"/>
        <line num="4" count="10" type="stmt"/>
        <line num="5" count="10" type="stmt"/>
        <line num="6" count="10" type="stmt"/>
        <line num="7" count="10" type="stmt"/>
        <line num="8" count="10" type="stmt"/>
        <line num="9" count="10" type="stmt"/>
        <line num="10" count="10" type="stmt"/>
        <line num="11" count="10" type="stmt"/>
        <line num="13" count="10" type="stmt"/>
        <line num="15" count="10" type="stmt"/>
        <line num="16" count="0" type="stmt"/>
        <line num="17" count="0" type="stmt"/>
        <line num="21" count="10" type="stmt"/>
        <line num="22" count="10" type="stmt"/>
        <line num="23" count="999" type="stmt"/>
        <line num="25" count="10" type="stmt"/>
        <line num="28" count="10" type="stmt"/>
        <line num="29" count="10" type="stmt"/>
        <line num="30" count="10" type="stmt"/>
        <line num="31" count="10" type="stmt"/>
        <line num="32" count="10" type="stmt"/>
        <line num="33" count="10" type="stmt"/>
        <line num="34" count="10" type="stmt"/>
        <line num="35" count="10" type="stmt"/>
        <line num="36" count="10" type="stmt"/>
        <line num="37" count="10" type="stmt"/>
        <line num="41" count="4491" type="stmt"/>
        <line num="42" count="4491" type="cond" truecount="1" falsecount="1"/>
        <line num="44" count="0" type="stmt"/>
        <line num="48" count="10" type="stmt"/>
        <line num="57" count="10" type="stmt"/>
        <line num="58" count="10" type="stmt"/>
        <line num="59" count="10" type="stmt"/>
        <line num="60" count="10" type="stmt"/>
        <line num="61" count="10" type="stmt"/>
        <line num="62" count="10" type="stmt"/>
        <line num="65" count="10" type="stmt"/>
        <line num="66" count="10" type="stmt"/>
        <line num="67" count="10" type="stmt"/>
        <line num="68" count="10" type="stmt"/>
        <line num="71" count="10" type="stmt"/>
      </file>
    </package>
    <package name="verticals-backend.src.components">
      <metrics statements="9" coveredstatements="9" conditionals="0" coveredconditionals="0" methods="0" coveredmethods="0"/>
      <file name="index.js" path="/Users/xom9ik/Projects/Web/Node/verticals-backend/src/components/index.js">
        <metrics statements="9" coveredstatements="9" conditionals="0" coveredconditionals="0" methods="0" coveredmethods="0"/>
        <line num="1" count="10" type="stmt"/>
        <line num="2" count="10" type="stmt"/>
        <line num="3" count="10" type="stmt"/>
        <line num="4" count="10" type="stmt"/>
        <line num="5" count="10" type="stmt"/>
        <line num="6" count="10" type="stmt"/>
        <line num="7" count="10" type="stmt"/>
        <line num="8" count="10" type="stmt"/>
        <line num="10" count="10" type="stmt"/>
      </file>
    </package>
    <package name="verticals-backend.src.components.auth">
      <metrics statements="20" coveredstatements="20" conditionals="3" coveredconditionals="3" methods="7" coveredmethods="7"/>
      <file name="password.js" path="/Users/xom9ik/Projects/Web/Node/verticals-backend/src/components/auth/password.js">
        <metrics statements="4" coveredstatements="4" conditionals="0" coveredconditionals="0" methods="2" coveredmethods="2"/>
        <line num="1" count="10" type="stmt"/>
        <line num="5" count="206" type="stmt"/>
        <line num="9" count="10" type="stmt"/>
        <line num="13" count="10" type="stmt"/>
      </file>
      <file name="token.js" path="/Users/xom9ik/Projects/Web/Node/verticals-backend/src/components/auth/token.js">
        <metrics statements="8" coveredstatements="8" conditionals="3" coveredconditionals="3" methods="2" coveredmethods="2"/>
        <line num="1" count="10" type="stmt"/>
        <line num="2" count="10" type="stmt"/>
        <line num="4" count="10" type="stmt"/>
        <line num="12" count="219" type="stmt"/>
        <line num="13" count="219" type="stmt"/>
        <line num="21" count="219" type="stmt"/>
        <line num="28" count="8573" type="stmt"/>
        <line num="32" count="10" type="stmt"/>
      </file>
      <file name="validator.js" path="/Users/xom9ik/Projects/Web/Node/verticals-backend/src/components/auth/validator.js">
        <metrics statements="8" coveredstatements="8" conditionals="0" coveredconditionals="0" methods="3" coveredmethods="3"/>
        <line num="1" count="10" type="stmt"/>
        <line num="5" count="208" type="stmt"/>
        <line num="6" count="208" type="stmt"/>
        <line num="10" count="208" type="stmt"/>
        <line num="11" count="208" type="stmt"/>
        <line num="15" count="4285" type="stmt"/>
        <line num="16" count="4285" type="stmt"/>
        <line num="20" count="10" type="stmt"/>
      </file>
    </package>
    <package name="verticals-backend.src.components.error">
      <metrics statements="29" coveredstatements="21" conditionals="14" coveredconditionals="0" methods="13" coveredmethods="6"/>
      <file name="general-error.js" path="/Users/xom9ik/Projects/Web/Node/verticals-backend/src/components/error/general-error.js">
        <metrics statements="4" coveredstatements="4" conditionals="2" coveredconditionals="0" methods="1" coveredmethods="1"/>
        <line num="6" count="119" type="stmt"/>
        <line num="7" count="119" type="stmt"/>
        <line num="8" count="119" type="stmt"/>
        <line num="12" count="10" type="stmt"/>
      </file>
      <file name="index.js" path="/Users/xom9ik/Projects/Web/Node/verticals-backend/src/components/error/index.js">
        <metrics statements="4" coveredstatements="4" conditionals="0" coveredconditionals="0" methods="0" coveredmethods="0"/>
        <line num="1" count="10" type="stmt"/>
        <line num="2" count="10" type="stmt"/>
        <line num="3" count="10" type="stmt"/>
        <line num="5" count="10" type="stmt"/>
      </file>
      <file name="rest.js" path="/Users/xom9ik/Projects/Web/Node/verticals-backend/src/components/error/rest.js">
        <metrics statements="11" coveredstatements="9" conditionals="7" coveredconditionals="0" methods="7" coveredmethods="5"/>
        <line num="2" count="10" type="stmt"/>
        <line num="4" count="10" type="stmt"/>
        <line num="14" count="10" type="stmt"/>
        <line num="26" count="57" type="stmt"/>
        <line num="32" count="30" type="stmt"/>
        <line num="38" count="29" type="stmt"/>
        <line num="44" count="0" type="stmt"/>
        <line num="50" count="1" type="stmt"/>
        <line num="56" count="2" type="stmt"/>
        <line num="62" count="0" type="stmt"/>
        <line num="66" count="10" type="stmt"/>
      </file>
      <file name="socket.js" path="/Users/xom9ik/Projects/Web/Node/verticals-backend/src/components/error/socket.js">
        <metrics statements="10" coveredstatements="4" conditionals="5" coveredconditionals="0" methods="5" coveredmethods="0"/>
        <line num="2" count="10" type="stmt"/>
        <line num="4" count="10" type="stmt"/>
        <line num="12" count="10" type="stmt"/>
        <line num="22" count="0" type="stmt"/>
        <line num="28" count="0" type="stmt"/>
        <line num="29" count="0" type="stmt"/>
        <line num="35" count="0" type="stmt"/>
        <line num="41" count="0" type="stmt"/>
        <line num="47" count="0" type="stmt"/>
        <line num="51" count="10" type="stmt"/>
      </file>
    </package>
    <package name="verticals-backend.src.components.file">
      <metrics statements="28" coveredstatements="23" conditionals="6" coveredconditionals="4" methods="12" coveredmethods="8"/>
      <file name="index.js" path="/Users/xom9ik/Projects/Web/Node/verticals-backend/src/components/file/index.js">
        <metrics statements="28" coveredstatements="23" conditionals="6" coveredconditionals="4" methods="12" coveredmethods="8"/>
        <line num="1" count="10" type="stmt"/>
        <line num="2" count="10" type="stmt"/>
        <line num="3" count="10" type="stmt"/>
        <line num="4" count="10" type="stmt"/>
        <line num="10" count="10" type="stmt"/>
        <line num="14" count="10" type="stmt"/>
        <line num="21" count="20" type="stmt"/>
        <line num="25" count="0" type="stmt"/>
        <line num="26" count="0" type="stmt"/>
        <line num="27" count="0" type="stmt"/>
        <line num="28" count="0" type="stmt"/>
        <line num="33" count="0" type="stmt"/>
        <line num="37" count="3" type="cond" truecount="1" falsecount="1"/>
        <line num="38" count="3" type="stmt"/>
        <line num="39" count="3" type="stmt"/>
        <line num="41" count="3" type="stmt"/>
        <line num="42" count="3" type="cond" truecount="2" falsecount="0"/>
        <line num="43" count="1" type="stmt"/>
        <line num="45" count="3" type="stmt"/>
        <line num="51" count="7" type="stmt"/>
        <line num="54" count="7" type="stmt"/>
        <line num="56" count="7" type="cond" truecount="1" falsecount="1"/>
        <line num="58" count="7" type="stmt"/>
        <line num="63" count="7" type="stmt"/>
        <line num="65" count="7" type="stmt"/>
        <line num="67" count="7" type="stmt"/>
        <line num="76" count="7" type="stmt"/>
        <line num="81" count="10" type="stmt"/>
      </file>
    </package>
    <package name="verticals-backend.src.components.position">
      <metrics statements="37" coveredstatements="20" conditionals="6" coveredconditionals="4" methods="18" coveredmethods="9"/>
      <file name="index.js" path="/Users/xom9ik/Projects/Web/Node/verticals-backend/src/components/position/index.js">
        <metrics statements="37" coveredstatements="20" conditionals="6" coveredconditionals="4" methods="18" coveredmethods="9"/>
        <line num="3" count="8" type="stmt"/>
        <line num="7" count="3212" type="stmt"/>
        <line num="8" count="3212" type="stmt"/>
        <line num="10" count="3212" type="cond" truecount="1" falsecount="1"/>
        <line num="11" count="0" type="stmt"/>
        <line num="12" count="0" type="stmt"/>
        <line num="13" count="0" type="stmt"/>
        <line num="15" count="3212" type="stmt"/>
        <line num="18" count="3212" type="stmt"/>
        <line num="25" count="0" type="stmt"/>
        <line num="26" count="0" type="stmt"/>
        <line num="27" count="0" type="stmt"/>
        <line num="31" count="0" type="stmt"/>
        <line num="32" count="0" type="stmt"/>
        <line num="37" count="0" type="stmt"/>
        <line num="41" count="9" type="stmt"/>
        <line num="45" count="0" type="stmt"/>
        <line num="46" count="0" type="stmt"/>
        <line num="47" count="0" type="stmt"/>
        <line num="51" count="0" type="stmt"/>
        <line num="52" count="0" type="stmt"/>
        <line num="56" count="0" type="stmt"/>
        <line num="60" count="0" type="stmt"/>
        <line num="64" count="0" type="stmt"/>
        <line num="68" count="2" type="stmt"/>
        <line num="69" count="2" type="stmt"/>
        <line num="70" count="2" type="stmt"/>
        <line num="71" count="6" type="stmt"/>
        <line num="72" count="6" type="stmt"/>
        <line num="73" count="8" type="stmt"/>
        <line num="74" count="8" type="stmt"/>
        <line num="75" count="8" type="cond" truecount="2" falsecount="0"/>
        <line num="76" count="2" type="cond" truecount="1" falsecount="1"/>
        <line num="77" count="2" type="stmt"/>
        <line num="79" count="2" type="stmt"/>
        <line num="83" count="2" type="stmt"/>
        <line num="87" count="10" type="stmt"/>
      </file>
    </package>
    <package name="verticals-backend.src.components.response">
      <metrics statements="18" coveredstatements="14" conditionals="4" coveredconditionals="0" methods="8" coveredmethods="4"/>
      <file name="index.js" path="/Users/xom9ik/Projects/Web/Node/verticals-backend/src/components/response/index.js">
        <metrics statements="3" coveredstatements="3" conditionals="0" coveredconditionals="0" methods="0" coveredmethods="0"/>
        <line num="1" count="10" type="stmt"/>
        <line num="2" count="10" type="stmt"/>
        <line num="4" count="10" type="stmt"/>
      </file>
      <file name="rest.js" path="/Users/xom9ik/Projects/Web/Node/verticals-backend/src/components/response/rest.js">
        <metrics statements="9" coveredstatements="9" conditionals="4" coveredconditionals="0" methods="4" coveredmethods="4"/>
        <line num="2" count="10" type="stmt"/>
        <line num="4" count="10" type="stmt"/>
        <line num="9" count="10" type="stmt"/>
        <line num="21" count="121" type="stmt"/>
        <line num="25" count="4583" type="stmt"/>
        <line num="30" count="4583" type="stmt"/>
        <line num="41" count="56" type="stmt"/>
        <line num="45" count="4406" type="stmt"/>
        <line num="49" count="10" type="stmt"/>
      </file>
      <file name="socket.js" path="/Users/xom9ik/Projects/Web/Node/verticals-backend/src/components/response/socket.js">
        <metrics statements="6" coveredstatements="2" conditionals="0" coveredconditionals="0" methods="4" coveredmethods="0"/>
        <line num="4" count="10" type="stmt"/>
        <line num="15" count="0" type="stmt"/>
        <line num="19" count="0" type="stmt"/>
        <line num="26" count="0" type="stmt"/>
        <line num="30" count="0" type="stmt"/>
        <line num="34" count="10" type="stmt"/>
      </file>
    </package>
    <package name="verticals-backend.src.components.transformer">
      <metrics statements="3" coveredstatements="3" conditionals="2" coveredconditionals="2" methods="1" coveredmethods="1"/>
      <file name="index.js" path="/Users/xom9ik/Projects/Web/Node/verticals-backend/src/components/transformer/index.js">
        <metrics statements="3" coveredstatements="3" conditionals="2" coveredconditionals="2" methods="1" coveredmethods="1"/>
        <line num="3" count="10" type="stmt"/>
        <line num="7" count="10" type="cond" truecount="2" falsecount="0"/>
        <line num="11" count="10" type="stmt"/>
      </file>
    </package>
    <package name="verticals-backend.src.constants">
      <metrics statements="1" coveredstatements="1" conditionals="0" coveredconditionals="0" methods="0" coveredmethods="0"/>
      <file name="index.js" path="/Users/xom9ik/Projects/Web/Node/verticals-backend/src/constants/index.js">
        <metrics statements="1" coveredstatements="1" conditionals="0" coveredconditionals="0" methods="0" coveredmethods="0"/>
        <line num="1" count="10" type="stmt"/>
      </file>
    </package>
    <package name="verticals-backend.src.database">
      <metrics statements="16" coveredstatements="16" conditionals="0" coveredconditionals="0" methods="12" coveredmethods="12"/>
      <file name="index.js" path="/Users/xom9ik/Projects/Web/Node/verticals-backend/src/database/index.js">
        <metrics statements="14" coveredstatements="14" conditionals="0" coveredconditionals="0" methods="12" coveredmethods="12"/>
        <line num="1" count="10" type="stmt"/>
        <line num="5" count="4510" type="stmt"/>
        <line num="9" count="634" type="stmt"/>
        <line num="13" count="841" type="stmt"/>
        <line num="17" count="4483" type="stmt"/>
        <line num="21" count="3634" type="stmt"/>
        <line num="25" count="2747" type="stmt"/>
        <line num="29" count="1227" type="stmt"/>
        <line num="33" count="12" type="stmt"/>
        <line num="37" count="1879" type="stmt"/>
        <line num="41" count="2584" type="stmt"/>
        <line num="45" count="3896" type="stmt"/>
        <line num="49" count="6" type="stmt"/>
        <line num="53" count="10" type="stmt"/>
      </file>
      <file name="tables.js" path="/Users/xom9ik/Projects/Web/Node/verticals-backend/src/database/tables.js">
        <metrics statements="1" coveredstatements="1" conditionals="0" coveredconditionals="0" methods="0" coveredmethods="0"/>
        <line num="1" count="10" type="stmt"/>
      </file>
      <file name="triggers.js" path="/Users/xom9ik/Projects/Web/Node/verticals-backend/src/database/triggers.js">
        <metrics statements="1" coveredstatements="1" conditionals="0" coveredconditionals="0" methods="0" coveredmethods="0"/>
        <line num="1" count="2" type="stmt"/>
      </file>
    </package>
    <package name="verticals-backend.src.events">
      <metrics statements="83" coveredstatements="59" conditionals="24" coveredconditionals="10" methods="18" coveredmethods="13"/>
      <file name="pg-events.js" path="/Users/xom9ik/Projects/Web/Node/verticals-backend/src/events/pg-events.js">
        <metrics statements="63" coveredstatements="40" conditionals="22" coveredconditionals="9" methods="16" coveredmethods="11"/>
        <line num="2" count="2" type="stmt"/>
        <line num="6" count="2" type="stmt"/>
        <line num="7" count="2" type="cond" truecount="1" falsecount="1"/>
        <line num="8" count="0" type="stmt"/>
        <line num="10" count="2" type="stmt"/>
        <line num="11" count="2" type="stmt"/>
        <line num="12" count="2" type="stmt"/>
        <line num="13" count="2" type="stmt"/>
        <line num="14" count="2" type="stmt"/>
        <line num="19" count="18" type="stmt"/>
        <line num="20" count="18" type="stmt"/>
        <line num="21" count="18" type="cond" truecount="1" falsecount="1"/>
        <line num="22" count="18" type="stmt"/>
        <line num="26" count="0" type="stmt"/>
        <line num="27" count="0" type="stmt"/>
        <line num="28" count="0" type="stmt"/>
        <line num="30" count="0" type="stmt"/>
        <line num="31" count="0" type="stmt"/>
        <line num="35" count="18" type="stmt"/>
        <line num="36" count="18" type="cond" truecount="1" falsecount="1"/>
        <line num="37" count="18" type="cond" truecount="1" falsecount="1"/>
        <line num="38" count="0" type="stmt"/>
        <line num="39" count="0" type="cond" truecount="0" falsecount="2"/>
        <line num="40" count="0" type="stmt"/>
        <line num="41" count="0" type="stmt"/>
        <line num="43" count="0" type="stmt"/>
        <line num="46" count="18" type="stmt"/>
        <line num="47" count="18" type="cond" truecount="1" falsecount="1"/>
        <line num="48" count="0" type="stmt"/>
        <line num="49" count="0" type="cond" truecount="0" falsecount="2"/>
        <line num="50" count="0" type="stmt"/>
        <line num="51" count="0" type="stmt"/>
        <line num="55" count="18" type="cond" truecount="1" falsecount="1"/>
        <line num="56" count="18" type="stmt"/>
        <line num="57" count="18" type="stmt"/>
        <line num="62" count="18" type="stmt"/>
        <line num="66" count="2" type="cond" truecount="1" falsecount="1"/>
        <line num="67" count="0" type="stmt"/>
        <line num="68" count="0" type="stmt"/>
        <line num="70" count="18" type="stmt"/>
        <line num="71" count="2" type="stmt"/>
        <line num="76" count="0" type="stmt"/>
        <line num="77" count="0" type="cond" truecount="0" falsecount="2"/>
        <line num="81" count="0" type="stmt"/>
        <line num="82" count="0" type="stmt"/>
        <line num="86" count="2" type="stmt"/>
        <line num="90" count="2" type="stmt"/>
        <line num="91" count="2" type="stmt"/>
        <line num="92" count="2" type="stmt"/>
        <line num="94" count="0" type="stmt"/>
        <line num="99" count="2" type="stmt"/>
        <line num="100" count="2" type="stmt"/>
        <line num="101" count="14407" type="stmt"/>
        <line num="102" count="14407" type="stmt"/>
        <line num="103" count="14407" type="stmt"/>
        <line num="104" count="14407" type="cond" truecount="2" falsecount="0"/>
        <line num="105" count="14403" type="stmt"/>
        <line num="106" count="14403" type="stmt"/>
        <line num="107" count="14403" type="stmt"/>
        <line num="108" count="14403" type="stmt"/>
        <line num="112" count="14403" type="stmt"/>
        <line num="118" count="0" type="stmt"/>
        <line num="124" count="2" type="stmt"/>
      </file>
      <file name="subscriber.js" path="/Users/xom9ik/Projects/Web/Node/verticals-backend/src/events/subscriber.js">
        <metrics statements="20" coveredstatements="19" conditionals="2" coveredconditionals="1" methods="2" coveredmethods="2"/>
        <line num="1" count="2" type="stmt"/>
        <line num="2" count="2" type="stmt"/>
        <line num="3" count="2" type="stmt"/>
        <line num="4" count="2" type="stmt"/>
        <line num="8" count="2" type="stmt"/>
        <line num="9" count="2" type="stmt"/>
        <line num="10" count="2" type="stmt"/>
        <line num="11" count="2" type="stmt"/>
        <line num="12" count="2" type="stmt"/>
        <line num="13" count="2" type="stmt"/>
        <line num="14" count="2" type="stmt"/>
        <line num="15" count="2" type="stmt"/>
        <line num="16" count="2" type="stmt"/>
        <line num="17" count="2" type="stmt"/>
        <line num="21" count="2" type="stmt"/>
        <line num="22" count="2" type="cond" truecount="1" falsecount="1"/>
        <line num="23" count="2" type="stmt"/>
        <line num="24" count="2" type="stmt"/>
        <line num="26" count="0" type="stmt"/>
        <line num="31" count="2" type="stmt"/>
      </file>
    </package>
    <package name="verticals-backend.src.events.modules.comment-file">
      <metrics statements="6" coveredstatements="6" conditionals="0" coveredconditionals="0" methods="1" coveredmethods="1"/>
      <file name="controller.js" path="/Users/xom9ik/Projects/Web/Node/verticals-backend/src/events/modules/comment-file/controller.js">
        <metrics statements="6" coveredstatements="6" conditionals="0" coveredconditionals="0" methods="1" coveredmethods="1"/>
        <line num="1" count="2" type="stmt"/>
        <line num="5" count="3" type="stmt"/>
        <line num="6" count="3" type="stmt"/>
        <line num="7" count="3" type="stmt"/>
        <line num="9" count="1" type="stmt"/>
        <line num="14" count="2" type="stmt"/>
      </file>
    </package>
    <package name="verticals-backend.src.events.modules.updates">
      <metrics statements="17" coveredstatements="16" conditionals="4" coveredconditionals="4" methods="2" coveredmethods="2"/>
      <file name="controller.js" path="/Users/xom9ik/Projects/Web/Node/verticals-backend/src/events/modules/updates/controller.js">
        <metrics statements="17" coveredstatements="16" conditionals="4" coveredconditionals="4" methods="2" coveredmethods="2"/>
        <line num="1" count="2" type="stmt"/>
        <line num="5" count="14400" type="stmt"/>
        <line num="8" count="14400" type="stmt"/>
        <line num="9" count="14400" type="stmt"/>
        <line num="10" count="14400" type="cond" truecount="2" falsecount="0"/>
        <line num="11" count="14372" type="stmt"/>
        <line num="12" count="14372" type="stmt"/>
        <line num="13" count="14372" type="stmt"/>
        <line num="14" count="14372" type="stmt"/>
        <line num="15" count="14372" type="stmt"/>
        <line num="21" count="14372" type="cond" truecount="2" falsecount="0"/>
        <line num="22" count="2053" type="stmt"/>
        <line num="24" count="14372" type="stmt"/>
        <line num="28" count="14372" type="stmt"/>
        <line num="29" count="44736" type="stmt"/>
        <line num="32" count="0" type="stmt"/>
        <line num="37" count="2" type="stmt"/>
      </file>
    </package>
    <package name="verticals-backend.src.knex">
      <metrics statements="14" coveredstatements="14" conditionals="6" coveredconditionals="4" methods="5" coveredmethods="5"/>
      <file name="index.js" path="/Users/xom9ik/Projects/Web/Node/verticals-backend/src/knex/index.js">
        <metrics statements="14" coveredstatements="14" conditionals="6" coveredconditionals="4" methods="5" coveredmethods="5"/>
        <line num="2" count="10" type="stmt"/>
        <line num="3" count="10" type="stmt"/>
        <line num="4" count="10" type="stmt"/>
        <line num="8" count="10" type="stmt"/>
        <line num="9" count="10" type="stmt"/>
        <line num="13" count="10" type="stmt"/>
        <line num="18" count="22448" type="stmt"/>
        <line num="20" count="121349" type="cond" truecount="2" falsecount="0"/>
        <line num="24" count="10" type="cond" truecount="1" falsecount="1"/>
        <line num="25" count="10" type="stmt"/>
        <line num="27" count="10" type="stmt"/>
        <line num="28" count="10" type="stmt"/>
        <line num="34" count="10" type="stmt"/>
        <line num="38" count="10" type="stmt"/>
      </file>
    </package>
    <package name="verticals-backend.src.lib.ws">
      <metrics statements="80" coveredstatements="59" conditionals="20" coveredconditionals="10" methods="27" coveredmethods="18"/>
      <file name="index.js" path="/Users/xom9ik/Projects/Web/Node/verticals-backend/src/lib/ws/index.js">
        <metrics statements="54" coveredstatements="46" conditionals="12" coveredconditionals="7" methods="19" coveredmethods="14"/>
        <line num="2" count="10" type="stmt"/>
        <line num="3" count="10" type="stmt"/>
        <line num="4" count="10" type="stmt"/>
        <line num="5" count="10" type="stmt"/>
        <line num="7" count="10" type="stmt"/>
        <line num="11" count="10" type="stmt"/>
        <line num="15" count="10" type="stmt"/>
        <line num="16" count="10" type="stmt"/>
        <line num="17" count="10" type="stmt"/>
        <line num="21" count="10" type="stmt"/>
        <line num="25" count="0" type="stmt"/>
        <line num="29" count="10" type="stmt"/>
        <line num="33" count="13" type="stmt"/>
        <line num="34" count="13" type="stmt"/>
        <line num="35" count="13" type="stmt"/>
        <line num="36" count="13" type="stmt"/>
        <line num="37" count="13" type="stmt"/>
        <line num="38" count="13" type="stmt"/>
        <line num="39" count="13" type="stmt"/>
        <line num="43" count="13" type="stmt"/>
        <line num="44" count="13" type="cond" truecount="1" falsecount="1"/>
        <line num="45" count="0" type="stmt"/>
        <line num="47" count="13" type="stmt"/>
        <line num="49" count="13" type="stmt"/>
        <line num="53" count="13" type="stmt"/>
        <line num="54" count="13" type="cond" truecount="1" falsecount="1"/>
        <line num="55" count="13" type="stmt"/>
        <line num="57" count="13" type="stmt"/>
        <line num="61" count="39" type="stmt"/>
        <line num="65" count="13" type="stmt"/>
        <line num="66" count="13" type="cond" truecount="1" falsecount="1"/>
        <line num="67" count="0" type="stmt"/>
        <line num="72" count="0" type="stmt"/>
        <line num="74" count="0" type="cond" truecount="0" falsecount="2"/>
        <line num="78" count="14372" type="stmt"/>
        <line num="79" count="44736" type="cond" truecount="4" falsecount="0"/>
        <line num="80" count="20" type="stmt"/>
        <line num="86" count="20" type="stmt"/>
        <line num="90" count="13" type="stmt"/>
        <line num="91" count="13" type="stmt"/>
        <line num="92" count="13" type="stmt"/>
        <line num="93" count="13" type="stmt"/>
        <line num="94" count="13" type="stmt"/>
        <line num="95" count="13" type="stmt"/>
        <line num="96" count="13" type="stmt"/>
        <line num="97" count="13" type="stmt"/>
        <line num="101" count="0" type="stmt"/>
        <line num="103" count="13" type="stmt"/>
        <line num="106" count="0" type="stmt"/>
        <line num="108" count="13" type="stmt"/>
        <line num="110" count="0" type="stmt"/>
        <line num="115" count="13" type="stmt"/>
        <line num="116" count="13" type="stmt"/>
        <line num="120" count="10" type="stmt"/>
      </file>
      <file name="router.js" path="/Users/xom9ik/Projects/Web/Node/verticals-backend/src/lib/ws/router.js">
        <metrics statements="26" coveredstatements="13" conditionals="8" coveredconditionals="3" methods="8" coveredmethods="4"/>
        <line num="2" count="10" type="stmt"/>
        <line num="6" count="10" type="stmt"/>
        <line num="7" count="10" type="stmt"/>
        <line num="11" count="0" type="stmt"/>
        <line num="12" count="0" type="stmt"/>
        <line num="13" count="0" type="stmt"/>
        <line num="14" count="0" type="stmt"/>
        <line num="15" count="0" type="stmt"/>
        <line num="19" count="0" type="stmt"/>
        <line num="20" count="0" type="stmt"/>
        <line num="26" count="13" type="stmt"/>
        <line num="27" count="13" type="cond" truecount="1" falsecount="1"/>
        <line num="28" count="13" type="stmt"/>
        <line num="37" count="13" type="cond" truecount="1" falsecount="1"/>
        <line num="38" count="0" type="stmt"/>
        <line num="40" count="13" type="stmt"/>
        <line num="41" count="26" type="stmt"/>
        <line num="42" count="26" type="cond" truecount="1" falsecount="1"/>
        <line num="43" count="26" type="stmt"/>
        <line num="49" count="0" type="cond" truecount="0" falsecount="2"/>
        <line num="50" count="0" type="stmt"/>
        <line num="52" count="0" type="stmt"/>
        <line num="53" count="0" type="stmt"/>
        <line num="58" count="10" type="stmt"/>
        <line num="62" count="0" type="stmt"/>
        <line num="66" count="10" type="stmt"/>
      </file>
    </package>
    <package name="verticals-backend.src.logger">
      <metrics statements="83" coveredstatements="55" conditionals="25" coveredconditionals="9" methods="21" coveredmethods="14"/>
      <file name="http.js" path="/Users/xom9ik/Projects/Web/Node/verticals-backend/src/logger/http.js">
        <metrics statements="15" coveredstatements="15" conditionals="0" coveredconditionals="0" methods="3" coveredmethods="3"/>
        <line num="1" count="10" type="stmt"/>
        <line num="2" count="10" type="stmt"/>
        <line num="4" count="10" type="stmt"/>
        <line num="5" count="10" type="stmt"/>
        <line num="9" count="4583" type="stmt"/>
        <line num="10" count="4583" type="stmt"/>
        <line num="11" count="4583" type="stmt"/>
        <line num="12" count="4583" type="stmt"/>
        <line num="21" count="4583" type="stmt"/>
        <line num="25" count="4583" type="stmt"/>
        <line num="26" count="4583" type="stmt"/>
        <line num="32" count="4583" type="stmt"/>
        <line num="36" count="4583" type="stmt"/>
        <line num="37" count="4583" type="stmt"/>
        <line num="41" count="10" type="stmt"/>
      </file>
      <file name="index.js" path="/Users/xom9ik/Projects/Web/Node/verticals-backend/src/logger/index.js">
        <metrics statements="47" coveredstatements="19" conditionals="19" coveredconditionals="5" methods="9" coveredmethods="2"/>
        <line num="1" count="10" type="stmt"/>
        <line num="2" count="10" type="stmt"/>
        <line num="3" count="10" type="stmt"/>
        <line num="4" count="10" type="stmt"/>
        <line num="5" count="10" type="stmt"/>
        <line num="9" count="10" type="stmt"/>
        <line num="11" count="10" type="cond" truecount="2" falsecount="0"/>
        <line num="12" count="10" type="stmt"/>
        <line num="13" count="10" type="stmt"/>
        <line num="15" count="10" type="stmt"/>
        <line num="16" count="10" type="stmt"/>
        <line num="20" count="10" type="stmt"/>
        <line num="21" count="10" type="cond" truecount="1" falsecount="1"/>
        <line num="22" count="0" type="stmt"/>
        <line num="23" count="0" type="stmt"/>
        <line num="26" count="10" type="stmt"/>
        <line num="30" count="10" type="stmt"/>
        <line num="31" count="0" type="cond" truecount="0" falsecount="3"/>
        <line num="33" count="0" type="stmt"/>
        <line num="36" count="0" type="stmt"/>
        <line num="39" count="0" type="stmt"/>
        <line num="45" count="10" type="cond" truecount="1" falsecount="1"/>
        <line num="46" count="0" type="stmt"/>
        <line num="49" count="10" type="cond" truecount="1" falsecount="1"/>
        <line num="50" count="0" type="stmt"/>
        <line num="53" count="10" type="stmt"/>
        <line num="63" count="0" type="stmt"/>
        <line num="67" count="0" type="stmt"/>
        <line num="73" count="0" type="stmt"/>
        <line num="74" count="0" type="stmt"/>
        <line num="75" count="0" type="cond" truecount="0" falsecount="2"/>
        <line num="77" count="0" type="stmt"/>
        <line num="78" count="0" type="cond" truecount="0" falsecount="2"/>
        <line num="79" count="0" type="stmt"/>
        <line num="81" count="0" type="stmt"/>
        <line num="83" count="0" type="stmt"/>
        <line num="86" count="0" type="stmt"/>
        <line num="89" count="0" type="cond" truecount="0" falsecount="2"/>
        <line num="95" count="0" type="stmt"/>
        <line num="96" count="0" type="stmt"/>
        <line num="97" count="0" type="stmt"/>
        <line num="100" count="0" type="stmt"/>
        <line num="106" count="0" type="stmt"/>
        <line num="107" count="0" type="stmt"/>
        <line num="108" count="0" type="stmt"/>
        <line num="111" count="0" type="stmt"/>
        <line num="115" count="10" type="stmt"/>
      </file>
      <file name="knex.js" path="/Users/xom9ik/Projects/Web/Node/verticals-backend/src/logger/knex.js">
        <metrics statements="21" coveredstatements="21" conditionals="6" coveredconditionals="4" methods="9" coveredmethods="9"/>
        <line num="2" count="10" type="stmt"/>
        <line num="6" count="10" type="stmt"/>
        <line num="8" count="10" type="cond" truecount="1" falsecount="0"/>
        <line num="9" count="10" type="stmt"/>
        <line num="11" count="10" type="stmt"/>
        <line num="18" count="22449" type="stmt"/>
        <line num="19" count="22449" type="stmt"/>
        <line num="20" count="22449" type="cond" truecount="1" falsecount="1"/>
        <line num="21" count="22449" type="stmt"/>
        <line num="22" count="22449" type="stmt"/>
        <line num="23" count="22449" type="stmt"/>
        <line num="27" count="22449" type="stmt"/>
        <line num="28" count="22449" type="stmt"/>
        <line num="32" count="1" type="stmt"/>
        <line num="33" count="1" type="stmt"/>
        <line num="38" count="22448" type="stmt"/>
        <line num="39" count="22448" type="stmt"/>
        <line num="44" count="10" type="stmt"/>
        <line num="45" count="22449" type="cond" truecount="1" falsecount="1"/>
        <line num="46" count="22449" type="stmt"/>
        <line num="55" count="10" type="stmt"/>
      </file>
    </package>
    <package name="verticals-backend.src.metrics">
      <metrics statements="58" coveredstatements="16" conditionals="12" coveredconditionals="1" methods="13" coveredmethods="1"/>
      <file name="index.js" path="/Users/xom9ik/Projects/Web/Node/verticals-backend/src/metrics/index.js">
        <metrics statements="14" coveredstatements="9" conditionals="2" coveredconditionals="1" methods="3" coveredmethods="1"/>
        <line num="2" count="10" type="stmt"/>
        <line num="3" count="10" type="stmt"/>
        <line num="4" count="10" type="stmt"/>
        <line num="5" count="10" type="stmt"/>
        <line num="13" count="10" type="stmt"/>
        <line num="15" count="10" type="stmt"/>
        <line num="21" count="10" type="cond" truecount="1" falsecount="1"/>
        <line num="25" count="4583" type="stmt"/>
        <line num="34" count="0" type="stmt"/>
        <line num="35" count="0" type="stmt"/>
        <line num="36" count="0" type="stmt"/>
        <line num="37" count="0" type="stmt"/>
        <line num="38" count="0" type="stmt"/>
        <line num="43" count="10" type="stmt"/>
      </file>
      <file name="prometheus-pm2.js" path="/Users/xom9ik/Projects/Web/Node/verticals-backend/src/metrics/prometheus-pm2.js">
        <metrics statements="44" coveredstatements="7" conditionals="10" coveredconditionals="0" methods="10" coveredmethods="0"/>
        <line num="1" count="10" type="stmt"/>
        <line num="2" count="10" type="stmt"/>
        <line num="4" count="10" type="stmt"/>
        <line num="5" count="0" type="cond" truecount="0" falsecount="2"/>
        <line num="8" count="10" type="stmt"/>
        <line num="9" count="0" type="stmt"/>
        <line num="10" count="0" type="stmt"/>
        <line num="11" count="0" type="stmt"/>
        <line num="12" count="0" type="cond" truecount="0" falsecount="2"/>
        <line num="13" count="0" type="stmt"/>
        <line num="15" count="0" type="stmt"/>
        <line num="18" count="0" type="stmt"/>
        <line num="21" count="10" type="stmt"/>
        <line num="22" count="0" type="stmt"/>
        <line num="23" count="0" type="stmt"/>
        <line num="24" count="0" type="stmt"/>
        <line num="25" count="0" type="stmt"/>
        <line num="26" count="0" type="stmt"/>
        <line num="28" count="0" type="stmt"/>
        <line num="30" count="0" type="stmt"/>
        <line num="31" count="0" type="stmt"/>
        <line num="33" count="0" type="stmt"/>
        <line num="34" count="0" type="stmt"/>
        <line num="35" count="0" type="stmt"/>
        <line num="37" count="0" type="cond" truecount="0" falsecount="2"/>
        <line num="38" count="0" type="stmt"/>
        <line num="42" count="0" type="stmt"/>
        <line num="45" count="0" type="stmt"/>
        <line num="46" count="0" type="stmt"/>
        <line num="49" count="10" type="stmt"/>
        <line num="50" count="0" type="cond" truecount="0" falsecount="2"/>
        <line num="51" count="0" type="stmt"/>
        <line num="62" count="10" type="stmt"/>
        <line num="64" count="0" type="stmt"/>
        <line num="65" count="0" type="stmt"/>
        <line num="66" count="0" type="stmt"/>
        <line num="67" count="0" type="cond" truecount="0" falsecount="2"/>
        <line num="68" count="0" type="stmt"/>
        <line num="70" count="0" type="stmt"/>
        <line num="71" count="0" type="stmt"/>
        <line num="74" count="0" type="stmt"/>
        <line num="76" count="0" type="stmt"/>
        <line num="77" count="0" type="stmt"/>
        <line num="78" count="0" type="stmt"/>
      </file>
    </package>
    <package name="verticals-backend.src.middlewares">
      <metrics statements="117" coveredstatements="109" conditionals="42" coveredconditionals="35" methods="35" coveredmethods="32"/>
      <file name="busboy.js" path="/Users/xom9ik/Projects/Web/Node/verticals-backend/src/middlewares/busboy.js">
        <metrics statements="9" coveredstatements="9" conditionals="2" coveredconditionals="2" methods="5" coveredmethods="5"/>
        <line num="1" count="10" type="stmt"/>
        <line num="5" count="9" type="cond" truecount="2" falsecount="0"/>
        <line num="6" count="1" type="stmt"/>
        <line num="8" count="8" type="stmt"/>
        <line num="12" count="8" type="stmt"/>
        <line num="13" count="8" type="stmt"/>
        <line num="14" count="8" type="stmt"/>
        <line num="22" count="8" type="stmt"/>
        <line num="28" count="10" type="stmt"/>
      </file>
      <file name="check.js" path="/Users/xom9ik/Projects/Web/Node/verticals-backend/src/middlewares/check.js">
        <metrics statements="32" coveredstatements="31" conditionals="18" coveredconditionals="15" methods="8" coveredmethods="8"/>
        <line num="2" count="10" type="stmt"/>
        <line num="3" count="10" type="stmt"/>
        <line num="4" count="10" type="stmt"/>
        <line num="8" count="4315" type="cond" truecount="2" falsecount="0"/>
        <line num="9" count="4291" type="stmt"/>
        <line num="13" count="4290" type="stmt"/>
        <line num="17" count="4315" type="cond" truecount="2" falsecount="0"/>
        <line num="20" count="4315" type="cond" truecount="2" falsecount="0"/>
        <line num="21" count="4290" type="stmt"/>
        <line num="26" count="4290" type="stmt"/>
        <line num="27" count="4290" type="stmt"/>
        <line num="28" count="4285" type="stmt"/>
        <line num="30" count="5" type="stmt"/>
        <line num="35" count="4315" type="stmt"/>
        <line num="36" count="4315" type="cond" truecount="2" falsecount="0"/>
        <line num="37" count="25" type="stmt"/>
        <line num="40" count="4290" type="stmt"/>
        <line num="41" count="4290" type="cond" truecount="2" falsecount="0"/>
        <line num="42" count="5" type="stmt"/>
        <line num="45" count="4285" type="stmt"/>
        <line num="46" count="4285" type="cond" truecount="1" falsecount="1"/>
        <line num="47" count="0" type="stmt"/>
        <line num="50" count="4285" type="stmt"/>
        <line num="54" count="4302" type="stmt"/>
        <line num="58" count="13" type="stmt"/>
        <line num="62" count="208" type="cond" truecount="0" falsecount="2"/>
        <line num="63" count="208" type="stmt"/>
        <line num="67" count="208" type="cond" truecount="2" falsecount="0"/>
        <line num="68" count="1" type="stmt"/>
        <line num="70" count="207" type="cond" truecount="2" falsecount="0"/>
        <line num="71" count="1" type="stmt"/>
        <line num="76" count="10" type="stmt"/>
      </file>
      <file name="fetch.js" path="/Users/xom9ik/Projects/Web/Node/verticals-backend/src/middlewares/fetch.js">
        <metrics statements="10" coveredstatements="7" conditionals="0" coveredconditionals="0" methods="3" coveredmethods="2"/>
        <line num="1" count="10" type="stmt"/>
        <line num="2" count="10" type="stmt"/>
        <line num="6" count="4283" type="stmt"/>
        <line num="10" count="4283" type="stmt"/>
        <line num="11" count="4283" type="stmt"/>
        <line num="12" count="4283" type="stmt"/>
        <line num="16" count="0" type="stmt"/>
        <line num="17" count="0" type="stmt"/>
        <line num="18" count="0" type="stmt"/>
        <line num="22" count="10" type="stmt"/>
      </file>
      <file name="formatter.js" path="/Users/xom9ik/Projects/Web/Node/verticals-backend/src/middlewares/formatter.js">
        <metrics statements="10" coveredstatements="10" conditionals="2" coveredconditionals="2" methods="3" coveredmethods="3"/>
        <line num="1" count="10" type="stmt"/>
        <line num="5" count="190" type="stmt"/>
        <line num="6" count="100" type="stmt"/>
        <line num="7" count="89" type="stmt"/>
        <line num="8" count="89" type="cond" truecount="2" falsecount="0"/>
        <line num="9" count="76" type="stmt"/>
        <line num="11" count="13" type="stmt"/>
        <line num="14" count="100" type="stmt"/>
        <line num="15" count="100" type="stmt"/>
        <line num="20" count="10" type="stmt"/>
      </file>
      <file name="index.js" path="/Users/xom9ik/Projects/Web/Node/verticals-backend/src/middlewares/index.js">
        <metrics statements="6" coveredstatements="6" conditionals="0" coveredconditionals="0" methods="0" coveredmethods="0"/>
        <line num="1" count="10" type="stmt"/>
        <line num="2" count="10" type="stmt"/>
        <line num="3" count="10" type="stmt"/>
        <line num="4" count="10" type="stmt"/>
        <line num="5" count="10" type="stmt"/>
        <line num="7" count="10" type="stmt"/>
      </file>
      <file name="schema-validator.js" path="/Users/xom9ik/Projects/Web/Node/verticals-backend/src/middlewares/schema-validator.js">
        <metrics statements="50" coveredstatements="46" conditionals="20" coveredconditionals="16" methods="16" coveredmethods="14"/>
        <line num="2" count="10" type="stmt"/>
        <line num="3" count="10" type="stmt"/>
        <line num="4" count="10" type="stmt"/>
        <line num="5" count="10" type="stmt"/>
        <line num="7" count="10" type="stmt"/>
        <line num="8" count="10" type="stmt"/>
        <line num="9" count="10" type="stmt"/>
        <line num="10" count="10" type="stmt"/>
        <line num="11" count="10" type="stmt"/>
        <line num="12" count="10" type="stmt"/>
        <line num="13" count="10" type="stmt"/>
        <line num="14" count="10" type="stmt"/>
        <line num="15" count="10" type="stmt"/>
        <line num="19" count="10" type="stmt"/>
        <line num="24" count="10" type="stmt"/>
        <line num="25" count="40" type="stmt"/>
        <line num="26" count="10" type="stmt"/>
        <line num="27" count="60" type="stmt"/>
        <line num="28" count="90" type="stmt"/>
        <line num="29" count="80" type="stmt"/>
        <line num="30" count="60" type="stmt"/>
        <line num="31" count="30" type="stmt"/>
        <line num="32" count="20" type="stmt"/>
        <line num="33" count="10" type="stmt"/>
        <line num="37" count="57" type="cond" truecount="1" falsecount="1"/>
        <line num="38" count="0" type="stmt"/>
        <line num="40" count="57" type="stmt"/>
        <line num="41" count="57" type="stmt"/>
        <line num="48" count="57" type="stmt"/>
        <line num="49" count="57" type="cond" truecount="2" falsecount="0"/>
        <line num="50" count="16" type="stmt"/>
        <line num="52" count="41" type="cond" truecount="2" falsecount="0"/>
        <line num="53" count="7" type="stmt"/>
        <line num="55" count="34" type="cond" truecount="2" falsecount="0"/>
        <line num="56" count="5" type="stmt"/>
        <line num="58" count="29" type="cond" truecount="2" falsecount="0"/>
        <line num="59" count="17" type="stmt"/>
        <line num="61" count="12" type="cond" truecount="2" falsecount="0"/>
        <line num="62" count="8" type="stmt"/>
        <line num="64" count="4" type="cond" truecount="1" falsecount="1"/>
        <line num="65" count="4" type="stmt"/>
        <line num="67" count="0" type="stmt"/>
        <line num="71" count="4592" type="stmt"/>
        <line num="72" count="4592" type="cond" truecount="2" falsecount="0"/>
        <line num="73" count="57" type="stmt"/>
        <line num="78" count="400" type="stmt"/>
        <line num="79" count="4592" type="cond" truecount="2" falsecount="0"/>
        <line num="84" count="0" type="stmt"/>
        <line num="85" count="0" type="cond" truecount="0" falsecount="2"/>
        <line num="90" count="10" type="stmt"/>
      </file>
    </package>
    <package name="verticals-backend.src.modules.auth">
      <metrics statements="73" coveredstatements="60" conditionals="12" coveredconditionals="8" methods="11" coveredmethods="9"/>
      <file name="adapter.js" path="/Users/xom9ik/Projects/Web/Node/verticals-backend/src/modules/auth/adapter.js">
        <metrics statements="18" coveredstatements="14" conditionals="0" coveredconditionals="0" methods="5" coveredmethods="4"/>
        <line num="1" count="10" type="stmt"/>
        <line num="2" count="10" type="stmt"/>
        <line num="6" count="206" type="stmt"/>
        <line num="10" count="205" type="stmt"/>
        <line num="18" count="10" type="stmt"/>
        <line num="19" count="10" type="stmt"/>
        <line num="22" count="9" type="stmt"/>
        <line num="30" count="5" type="stmt"/>
        <line num="31" count="5" type="stmt"/>
        <line num="34" count="2" type="stmt"/>
        <line num="38" count="2" type="stmt"/>
        <line num="39" count="2" type="stmt"/>
        <line num="40" count="2" type="stmt"/>
        <line num="44" count="0" type="stmt"/>
        <line num="45" count="0" type="stmt"/>
        <line num="46" count="0" type="stmt"/>
        <line num="47" count="0" type="stmt"/>
        <line num="51" count="10" type="stmt"/>
      </file>
      <file name="controller.js" path="/Users/xom9ik/Projects/Web/Node/verticals-backend/src/modules/auth/controller.js">
        <metrics statements="40" coveredstatements="31" conditionals="12" coveredconditionals="8" methods="5" coveredmethods="4"/>
        <line num="1" count="10" type="stmt"/>
        <line num="2" count="10" type="stmt"/>
        <line num="5" count="10" type="stmt"/>
        <line num="11" count="206" type="stmt"/>
        <line num="13" count="206" type="stmt"/>
        <line num="17" count="205" type="stmt"/>
        <line num="19" count="205" type="stmt"/>
        <line num="25" count="205" type="stmt"/>
        <line num="34" count="205" type="stmt"/>
        <line num="42" count="10" type="cond" truecount="2" falsecount="0"/>
        <line num="43" count="8" type="stmt"/>
        <line num="45" count="2" type="stmt"/>
        <line num="48" count="10" type="cond" truecount="1" falsecount="1"/>
        <line num="49" count="0" type="stmt"/>
        <line num="52" count="10" type="stmt"/>
        <line num="54" count="10" type="stmt"/>
        <line num="56" count="10" type="cond" truecount="2" falsecount="0"/>
        <line num="57" count="1" type="stmt"/>
        <line num="60" count="9" type="stmt"/>
        <line num="62" count="9" type="stmt"/>
        <line num="68" count="9" type="stmt"/>
        <line num="72" count="5" type="stmt"/>
        <line num="74" count="5" type="cond" truecount="2" falsecount="0"/>
        <line num="75" count="3" type="stmt"/>
        <line num="78" count="2" type="stmt"/>
        <line num="79" count="2" type="stmt"/>
        <line num="84" count="2" type="stmt"/>
        <line num="90" count="2" type="stmt"/>
        <line num="94" count="2" type="stmt"/>
        <line num="95" count="2" type="cond" truecount="1" falsecount="1"/>
        <line num="96" count="0" type="stmt"/>
        <line num="98" count="2" type="stmt"/>
        <line num="102" count="0" type="stmt"/>
        <line num="104" count="0" type="stmt"/>
        <line num="106" count="0" type="cond" truecount="0" falsecount="2"/>
        <line num="107" count="0" type="stmt"/>
        <line num="110" count="0" type="stmt"/>
        <line num="112" count="0" type="stmt"/>
        <line num="114" count="0" type="stmt"/>
        <line num="118" count="10" type="stmt"/>
      </file>
      <file name="route.js" path="/Users/xom9ik/Projects/Web/Node/verticals-backend/src/modules/auth/route.js">
        <metrics statements="10" coveredstatements="10" conditionals="0" coveredconditionals="0" methods="1" coveredmethods="1"/>
        <line num="1" count="10" type="stmt"/>
        <line num="6" count="10" type="stmt"/>
        <line num="7" count="10" type="stmt"/>
        <line num="237" count="10" type="stmt"/>
        <line num="239" count="10" type="stmt"/>
        <line num="249" count="10" type="stmt"/>
        <line num="257" count="10" type="stmt"/>
        <line num="265" count="10" type="stmt"/>
        <line num="273" count="10" type="stmt"/>
        <line num="283" count="10" type="stmt"/>
      </file>
      <file name="schemas.js" path="/Users/xom9ik/Projects/Web/Node/verticals-backend/src/modules/auth/schemas.js">
        <metrics statements="5" coveredstatements="5" conditionals="0" coveredconditionals="0" methods="0" coveredmethods="0"/>
        <line num="2" count="10" type="stmt"/>
        <line num="38" count="10" type="stmt"/>
        <line num="65" count="10" type="stmt"/>
        <line num="75" count="10" type="stmt"/>
        <line num="89" count="10" type="stmt"/>
      </file>
    </package>
    <package name="verticals-backend.src.modules.board">
      <metrics statements="92" coveredstatements="78" conditionals="14" coveredconditionals="8" methods="13" coveredmethods="11"/>
      <file name="adapter.js" path="/Users/xom9ik/Projects/Web/Node/verticals-backend/src/modules/board/adapter.js">
        <metrics statements="25" coveredstatements="21" conditionals="0" coveredconditionals="0" methods="6" coveredmethods="5"/>
        <line num="1" count="10" type="stmt"/>
        <line num="2" count="10" type="stmt"/>
        <line num="6" count="629" type="stmt"/>
        <line num="7" count="629" type="stmt"/>
        <line num="8" count="629" type="stmt"/>
        <line num="12" count="3" type="stmt"/>
        <line num="13" count="3" type="stmt"/>
        <line num="14" count="3" type="stmt"/>
        <line num="15" count="2" type="stmt"/>
        <line num="19" count="1" type="stmt"/>
        <line num="20" count="1" type="stmt"/>
        <line num="21" count="1" type="stmt"/>
        <line num="25" count="0" type="stmt"/>
        <line num="26" count="0" type="stmt"/>
        <line num="28" count="0" type="stmt"/>
        <line num="34" count="0" type="stmt"/>
        <line num="38" count="3" type="stmt"/>
        <line num="39" count="3" type="stmt"/>
        <line num="41" count="3" type="stmt"/>
        <line num="47" count="2" type="stmt"/>
        <line num="51" count="2" type="stmt"/>
        <line num="52" count="2" type="stmt"/>
        <line num="54" count="2" type="stmt"/>
        <line num="59" count="1" type="stmt"/>
        <line num="63" count="10" type="stmt"/>
      </file>
      <file name="controller.js" path="/Users/xom9ik/Projects/Web/Node/verticals-backend/src/modules/board/controller.js">
        <metrics statements="48" coveredstatements="38" conditionals="14" coveredconditionals="8" methods="6" coveredmethods="5"/>
        <line num="3" count="10" type="stmt"/>
        <line num="4" count="10" type="stmt"/>
        <line num="5" count="10" type="stmt"/>
        <line num="10" count="834" type="cond" truecount="1" falsecount="1"/>
        <line num="11" count="0" type="stmt"/>
        <line num="12" count="0" type="cond" truecount="0" falsecount="2"/>
        <line num="13" count="0" type="stmt"/>
        <line num="17" count="834" type="stmt"/>
        <line num="19" count="834" type="stmt"/>
        <line num="20" count="834" type="stmt"/>
        <line num="25" count="834" type="stmt"/>
        <line num="27" count="834" type="stmt"/>
        <line num="28" count="834" type="stmt"/>
        <line num="30" count="834" type="stmt"/>
        <line num="34" count="3" type="stmt"/>
        <line num="36" count="3" type="cond" truecount="2" falsecount="0"/>
        <line num="37" count="1" type="stmt"/>
        <line num="40" count="2" type="stmt"/>
        <line num="41" count="2" type="stmt"/>
        <line num="43" count="2" type="stmt"/>
        <line num="50" count="2" type="stmt"/>
        <line num="52" count="2" type="cond" truecount="1" falsecount="1"/>
        <line num="53" count="0" type="stmt"/>
        <line num="56" count="2" type="stmt"/>
        <line num="57" count="2" type="stmt"/>
        <line num="59" count="2" type="stmt"/>
        <line num="67" count="0" type="stmt"/>
        <line num="69" count="0" type="cond" truecount="0" falsecount="2"/>
        <line num="70" count="0" type="stmt"/>
        <line num="73" count="0" type="stmt"/>
        <line num="77" count="0" type="stmt"/>
        <line num="79" count="0" type="stmt"/>
        <line num="83" count="3" type="stmt"/>
        <line num="85" count="3" type="cond" truecount="2" falsecount="0"/>
        <line num="86" count="1" type="stmt"/>
        <line num="89" count="2" type="stmt"/>
        <line num="90" count="2" type="stmt"/>
        <line num="94" count="2" type="stmt"/>
        <line num="96" count="2" type="stmt"/>
        <line num="98" count="2" type="cond" truecount="2" falsecount="0"/>
        <line num="99" count="1" type="stmt"/>
        <line num="102" count="1" type="stmt"/>
        <line num="103" count="1" type="stmt"/>
        <line num="104" count="1" type="stmt"/>
        <line num="105" count="1" type="stmt"/>
        <line num="106" count="1" type="stmt"/>
        <line num="108" count="1" type="stmt"/>
        <line num="112" count="10" type="stmt"/>
      </file>
      <file name="route.js" path="/Users/xom9ik/Projects/Web/Node/verticals-backend/src/modules/board/route.js">
        <metrics statements="11" coveredstatements="11" conditionals="0" coveredconditionals="0" methods="1" coveredmethods="1"/>
        <line num="1" count="10" type="stmt"/>
        <line num="7" count="10" type="stmt"/>
        <line num="9" count="10" type="stmt"/>
        <line num="269" count="10" type="stmt"/>
        <line num="271" count="10" type="stmt"/>
        <line num="282" count="10" type="stmt"/>
        <line num="294" count="10" type="stmt"/>
        <line num="304" count="10" type="stmt"/>
        <line num="315" count="10" type="stmt"/>
        <line num="328" count="10" type="stmt"/>
        <line num="340" count="10" type="stmt"/>
      </file>
      <file name="schemas.js" path="/Users/xom9ik/Projects/Web/Node/verticals-backend/src/modules/board/schemas.js">
        <metrics statements="8" coveredstatements="8" conditionals="0" coveredconditionals="0" methods="0" coveredmethods="0"/>
        <line num="1" count="10" type="stmt"/>
        <line num="4" count="10" type="stmt"/>
        <line num="38" count="10" type="stmt"/>
        <line num="49" count="10" type="stmt"/>
        <line num="64" count="10" type="stmt"/>
        <line num="105" count="10" type="stmt"/>
        <line num="116" count="10" type="stmt"/>
        <line num="128" count="10" type="stmt"/>
      </file>
    </package>
    <package name="verticals-backend.src.modules.column">
      <metrics statements="159" coveredstatements="104" conditionals="34" coveredconditionals="20" methods="21" coveredmethods="12"/>
      <file name="adapter.js" path="/Users/xom9ik/Projects/Web/Node/verticals-backend/src/modules/column/adapter.js">
        <metrics statements="34" coveredstatements="22" conditionals="0" coveredconditionals="0" methods="8" coveredmethods="5"/>
        <line num="1" count="10" type="stmt"/>
        <line num="2" count="10" type="stmt"/>
        <line num="6" count="871" type="stmt"/>
        <line num="8" count="871" type="stmt"/>
        <line num="10" count="870" type="stmt"/>
        <line num="14" count="3" type="stmt"/>
        <line num="15" count="3" type="stmt"/>
        <line num="17" count="3" type="stmt"/>
        <line num="19" count="2" type="stmt"/>
        <line num="23" count="4" type="stmt"/>
        <line num="24" count="4" type="stmt"/>
        <line num="26" count="4" type="stmt"/>
        <line num="28" count="3" type="stmt"/>
        <line num="32" count="0" type="stmt"/>
        <line num="33" count="0" type="stmt"/>
        <line num="35" count="0" type="stmt"/>
        <line num="42" count="0" type="stmt"/>
        <line num="46" count="4" type="stmt"/>
        <line num="47" count="4" type="stmt"/>
        <line num="49" count="4" type="stmt"/>
        <line num="55" count="2" type="stmt"/>
        <line num="59" count="0" type="stmt"/>
        <line num="60" count="0" type="stmt"/>
        <line num="62" count="0" type="stmt"/>
        <line num="64" count="0" type="stmt"/>
        <line num="68" count="0" type="stmt"/>
        <line num="69" count="0" type="stmt"/>
        <line num="71" count="0" type="stmt"/>
        <line num="76" count="0" type="stmt"/>
        <line num="80" count="3" type="stmt"/>
        <line num="81" count="3" type="stmt"/>
        <line num="83" count="3" type="stmt"/>
        <line num="88" count="2" type="stmt"/>
        <line num="92" count="10" type="stmt"/>
      </file>
      <file name="controller.js" path="/Users/xom9ik/Projects/Web/Node/verticals-backend/src/modules/column/controller.js">
        <metrics statements="101" coveredstatements="58" conditionals="34" coveredconditionals="20" methods="12" coveredmethods="6"/>
        <line num="4" count="10" type="stmt"/>
        <line num="5" count="10" type="stmt"/>
        <line num="6" count="10" type="stmt"/>
        <line num="7" count="10" type="stmt"/>
        <line num="12" count="871" type="cond" truecount="1" falsecount="1"/>
        <line num="13" count="0" type="stmt"/>
        <line num="14" count="0" type="cond" truecount="0" falsecount="2"/>
        <line num="15" count="0" type="stmt"/>
        <line num="19" count="871" type="stmt"/>
        <line num="20" count="871" type="stmt"/>
        <line num="22" count="871" type="cond" truecount="2" falsecount="0"/>
        <line num="23" count="1" type="stmt"/>
        <line num="26" count="870" type="stmt"/>
        <line num="27" count="870" type="stmt"/>
        <line num="28" count="870" type="stmt"/>
        <line num="33" count="870" type="stmt"/>
        <line num="35" count="870" type="stmt"/>
        <line num="37" count="870" type="stmt"/>
        <line num="41" count="3" type="stmt"/>
        <line num="43" count="3" type="cond" truecount="2" falsecount="0"/>
        <line num="44" count="1" type="stmt"/>
        <line num="47" count="2" type="stmt"/>
        <line num="49" count="2" type="stmt"/>
        <line num="51" count="2" type="stmt"/>
        <line num="53" count="2" type="stmt"/>
        <line num="62" count="5" type="cond" truecount="2" falsecount="0"/>
        <line num="63" count="2" type="stmt"/>
        <line num="64" count="2" type="cond" truecount="2" falsecount="0"/>
        <line num="65" count="1" type="stmt"/>
        <line num="67" count="1" type="stmt"/>
        <line num="69" count="3" type="stmt"/>
        <line num="72" count="4" type="cond" truecount="1" falsecount="1"/>
        <line num="73" count="0" type="stmt"/>
        <line num="76" count="4" type="stmt"/>
        <line num="78" count="4" type="cond" truecount="2" falsecount="0"/>
        <line num="79" count="1" type="stmt"/>
        <line num="80" count="1" type="stmt"/>
        <line num="88" count="3" type="stmt"/>
        <line num="90" count="3" type="stmt"/>
        <line num="91" count="15" type="stmt"/>
        <line num="97" count="3" type="stmt"/>
        <line num="107" count="0" type="stmt"/>
        <line num="109" count="0" type="cond" truecount="0" falsecount="2"/>
        <line num="110" count="0" type="stmt"/>
        <line num="113" count="0" type="stmt"/>
        <line num="115" count="0" type="cond" truecount="0" falsecount="2"/>
        <line num="116" count="0" type="stmt"/>
        <line num="119" count="0" type="stmt"/>
        <line num="123" count="0" type="stmt"/>
        <line num="125" count="0" type="stmt"/>
        <line num="129" count="4" type="stmt"/>
        <line num="131" count="4" type="cond" truecount="2" falsecount="0"/>
        <line num="132" count="1" type="stmt"/>
        <line num="135" count="3" type="stmt"/>
        <line num="136" count="3" type="cond" truecount="1" falsecount="1"/>
        <line num="137" count="3" type="stmt"/>
        <line num="138" count="3" type="cond" truecount="2" falsecount="0"/>
        <line num="139" count="1" type="stmt"/>
        <line num="143" count="2" type="stmt"/>
        <line num="145" count="2" type="cond" truecount="1" falsecount="1"/>
        <line num="146" count="0" type="stmt"/>
        <line num="149" count="2" type="stmt"/>
        <line num="154" count="0" type="stmt"/>
        <line num="156" count="0" type="cond" truecount="0" falsecount="2"/>
        <line num="157" count="0" type="stmt"/>
        <line num="160" count="0" type="stmt"/>
        <line num="165" count="0" type="stmt"/>
        <line num="167" count="0" type="stmt"/>
        <line num="168" count="0" type="stmt"/>
        <line num="170" count="0" type="stmt"/>
        <line num="171" count="0" type="stmt"/>
        <line num="172" count="0" type="stmt"/>
        <line num="173" count="0" type="stmt"/>
        <line num="176" count="0" type="stmt"/>
        <line num="177" count="0" type="stmt"/>
        <line num="178" count="0" type="stmt"/>
        <line num="179" count="0" type="stmt"/>
        <line num="180" count="0" type="stmt"/>
        <line num="181" count="0" type="stmt"/>
        <line num="182" count="0" type="stmt"/>
        <line num="185" count="0" type="stmt"/>
        <line num="186" count="0" type="stmt"/>
        <line num="189" count="0" type="stmt"/>
        <line num="191" count="0" type="stmt"/>
        <line num="201" count="0" type="stmt"/>
        <line num="203" count="0" type="cond" truecount="0" falsecount="2"/>
        <line num="204" count="0" type="stmt"/>
        <line num="207" count="0" type="stmt"/>
        <line num="209" count="0" type="stmt"/>
        <line num="211" count="0" type="stmt"/>
        <line num="213" count="0" type="stmt"/>
        <line num="217" count="3" type="stmt"/>
        <line num="219" count="3" type="cond" truecount="2" falsecount="0"/>
        <line num="220" count="1" type="stmt"/>
        <line num="223" count="2" type="stmt"/>
        <line num="224" count="2" type="stmt"/>
        <line num="225" count="2" type="stmt"/>
        <line num="226" count="2" type="stmt"/>
        <line num="227" count="2" type="stmt"/>
        <line num="229" count="2" type="stmt"/>
        <line num="233" count="10" type="stmt"/>
      </file>
      <file name="route.js" path="/Users/xom9ik/Projects/Web/Node/verticals-backend/src/modules/column/route.js">
        <metrics statements="13" coveredstatements="13" conditionals="0" coveredconditionals="0" methods="1" coveredmethods="1"/>
        <line num="1" count="10" type="stmt"/>
        <line num="7" count="10" type="stmt"/>
        <line num="9" count="10" type="stmt"/>
        <line num="278" count="10" type="stmt"/>
        <line num="280" count="10" type="stmt"/>
        <line num="291" count="10" type="stmt"/>
        <line num="303" count="10" type="stmt"/>
        <line num="315" count="10" type="stmt"/>
        <line num="326" count="10" type="stmt"/>
        <line num="339" count="10" type="stmt"/>
        <line num="350" count="10" type="stmt"/>
        <line num="361" count="10" type="stmt"/>
        <line num="373" count="10" type="stmt"/>
      </file>
      <file name="schemas.js" path="/Users/xom9ik/Projects/Web/Node/verticals-backend/src/modules/column/schemas.js">
        <metrics statements="11" coveredstatements="11" conditionals="0" coveredconditionals="0" methods="0" coveredmethods="0"/>
        <line num="1" count="10" type="stmt"/>
        <line num="4" count="10" type="stmt"/>
        <line num="39" count="10" type="stmt"/>
        <line num="50" count="10" type="stmt"/>
        <line num="60" count="10" type="stmt"/>
        <line num="79" count="10" type="stmt"/>
        <line num="122" count="10" type="stmt"/>
        <line num="133" count="10" type="stmt"/>
        <line num="144" count="10" type="stmt"/>
        <line num="155" count="10" type="stmt"/>
        <line num="167" count="10" type="stmt"/>
      </file>
    </package>
    <package name="verticals-backend.src.modules.comment">
      <metrics statements="92" coveredstatements="85" conditionals="30" coveredconditionals="24" methods="13" coveredmethods="12"/>
      <file name="adapter.js" path="/Users/xom9ik/Projects/Web/Node/verticals-backend/src/modules/comment/adapter.js">
        <metrics statements="22" coveredstatements="22" conditionals="0" coveredconditionals="0" methods="5" coveredmethods="5"/>
        <line num="1" count="10" type="stmt"/>
        <line num="2" count="10" type="stmt"/>
        <line num="6" count="1186" type="stmt"/>
        <line num="7" count="1186" type="stmt"/>
        <line num="8" count="1185" type="stmt"/>
        <line num="12" count="3" type="stmt"/>
        <line num="13" count="3" type="stmt"/>
        <line num="14" count="3" type="stmt"/>
        <line num="15" count="2" type="stmt"/>
        <line num="19" count="7" type="stmt"/>
        <line num="20" count="7" type="stmt"/>
        <line num="21" count="7" type="stmt"/>
        <line num="24" count="5" type="stmt"/>
        <line num="28" count="3" type="stmt"/>
        <line num="29" count="3" type="stmt"/>
        <line num="31" count="3" type="stmt"/>
        <line num="37" count="2" type="stmt"/>
        <line num="41" count="3" type="stmt"/>
        <line num="42" count="3" type="stmt"/>
        <line num="44" count="3" type="stmt"/>
        <line num="49" count="2" type="stmt"/>
        <line num="53" count="10" type="stmt"/>
      </file>
      <file name="controller.js" path="/Users/xom9ik/Projects/Web/Node/verticals-backend/src/modules/comment/controller.js">
        <metrics statements="53" coveredstatements="46" conditionals="30" coveredconditionals="24" methods="7" coveredmethods="6"/>
        <line num="1" count="10" type="stmt"/>
        <line num="2" count="10" type="stmt"/>
        <line num="6" count="1186" type="stmt"/>
        <line num="7" count="1186" type="stmt"/>
        <line num="9" count="1186" type="cond" truecount="2" falsecount="0"/>
        <line num="10" count="1" type="stmt"/>
        <line num="13" count="1185" type="stmt"/>
        <line num="14" count="1185" type="stmt"/>
        <line num="18" count="3" type="stmt"/>
        <line num="20" count="3" type="cond" truecount="2" falsecount="0"/>
        <line num="21" count="1" type="stmt"/>
        <line num="24" count="2" type="stmt"/>
        <line num="25" count="2" type="stmt"/>
        <line num="33" count="7" type="cond" truecount="2" falsecount="0"/>
        <line num="34" count="1" type="stmt"/>
        <line num="35" count="1" type="cond" truecount="1" falsecount="1"/>
        <line num="36" count="0" type="stmt"/>
        <line num="38" count="1" type="stmt"/>
        <line num="40" count="6" type="stmt"/>
        <line num="43" count="7" type="cond" truecount="1" falsecount="1"/>
        <line num="44" count="0" type="stmt"/>
        <line num="48" count="7" type="cond" truecount="2" falsecount="0"/>
        <line num="49" count="2" type="stmt"/>
        <line num="50" count="2" type="cond" truecount="2" falsecount="0"/>
        <line num="51" count="1" type="stmt"/>
        <line num="53" count="1" type="stmt"/>
        <line num="54" count="5" type="cond" truecount="2" falsecount="0"/>
        <line num="55" count="2" type="stmt"/>
        <line num="56" count="2" type="cond" truecount="2" falsecount="0"/>
        <line num="57" count="1" type="stmt"/>
        <line num="59" count="1" type="stmt"/>
        <line num="61" count="3" type="stmt"/>
        <line num="65" count="5" type="stmt"/>
        <line num="67" count="0" type="cond" truecount="2" falsecount="0"/>
        <line num="72" count="5" type="stmt"/>
        <line num="76" count="3" type="stmt"/>
        <line num="78" count="3" type="cond" truecount="2" falsecount="0"/>
        <line num="79" count="1" type="stmt"/>
        <line num="82" count="2" type="stmt"/>
        <line num="84" count="2" type="cond" truecount="1" falsecount="1"/>
        <line num="85" count="0" type="stmt"/>
        <line num="86" count="0" type="cond" truecount="0" falsecount="2"/>
        <line num="87" count="0" type="stmt"/>
        <line num="91" count="2" type="stmt"/>
        <line num="93" count="2" type="cond" truecount="1" falsecount="1"/>
        <line num="94" count="0" type="stmt"/>
        <line num="97" count="2" type="stmt"/>
        <line num="101" count="3" type="stmt"/>
        <line num="103" count="3" type="cond" truecount="2" falsecount="0"/>
        <line num="104" count="1" type="stmt"/>
        <line num="107" count="2" type="stmt"/>
        <line num="108" count="2" type="stmt"/>
        <line num="112" count="10" type="stmt"/>
      </file>
      <file name="route.js" path="/Users/xom9ik/Projects/Web/Node/verticals-backend/src/modules/comment/route.js">
        <metrics statements="10" coveredstatements="10" conditionals="0" coveredconditionals="0" methods="1" coveredmethods="1"/>
        <line num="1" count="10" type="stmt"/>
        <line num="7" count="10" type="stmt"/>
        <line num="9" count="10" type="stmt"/>
        <line num="256" count="10" type="stmt"/>
        <line num="258" count="10" type="stmt"/>
        <line num="269" count="10" type="stmt"/>
        <line num="281" count="10" type="stmt"/>
        <line num="293" count="10" type="stmt"/>
        <line num="306" count="10" type="stmt"/>
        <line num="318" count="10" type="stmt"/>
      </file>
      <file name="schemas.js" path="/Users/xom9ik/Projects/Web/Node/verticals-backend/src/modules/comment/schemas.js">
        <metrics statements="7" coveredstatements="7" conditionals="0" coveredconditionals="0" methods="0" coveredmethods="0"/>
        <line num="2" count="10" type="stmt"/>
        <line num="22" count="10" type="stmt"/>
        <line num="33" count="10" type="stmt"/>
        <line num="48" count="10" type="stmt"/>
        <line num="60" count="10" type="stmt"/>
        <line num="71" count="10" type="stmt"/>
        <line num="83" count="10" type="stmt"/>
      </file>
    </package>
    <package name="verticals-backend.src.modules.comment-attachment">
      <metrics statements="62" coveredstatements="49" conditionals="18" coveredconditionals="8" methods="8" coveredmethods="8"/>
      <file name="adapter.js" path="/Users/xom9ik/Projects/Web/Node/verticals-backend/src/modules/comment-attachment/adapter.js">
        <metrics statements="15" coveredstatements="15" conditionals="0" coveredconditionals="0" methods="3" coveredmethods="3"/>
        <line num="1" count="10" type="stmt"/>
        <line num="2" count="10" type="stmt"/>
        <line num="6" count="8" type="stmt"/>
        <line num="7" count="8" type="stmt"/>
        <line num="8" count="8" type="stmt"/>
        <line num="9" count="7" type="stmt"/>
        <line num="13" count="1" type="stmt"/>
        <line num="14" count="1" type="stmt"/>
        <line num="15" count="1" type="stmt"/>
        <line num="18" count="1" type="stmt"/>
        <line num="22" count="3" type="stmt"/>
        <line num="23" count="3" type="stmt"/>
        <line num="24" count="3" type="stmt"/>
        <line num="25" count="2" type="stmt"/>
        <line num="29" count="10" type="stmt"/>
      </file>
      <file name="controller.js" path="/Users/xom9ik/Projects/Web/Node/verticals-backend/src/modules/comment-attachment/controller.js">
        <metrics statements="35" coveredstatements="22" conditionals="18" coveredconditionals="8" methods="4" coveredmethods="4"/>
        <line num="1" count="10" type="stmt"/>
        <line num="2" count="10" type="stmt"/>
        <line num="6" count="8" type="stmt"/>
        <line num="8" count="8" type="cond" truecount="2" falsecount="0"/>
        <line num="9" count="1" type="stmt"/>
        <line num="12" count="7" type="stmt"/>
        <line num="14" count="7" type="stmt"/>
        <line num="16" count="7" type="stmt"/>
        <line num="21" count="7" type="stmt"/>
        <line num="36" count="1" type="cond" truecount="1" falsecount="1"/>
        <line num="37" count="0" type="stmt"/>
        <line num="38" count="0" type="cond" truecount="0" falsecount="2"/>
        <line num="39" count="0" type="stmt"/>
        <line num="41" count="0" type="stmt"/>
        <line num="43" count="1" type="stmt"/>
        <line num="46" count="1" type="cond" truecount="1" falsecount="1"/>
        <line num="47" count="0" type="stmt"/>
        <line num="51" count="1" type="cond" truecount="1" falsecount="1"/>
        <line num="52" count="0" type="stmt"/>
        <line num="53" count="0" type="cond" truecount="0" falsecount="2"/>
        <line num="54" count="0" type="stmt"/>
        <line num="56" count="0" type="stmt"/>
        <line num="57" count="1" type="cond" truecount="1" falsecount="1"/>
        <line num="58" count="0" type="stmt"/>
        <line num="59" count="0" type="cond" truecount="0" falsecount="2"/>
        <line num="60" count="0" type="stmt"/>
        <line num="62" count="0" type="stmt"/>
        <line num="64" count="1" type="stmt"/>
        <line num="67" count="1" type="stmt"/>
        <line num="74" count="3" type="stmt"/>
        <line num="76" count="3" type="cond" truecount="2" falsecount="0"/>
        <line num="77" count="1" type="stmt"/>
        <line num="80" count="2" type="stmt"/>
        <line num="82" count="2" type="stmt"/>
        <line num="86" count="10" type="stmt"/>
      </file>
      <file name="route.js" path="/Users/xom9ik/Projects/Web/Node/verticals-backend/src/modules/comment-attachment/route.js">
        <metrics statements="8" coveredstatements="8" conditionals="0" coveredconditionals="0" methods="1" coveredmethods="1"/>
        <line num="1" count="10" type="stmt"/>
        <line num="8" count="10" type="stmt"/>
        <line num="10" count="10" type="stmt"/>
        <line num="109" count="10" type="stmt"/>
        <line num="111" count="10" type="stmt"/>
        <line num="124" count="10" type="stmt"/>
        <line num="136" count="10" type="stmt"/>
        <line num="148" count="10" type="stmt"/>
      </file>
      <file name="schemas.js" path="/Users/xom9ik/Projects/Web/Node/verticals-backend/src/modules/comment-attachment/schemas.js">
        <metrics statements="4" coveredstatements="4" conditionals="0" coveredconditionals="0" methods="0" coveredmethods="0"/>
        <line num="2" count="10" type="stmt"/>
        <line num="13" count="10" type="stmt"/>
        <line num="28" count="10" type="stmt"/>
        <line num="40" count="10" type="stmt"/>
      </file>
    </package>
    <package name="verticals-backend.src.modules.comment-like">
      <metrics statements="41" coveredstatements="37" conditionals="8" coveredconditionals="4" methods="5" coveredmethods="5"/>
      <file name="adapter.js" path="/Users/xom9ik/Projects/Web/Node/verticals-backend/src/modules/comment-like/adapter.js">
        <metrics statements="11" coveredstatements="11" conditionals="0" coveredconditionals="0" methods="2" coveredmethods="2"/>
        <line num="1" count="10" type="stmt"/>
        <line num="2" count="10" type="stmt"/>
        <line num="6" count="2" type="stmt"/>
        <line num="7" count="2" type="stmt"/>
        <line num="9" count="2" type="stmt"/>
        <line num="11" count="2" type="stmt"/>
        <line num="15" count="1" type="stmt"/>
        <line num="16" count="1" type="stmt"/>
        <line num="18" count="1" type="stmt"/>
        <line num="20" count="1" type="stmt"/>
        <line num="24" count="10" type="stmt"/>
      </file>
      <file name="controller.js" path="/Users/xom9ik/Projects/Web/Node/verticals-backend/src/modules/comment-like/controller.js">
        <metrics statements="20" coveredstatements="16" conditionals="8" coveredconditionals="4" methods="2" coveredmethods="2"/>
        <line num="1" count="10" type="stmt"/>
        <line num="2" count="10" type="stmt"/>
        <line num="7" count="2" type="stmt"/>
        <line num="9" count="2" type="cond" truecount="1" falsecount="1"/>
[...]
        <line num="3" count="10" type="stmt"/>
        <line num="4" count="10" type="stmt"/>
        <line num="5" count="10" type="stmt"/>
        <line num="6" count="10" type="stmt"/>
        <line num="8" count="10" type="stmt"/>
        <line num="15" count="36851" type="stmt"/>
        <line num="19" count="100" type="stmt"/>
        <line num="23" count="269840" type="cond" truecount="2" falsecount="0"/>
        <line num="24" count="45010" type="stmt"/>
        <line num="26" count="228714" type="cond" truecount="2" falsecount="0"/>
        <line num="27" count="9043" type="stmt"/>
        <line num="29" count="219671" type="cond" truecount="2" falsecount="0"/>
        <line num="30" count="46367" type="stmt"/>
        <line num="31" count="46367" type="cond" truecount="2" falsecount="0"/>
        <line num="32" count="187790" type="stmt"/>
        <line num="34" count="187879" type="stmt"/>
        <line num="36" count="173304" type="cond" truecount="2" falsecount="0"/>
        <line num="37" count="89" type="stmt"/>
        <line num="39" count="173215" type="stmt"/>
        <line num="43" count="10" type="stmt"/>
      </file>
      <file name="formatter.js" path="/Users/xom9ik/Projects/Web/Node/verticals-backend/src/utils/formatter.js">
        <metrics statements="7" coveredstatements="6" conditionals="0" coveredconditionals="0" methods="3" coveredmethods="2"/>
        <line num="1" count="10" type="stmt"/>
        <line num="2" count="10" type="stmt"/>
        <line num="3" count="10" type="stmt"/>
        <line num="7" count="36851" type="stmt"/>
        <line num="11" count="0" type="stmt"/>
        <line num="15" count="116843" type="stmt"/>
        <line num="19" count="10" type="stmt"/>
      </file>
      <file name="index.js" path="/Users/xom9ik/Projects/Web/Node/verticals-backend/src/utils/index.js">
        <metrics statements="3" coveredstatements="3" conditionals="0" coveredconditionals="0" methods="0" coveredmethods="0"/>
        <line num="1" count="10" type="stmt"/>
        <line num="2" count="10" type="stmt"/>
        <line num="4" count="10" type="stmt"/>
      </file>
    </package>
    <package name="verticals-backend.tests">
      <metrics statements="22" coveredstatements="18" conditionals="0" coveredconditionals="0" methods="9" coveredmethods="7"/>
      <file name="routes.js" path="/Users/xom9ik/Projects/Web/Node/verticals-backend/tests/routes.js">
        <metrics statements="2" coveredstatements="2" conditionals="0" coveredconditionals="0" methods="0" coveredmethods="0"/>
        <line num="1" count="10" type="stmt"/>
        <line num="13" count="10" type="stmt"/>
      </file>
      <file name="ws.js" path="/Users/xom9ik/Projects/Web/Node/verticals-backend/tests/ws.js">
        <metrics statements="20" coveredstatements="16" conditionals="0" coveredconditionals="0" methods="9" coveredmethods="7"/>
        <line num="1" count="1" type="stmt"/>
        <line num="2" count="1" type="stmt"/>
        <line num="6" count="13" type="stmt"/>
        <line num="7" count="13" type="stmt"/>
        <line num="11" count="13" type="stmt"/>
        <line num="15" count="13" type="stmt"/>
        <line num="19" count="13" type="stmt"/>
        <line num="20" count="13" type="stmt"/>
        <line num="21" count="13" type="stmt"/>
        <line num="25" count="13" type="stmt"/>
        <line num="29" count="13" type="stmt"/>
        <line num="30" count="13" type="stmt"/>
        <line num="32" count="13" type="stmt"/>
        <line num="36" count="0" type="stmt"/>
        <line num="37" count="0" type="stmt"/>
        <line num="41" count="13" type="stmt"/>
        <line num="42" count="13" type="stmt"/>
        <line num="46" count="0" type="stmt"/>
        <line num="47" count="0" type="stmt"/>
        <line num="51" count="1" type="stmt"/>
      </file>
    </package>
    <package name="verticals-backend.tests.generator">
      <metrics statements="54" coveredstatements="50" conditionals="0" coveredconditionals="0" methods="35" coveredmethods="31"/>
      <file name="auth.js" path="/Users/xom9ik/Projects/Web/Node/verticals-backend/tests/generator/auth.js">
        <metrics statements="6" coveredstatements="6" conditionals="0" coveredconditionals="0" methods="4" coveredmethods="4"/>
        <line num="1" count="10" type="stmt"/>
        <line num="5" count="2" type="stmt"/>
        <line num="9" count="1" type="stmt"/>
        <line num="13" count="1" type="stmt"/>
        <line num="17" count="1" type="stmt"/>
        <line num="21" count="10" type="stmt"/>
      </file>
      <file name="board.js" path="/Users/xom9ik/Projects/Web/Node/verticals-backend/tests/generator/board.js">
        <metrics statements="10" coveredstatements="8" conditionals="0" coveredconditionals="0" methods="8" coveredmethods="6"/>
        <line num="1" count="10" type="stmt"/>
        <line num="5" count="645" type="stmt"/>
        <line num="15" count="1" type="stmt"/>
        <line num="19" count="2" type="stmt"/>
        <line num="23" count="0" type="stmt"/>
        <line num="27" count="1" type="stmt"/>
        <line num="31" count="2" type="stmt"/>
        <line num="35" count="0" type="stmt"/>
        <line num="39" count="1" type="stmt"/>
        <line num="43" count="10" type="stmt"/>
      </file>
      <file name="column.js" path="/Users/xom9ik/Projects/Web/Node/verticals-backend/tests/generator/column.js">
        <metrics statements="8" coveredstatements="7" conditionals="0" coveredconditionals="0" methods="6" coveredmethods="5"/>
        <line num="1" count="10" type="stmt"/>
        <line num="5" count="886" type="stmt"/>
        <line num="16" count="1" type="stmt"/>
        <line num="20" count="2" type="stmt"/>
        <line num="24" count="0" type="stmt"/>
        <line num="28" count="1" type="stmt"/>
        <line num="32" count="1" type="stmt"/>
        <line num="36" count="10" type="stmt"/>
      </file>
      <file name="comment.js" path="/Users/xom9ik/Projects/Web/Node/verticals-backend/tests/generator/comment.js">
        <metrics statements="5" coveredstatements="5" conditionals="0" coveredconditionals="0" methods="3" coveredmethods="3"/>
        <line num="1" count="10" type="stmt"/>
        <line num="5" count="1194" type="stmt"/>
        <line num="13" count="1" type="stmt"/>
        <line num="17" count="1" type="stmt"/>
        <line num="21" count="10" type="stmt"/>
      </file>
      <file name="index.js" path="/Users/xom9ik/Projects/Web/Node/verticals-backend/tests/generator/index.js">
        <metrics statements="7" coveredstatements="7" conditionals="0" coveredconditionals="0" methods="0" coveredmethods="0"/>
        <line num="1" count="10" type="stmt"/>
        <line num="2" count="10" type="stmt"/>
        <line num="3" count="10" type="stmt"/>
        <line num="4" count="10" type="stmt"/>
        <line num="5" count="10" type="stmt"/>
        <line num="6" count="10" type="stmt"/>
        <line num="8" count="10" type="stmt"/>
      </file>
      <file name="todo.js" path="/Users/xom9ik/Projects/Web/Node/verticals-backend/tests/generator/todo.js">
        <metrics statements="8" coveredstatements="7" conditionals="0" coveredconditionals="0" methods="6" coveredmethods="5"/>
        <line num="1" count="10" type="stmt"/>
        <line num="5" count="1524" type="stmt"/>
        <line num="18" count="1" type="stmt"/>
        <line num="22" count="2" type="stmt"/>
        <line num="26" count="0" type="stmt"/>
        <line num="30" count="1" type="stmt"/>
        <line num="34" count="1" type="stmt"/>
        <line num="38" count="10" type="stmt"/>
      </file>
      <file name="user.js" path="/Users/xom9ik/Projects/Web/Node/verticals-backend/tests/generator/user.js">
        <metrics statements="10" coveredstatements="10" conditionals="0" coveredconditionals="0" methods="8" coveredmethods="8"/>
        <line num="1" count="10" type="stmt"/>
        <line num="5" count="221" type="stmt"/>
        <line num="15" count="1" type="stmt"/>
        <line num="19" count="1" type="stmt"/>
        <line num="23" count="1" type="stmt"/>
        <line num="27" count="1" type="stmt"/>
        <line num="31" count="1" type="stmt"/>
        <line num="35" count="1" type="stmt"/>
        <line num="39" count="1" type="stmt"/>
        <line num="43" count="10" type="stmt"/>
      </file>
    </package>
    <package name="verticals-backend.tests.helper">
      <metrics statements="79" coveredstatements="71" conditionals="23" coveredconditionals="19" methods="10" coveredmethods="10"/>
      <file name="index.js" path="/Users/xom9ik/Projects/Web/Node/verticals-backend/tests/helper/index.js">
        <metrics statements="79" coveredstatements="71" conditionals="23" coveredconditionals="19" methods="10" coveredmethods="10"/>
        <line num="2" count="8" type="stmt"/>
        <line num="3" count="8" type="stmt"/>
        <line num="4" count="8" type="stmt"/>
        <line num="5" count="8" type="stmt"/>
        <line num="6" count="8" type="stmt"/>
        <line num="7" count="8" type="stmt"/>
        <line num="11" count="8" type="stmt"/>
        <line num="15" count="1" type="stmt"/>
        <line num="19" count="190" type="stmt"/>
        <line num="20" count="190" type="stmt"/>
        <line num="22" count="190" type="cond" truecount="1" falsecount="1"/>
        <line num="23" count="0" type="stmt"/>
        <line num="24" count="0" type="stmt"/>
        <line num="27" count="190" type="stmt"/>
        <line num="29" count="190" type="stmt"/>
        <line num="30" count="190" type="cond" truecount="2" falsecount="0"/>
        <line num="31" count="150" type="stmt"/>
        <line num="36" count="189" type="stmt"/>
        <line num="42" count="153" type="stmt"/>
        <line num="43" count="153" type="stmt"/>
        <line num="44" count="609" type="stmt"/>
        <line num="45" count="609" type="stmt"/>
        <line num="46" count="609" type="stmt"/>
        <line num="47" count="609" type="stmt"/>
        <line num="48" count="609" type="cond" truecount="2" falsecount="0"/>
        <line num="49" count="1" type="stmt"/>
        <line num="50" count="1" type="stmt"/>
        <line num="54" count="608" type="stmt"/>
        <line num="55" count="608" type="cond" truecount="2" falsecount="0"/>
        <line num="56" count="444" type="stmt"/>
        <line num="62" count="608" type="stmt"/>
        <line num="67" count="152" type="stmt"/>
        <line num="73" count="445" type="stmt"/>
        <line num="74" count="445" type="stmt"/>
        <line num="75" count="841" type="stmt"/>
        <line num="76" count="841" type="stmt"/>
        <line num="77" count="841" type="stmt"/>
        <line num="78" count="841" type="cond" truecount="1" falsecount="1"/>
        <line num="79" count="0" type="stmt"/>
        <line num="80" count="0" type="stmt"/>
        <line num="84" count="841" type="stmt"/>
        <line num="85" count="841" type="stmt"/>
        <line num="86" count="841" type="cond" truecount="2" falsecount="0"/>
        <line num="87" count="512" type="stmt"/>
        <line num="94" count="841" type="stmt"/>
        <line num="100" count="444" type="stmt"/>
        <line num="106" count="512" type="stmt"/>
        <line num="107" count="512" type="stmt"/>
        <line num="108" count="1472" type="stmt"/>
        <line num="109" count="1472" type="stmt"/>
        <line num="110" count="1472" type="stmt"/>
        <line num="111" count="1472" type="cond" truecount="1" falsecount="1"/>
        <line num="112" count="0" type="stmt"/>
        <line num="113" count="0" type="stmt"/>
        <line num="117" count="1472" type="stmt"/>
        <line num="118" count="1472" type="stmt"/>
        <line num="119" count="1472" type="cond" truecount="2" falsecount="0"/>
        <line num="120" count="575" type="stmt"/>
        <line num="126" count="1472" type="stmt"/>
        <line num="132" count="512" type="stmt"/>
        <line num="138" count="575" type="stmt"/>
        <line num="139" count="575" type="stmt"/>
        <line num="140" count="1150" type="stmt"/>
        <line num="141" count="1150" type="stmt"/>
        <line num="142" count="1150" type="stmt"/>
        <line num="143" count="1150" type="cond" truecount="1" falsecount="1"/>
        <line num="144" count="0" type="stmt"/>
        <line num="145" count="0" type="stmt"/>
        <line num="149" count="1150" type="stmt"/>
        <line num="150" count="1150" type="stmt"/>
        <line num="155" count="575" type="stmt"/>
        <line num="159" count="4072" type="stmt"/>
        <line num="160" count="4072" type="stmt"/>
        <line num="161" count="23317" type="cond" truecount="2" falsecount="0"/>
        <line num="165" count="4072" type="stmt"/>
        <line num="169" count="4262" type="cond" truecount="2" falsecount="0"/>
        <line num="170" count="4071" type="stmt"/>
        <line num="175" count="191" type="stmt"/>
        <line num="181" count="8" type="stmt"/>
      </file>
    </package>
    <package name="verticals-backend.tests.helper.entities">
      <metrics statements="61" coveredstatements="52" conditionals="0" coveredconditionals="0" methods="38" coveredmethods="31"/>
      <file name="board.js" path="/Users/xom9ik/Projects/Web/Node/verticals-backend/tests/helper/entities/board.js">
        <metrics statements="8" coveredstatements="7" conditionals="0" coveredconditionals="0" methods="4" coveredmethods="3"/>
        <line num="1" count="8" type="stmt"/>
        <line num="5" count="608" type="stmt"/>
        <line num="6" count="608" type="stmt"/>
        <line num="10" count="94" type="stmt"/>
        <line num="11" count="94" type="stmt"/>
        <line num="15" count="0" type="stmt"/>
        <line num="19" count="2" type="stmt"/>
        <line num="23" count="8" type="stmt"/>
      </file>
      <file name="column.js" path="/Users/xom9ik/Projects/Web/Node/verticals-backend/tests/helper/entities/column.js">
        <metrics statements="8" coveredstatements="8" conditionals="0" coveredconditionals="0" methods="3" coveredmethods="3"/>
        <line num="1" count="8" type="stmt"/>
        <line num="5" count="841" type="stmt"/>
        <line num="6" count="841" type="stmt"/>
        <line num="7" count="841" type="stmt"/>
        <line num="11" count="52" type="stmt"/>
        <line num="12" count="52" type="stmt"/>
        <line num="16" count="4" type="stmt"/>
        <line num="20" count="8" type="stmt"/>
      </file>
      <file name="todo.js" path="/Users/xom9ik/Projects/Web/Node/verticals-backend/tests/helper/entities/todo.js">
        <metrics statements="7" coveredstatements="7" conditionals="0" coveredconditionals="0" methods="2" coveredmethods="2"/>
        <line num="1" count="8" type="stmt"/>
        <line num="5" count="1472" type="stmt"/>
        <line num="6" count="1472" type="stmt"/>
        <line num="7" count="1472" type="stmt"/>
        <line num="11" count="14" type="stmt"/>
        <line num="12" count="14" type="stmt"/>
        <line num="16" count="8" type="stmt"/>
      </file>
      <file name="user.js" path="/Users/xom9ik/Projects/Web/Node/verticals-backend/tests/helper/entities/user.js">
        <metrics statements="38" coveredstatements="30" conditionals="0" coveredconditionals="0" methods="29" coveredmethods="23"/>
        <line num="1" count="8" type="stmt"/>
        <line num="5" count="189" type="stmt"/>
        <line num="6" count="189" type="stmt"/>
        <line num="7" count="189" type="stmt"/>
        <line num="11" count="146" type="stmt"/>
        <line num="15" count="0" type="stmt"/>
        <line num="19" count="15" type="stmt"/>
        <line num="23" count="119" type="stmt"/>
        <line num="24" count="119" type="stmt"/>
        <line num="28" count="33" type="stmt"/>
        <line num="32" count="32" type="stmt"/>
        <line num="36" count="38" type="stmt"/>
        <line num="40" count="36" type="stmt"/>
        <line num="45" count="8" type="stmt"/>
        <line num="49" count="2" type="stmt"/>
        <line num="50" count="2" type="stmt"/>
        <line num="51" count="8" type="stmt"/>
        <line num="52" count="14" type="stmt"/>
        <line num="55" count="2" type="stmt"/>
        <line num="59" count="32" type="stmt"/>
        <line num="63" count="30" type="stmt"/>
        <line num="68" count="2" type="stmt"/>
        <line num="72" count="2" type="stmt"/>
        <line num="73" count="2" type="stmt"/>
        <line num="74" count="8" type="stmt"/>
        <line num="75" count="16" type="stmt"/>
        <line num="76" count="46" type="stmt"/>
        <line num="80" count="2" type="stmt"/>
        <line num="84" count="14" type="stmt"/>
        <line num="88" count="11" type="stmt"/>
        <line num="92" count="0" type="stmt"/>
        <line num="93" count="0" type="stmt"/>
        <line num="94" count="0" type="stmt"/>
        <line num="95" count="0" type="stmt"/>
        <line num="96" count="0" type="stmt"/>
        <line num="97" count="0" type="stmt"/>
        <line num="102" count="0" type="stmt"/>
        <line num="106" count="8" type="stmt"/>
      </file>
    </package>
    <package name="verticals-backend.tests.request">
      <metrics statements="37" coveredstatements="37" conditionals="0" coveredconditionals="0" methods="11" coveredmethods="11"/>
      <file name="fastify.js" path="/Users/xom9ik/Projects/Web/Node/verticals-backend/tests/request/fastify.js">
        <metrics statements="29" coveredstatements="29" conditionals="0" coveredconditionals="0" methods="9" coveredmethods="9"/>
        <line num="2" count="10" type="stmt"/>
        <line num="3" count="10" type="stmt"/>
        <line num="7" count="3584" type="stmt"/>
        <line num="8" count="3584" type="stmt"/>
        <line num="9" count="3584" type="stmt"/>
        <line num="13" count="3321" type="stmt"/>
        <line num="14" count="3321" type="stmt"/>
        <line num="18" count="14" type="stmt"/>
        <line num="19" count="14" type="stmt"/>
        <line num="23" count="50" type="stmt"/>
        <line num="24" count="50" type="stmt"/>
        <line num="25" count="50" type="stmt"/>
        <line num="29" count="3495" type="stmt"/>
        <line num="30" count="3495" type="stmt"/>
        <line num="31" count="3495" type="stmt"/>
        <line num="35" count="18" type="stmt"/>
        <line num="36" count="18" type="stmt"/>
        <line num="37" count="18" type="stmt"/>
        <line num="41" count="21" type="stmt"/>
        <line num="42" count="21" type="stmt"/>
        <line num="43" count="21" type="stmt"/>
        <line num="47" count="3584" type="stmt"/>
        <line num="54" count="3584" type="stmt"/>
        <line num="55" count="3584" type="stmt"/>
        <line num="59" count="8" type="stmt"/>
        <line num="60" count="8" type="stmt"/>
        <line num="61" count="8" type="stmt"/>
        <line num="65" count="8" type="stmt"/>
        <line num="69" count="10" type="stmt"/>
      </file>
      <file name="index.js" path="/Users/xom9ik/Projects/Web/Node/verticals-backend/tests/request/index.js">
        <metrics statements="3" coveredstatements="3" conditionals="0" coveredconditionals="0" methods="0" coveredmethods="0"/>
        <line num="1" count="10" type="stmt"/>
        <line num="2" count="10" type="stmt"/>
        <line num="4" count="10" type="stmt"/>
      </file>
      <file name="superagent.js" path="/Users/xom9ik/Projects/Web/Node/verticals-backend/tests/request/superagent.js">
        <metrics statements="5" coveredstatements="5" conditionals="0" coveredconditionals="0" methods="2" coveredmethods="2"/>
        <line num="1" count="10" type="stmt"/>
        <line num="2" count="10" type="stmt"/>
        <line num="6" count="1" type="stmt"/>
        <line num="7" count="999" type="stmt"/>
        <line num="12" count="10" type="stmt"/>
      </file>
    </package>
  </project>
</coverage>
