{"/Users/xom9ik/Projects/Web/Node/verticals-backend/knexfile.js": {"path":"/Users/xom9ik/Projects/Web/Node/verticals-backend/knexfile.js","statementMap":{"0":{"start":{"line":1,"column":0},"end":{"line":1,"column":27}},"1":{"start":{"line":11,"column":4},"end":{"line":11,"column":15}},"2":{"start":{"line":13,"column":0},"end":{"line":67,"column":2}}},"fnMap":{},"branchMap":{},"s":{"0":10,"1":10,"2":10},"f":{},"b":{},"_coverageSchema":"1a1c01bbd47fc00a2c39e90264f33305004495a9","hash":"001310a970bfca3ea1adc6344f823a0a81f3799a"}
,"/Users/xom9ik/Projects/Web/Node/verticals-backend/src/server.js": {"path":"/Users/xom9ik/Projects/Web/Node/verticals-backend/src/server.js","statementMap":{"0":{"start":{"line":1,"column":13},"end":{"line":1,"column":28}},"1":{"start":{"line":2,"column":16},"end":{"line":2,"column":34}},"2":{"start":{"line":3,"column":15},"end":{"line":3,"column":32}},"3":{"start":{"line":4,"column":25},"end":{"line":4,"column":53}},"4":{"start":{"line":5,"column":15},"end":{"line":5,"column":40}},"5":{"start":{"line":6,"column":28},"end":{"line":6,"column":47}},"6":{"start":{"line":7,"column":19},"end":{"line":7,"column":38}},"7":{"start":{"line":8,"column":23},"end":{"line":8,"column":47}},"8":{"start":{"line":9,"column":25},"end":{"line":9,"column":54}},"9":{"start":{"line":10,"column":37},"end":{"line":10,"column":56}},"10":{"start":{"line":11,"column":28},"end":{"line":11,"column":61}},"11":{"start":{"line":13,"column":0},"end":{"line":13,"column":29}},"12":{"start":{"line":15,"column":0},"end":{"line":18,"column":3}},"13":{"start":{"line":16,"column":2},"end":{"line":16,"column":22}},"14":{"start":{"line":17,"column":2},"end":{"line":17,"column":18}},"15":{"start":{"line":21,"column":22},"end":{"line":26,"column":1}},"16":{"start":{"line":22,"column":2},"end":{"line":24,"column":5}},"17":{"start":{"line":23,"column":4},"end":{"line":23,"column":22}},"18":{"start":{"line":25,"column":2},"end":{"line":25,"column":16}},"19":{"start":{"line":28,"column":14},"end":{"line":69,"column":1}},"20":{"start":{"line":29,"column":2},"end":{"line":29,"column":21}},"21":{"start":{"line":30,"column":14},"end":{"line":30,"column":40}},"22":{"start":{"line":31,"column":21},"end":{"line":31,"column":37}},"23":{"start":{"line":32,"column":2},"end":{"line":32,"column":48}},"24":{"start":{"line":33,"column":2},"end":{"line":33,"column":49}},"25":{"start":{"line":34,"column":2},"end":{"line":34,"column":60}},"26":{"start":{"line":35,"column":2},"end":{"line":63,"column":5}},"27":{"start":{"line":36,"column":4},"end":{"line":36,"column":35}},"28":{"start":{"line":37,"column":4},"end":{"line":47,"column":6}},"29":{"start":{"line":41,"column":8},"end":{"line":45,"column":9}},"30":{"start":{"line":42,"column":10},"end":{"line":42,"column":46}},"31":{"start":{"line":44,"column":10},"end":{"line":44,"column":91}},"32":{"start":{"line":48,"column":4},"end":{"line":56,"column":7}},"33":{"start":{"line":57,"column":4},"end":{"line":57,"column":29}},"34":{"start":{"line":58,"column":4},"end":{"line":58,"column":40}},"35":{"start":{"line":59,"column":4},"end":{"line":59,"column":40}},"36":{"start":{"line":60,"column":4},"end":{"line":60,"column":42}},"37":{"start":{"line":61,"column":4},"end":{"line":61,"column":53}},"38":{"start":{"line":62,"column":4},"end":{"line":62,"column":33}},"39":{"start":{"line":65,"column":2},"end":{"line":65,"column":43}},"40":{"start":{"line":66,"column":2},"end":{"line":66,"column":24}},"41":{"start":{"line":67,"column":2},"end":{"line":67,"column":39}},"42":{"start":{"line":68,"column":2},"end":{"line":68,"column":13}},"43":{"start":{"line":71,"column":0},"end":{"line":73,"column":2}}},"fnMap":{"0":{"name":"(anonymous_0)","decl":{"start":{"line":15,"column":32},"end":{"line":15,"column":33}},"loc":{"start":{"line":15,"column":43},"end":{"line":18,"column":1}},"line":15},"1":{"name":"(anonymous_1)","decl":{"start":{"line":21,"column":22},"end":{"line":21,"column":23}},"loc":{"start":{"line":21,"column":35},"end":{"line":26,"column":1}},"line":21},"2":{"name":"(anonymous_2)","decl":{"start":{"line":22,"column":29},"end":{"line":22,"column":30}},"loc":{"start":{"line":22,"column":43},"end":{"line":24,"column":3}},"line":22},"3":{"name":"(anonymous_3)","decl":{"start":{"line":28,"column":14},"end":{"line":28,"column":15}},"loc":{"start":{"line":28,"column":24},"end":{"line":69,"column":1}},"line":28},"4":{"name":"(anonymous_4)","decl":{"start":{"line":35,"column":15},"end":{"line":35,"column":16}},"loc":{"start":{"line":35,"column":34},"end":{"line":63,"column":3}},"line":35},"5":{"name":"(anonymous_5)","decl":{"start":{"line":40,"column":6},"end":{"line":40,"column":7}},"loc":{"start":{"line":40,"column":27},"end":{"line":46,"column":7}},"line":40}},"branchMap":{"0":{"loc":{"start":{"line":42,"column":17},"end":{"line":42,"column":45}},"type":"cond-expr","locations":[{"start":{"line":42,"column":24},"end":{"line":42,"column":40}},{"start":{"line":42,"column":43},"end":{"line":42,"column":45}}],"line":42}},"s":{"0":10,"1":10,"2":10,"3":10,"4":10,"5":10,"6":10,"7":10,"8":10,"9":10,"10":10,"11":10,"12":10,"13":0,"14":0,"15":10,"16":10,"17":999,"18":10,"19":10,"20":10,"21":10,"22":10,"23":10,"24":10,"25":10,"26":10,"27":10,"28":10,"29":4491,"30":4491,"31":0,"32":10,"33":10,"34":10,"35":10,"36":10,"37":10,"38":10,"39":10,"40":10,"41":10,"42":10,"43":10},"f":{"0":0,"1":10,"2":999,"3":10,"4":10,"5":4491},"b":{"0":[4491,0]},"_coverageSchema":"1a1c01bbd47fc00a2c39e90264f33305004495a9","hash":"2570e8c02540f9e307e17f53f7715638134097b0"}
,"/Users/xom9ik/Projects/Web/Node/verticals-backend/src/components/index.js": {"path":"/Users/xom9ik/Projects/Web/Node/verticals-backend/src/components/index.js","statementMap":{"0":{"start":{"line":1,"column":38},"end":{"line":1,"column":56}},"1":{"start":{"line":2,"column":28},"end":{"line":2,"column":49}},"2":{"start":{"line":3,"column":27},"end":{"line":3,"column":50}},"3":{"start":{"line":4,"column":31},"end":{"line":4,"column":58}},"4":{"start":{"line":5,"column":30},"end":{"line":5,"column":56}},"5":{"start":{"line":6,"column":30},"end":{"line":6,"column":51}},"6":{"start":{"line":7,"column":26},"end":{"line":7,"column":43}},"7":{"start":{"line":8,"column":33},"end":{"line":8,"column":57}},"8":{"start":{"line":10,"column":0},"end":{"line":20,"column":2}}},"fnMap":{},"branchMap":{},"s":{"0":10,"1":10,"2":10,"3":10,"4":10,"5":10,"6":10,"7":10,"8":10},"f":{},"b":{},"_coverageSchema":"1a1c01bbd47fc00a2c39e90264f33305004495a9","hash":"804de45dd809d541a5f1b1767d177f5ecdd62679"}
,"/Users/xom9ik/Projects/Web/Node/verticals-backend/src/components/auth/password.js": {"path":"/Users/xom9ik/Projects/Web/Node/verticals-backend/src/components/auth/password.js","statementMap":{"0":{"start":{"line":1,"column":26},"end":{"line":1,"column":45}},"1":{"start":{"line":5,"column":4},"end":{"line":5,"column":30}},"2":{"start":{"line":9,"column":4},"end":{"line":9,"column":40}},"3":{"start":{"line":13,"column":0},"end":{"line":15,"column":2}}},"fnMap":{"0":{"name":"(anonymous_0)","decl":{"start":{"line":4,"column":2},"end":{"line":4,"column":3}},"loc":{"start":{"line":4,"column":17},"end":{"line":6,"column":3}},"line":4},"1":{"name":"(anonymous_1)","decl":{"start":{"line":8,"column":2},"end":{"line":8,"column":3}},"loc":{"start":{"line":8,"column":31},"end":{"line":10,"column":3}},"line":8}},"branchMap":{},"s":{"0":10,"1":206,"2":10,"3":10},"f":{"0":206,"1":10},"b":{},"_coverageSchema":"1a1c01bbd47fc00a2c39e90264f33305004495a9","hash":"ea932af7c77293df1ba956932b07ecd9e2881fd3"}
,"/Users/xom9ik/Projects/Web/Node/verticals-backend/src/components/auth/token.js": {"path":"/Users/xom9ik/Projects/Web/Node/verticals-backend/src/components/auth/token.js","statementMap":{"0":{"start":{"line":1,"column":12},"end":{"line":1,"column":35}},"1":{"start":{"line":2,"column":23},"end":{"line":2,"column":38}},"2":{"start":{"line":4,"column":35},"end":{"line":4,"column":46}},"3":{"start":{"line":12,"column":25},"end":{"line":12,"column":33}},"4":{"start":{"line":13,"column":18},"end":{"line":20,"column":5}},"5":{"start":{"line":21,"column":4},"end":{"line":24,"column":6}},"6":{"start":{"line":28,"column":4},"end":{"line":28,"column":37}},"7":{"start":{"line":32,"column":0},"end":{"line":34,"column":2}}},"fnMap":{"0":{"name":"(anonymous_0)","decl":{"start":{"line":7,"column":2},"end":{"line":7,"column":3}},"loc":{"start":{"line":11,"column":4},"end":{"line":25,"column":3}},"line":11},"1":{"name":"(anonymous_1)","decl":{"start":{"line":27,"column":2},"end":{"line":27,"column":3}},"loc":{"start":{"line":27,"column":42},"end":{"line":29,"column":3}},"line":27}},"branchMap":{"0":{"loc":{"start":{"line":9,"column":4},"end":{"line":9,"column":26}},"type":"default-arg","locations":[{"start":{"line":9,"column":16},"end":{"line":9,"column":26}}],"line":9},"1":{"loc":{"start":{"line":10,"column":4},"end":{"line":10,"column":23}},"type":"default-arg","locations":[{"start":{"line":10,"column":13},"end":{"line":10,"column":23}}],"line":10},"2":{"loc":{"start":{"line":27,"column":21},"end":{"line":27,"column":40}},"type":"default-arg","locations":[{"start":{"line":27,"column":30},"end":{"line":27,"column":40}}],"line":27}},"s":{"0":10,"1":10,"2":10,"3":219,"4":219,"5":219,"6":8573,"7":10},"f":{"0":219,"1":8573},"b":{"0":[216],"1":[218],"2":[8573]},"_coverageSchema":"1a1c01bbd47fc00a2c39e90264f33305004495a9","hash":"013e43907afe50cb89c04ad0f639d4363bd936a8"}
,"/Users/xom9ik/Projects/Web/Node/verticals-backend/src/components/auth/validator.js": {"path":"/Users/xom9ik/Projects/Web/Node/verticals-backend/src/components/auth/validator.js","statementMap":{"0":{"start":{"line":1,"column":38},"end":{"line":1,"column":63}},"1":{"start":{"line":5,"column":23},"end":{"line":5,"column":58}},"2":{"start":{"line":6,"column":4},"end":{"line":6,"column":24}},"3":{"start":{"line":10,"column":26},"end":{"line":10,"column":67}},"4":{"start":{"line":11,"column":4},"end":{"line":11,"column":27}},"5":{"start":{"line":15,"column":24},"end":{"line":15,"column":60}},"6":{"start":{"line":16,"column":4},"end":{"line":16,"column":25}},"7":{"start":{"line":20,"column":0},"end":{"line":22,"column":2}}},"fnMap":{"0":{"name":"(anonymous_0)","decl":{"start":{"line":4,"column":2},"end":{"line":4,"column":3}},"loc":{"start":{"line":4,"column":28},"end":{"line":7,"column":3}},"line":4},"1":{"name":"(anonymous_1)","decl":{"start":{"line":9,"column":2},"end":{"line":9,"column":3}},"loc":{"start":{"line":9,"column":34},"end":{"line":12,"column":3}},"line":9},"2":{"name":"(anonymous_2)","decl":{"start":{"line":14,"column":2},"end":{"line":14,"column":3}},"loc":{"start":{"line":14,"column":29},"end":{"line":17,"column":3}},"line":14}},"branchMap":{},"s":{"0":10,"1":208,"2":208,"3":208,"4":208,"5":4285,"6":4285,"7":10},"f":{"0":208,"1":208,"2":4285},"b":{},"_coverageSchema":"1a1c01bbd47fc00a2c39e90264f33305004495a9","hash":"63049fce03855b2c82b446f1b91ca1c606393923"}
,"/Users/xom9ik/Projects/Web/Node/verticals-backend/src/components/error/general-error.js": {"path":"/Users/xom9ik/Projects/Web/Node/verticals-backend/src/components/error/general-error.js","statementMap":{"0":{"start":{"line":6,"column":4},"end":{"line":6,"column":12}},"1":{"start":{"line":7,"column":4},"end":{"line":7,"column":25}},"2":{"start":{"line":8,"column":4},"end":{"line":8,"column":19}},"3":{"start":{"line":12,"column":0},"end":{"line":14,"column":2}}},"fnMap":{"0":{"name":"(anonymous_0)","decl":{"start":{"line":2,"column":2},"end":{"line":2,"column":3}},"loc":{"start":{"line":5,"column":4},"end":{"line":9,"column":3}},"line":5}},"branchMap":{"0":{"loc":{"start":{"line":3,"column":4},"end":{"line":3,"column":16}},"type":"default-arg","locations":[{"start":{"line":3,"column":13},"end":{"line":3,"column":16}}],"line":3},"1":{"loc":{"start":{"line":4,"column":4},"end":{"line":4,"column":20}},"type":"default-arg","locations":[{"start":{"line":4,"column":10},"end":{"line":4,"column":20}}],"line":4}},"s":{"0":119,"1":119,"2":119,"3":10},"f":{"0":119},"b":{"0":[0],"1":[0]},"_coverageSchema":"1a1c01bbd47fc00a2c39e90264f33305004495a9","hash":"5210d800b87fcbf9e15c36ea7d57c3cdf58c22a3"}
,"/Users/xom9ik/Projects/Web/Node/verticals-backend/src/components/error/index.js": {"path":"/Users/xom9ik/Projects/Web/Node/verticals-backend/src/components/error/index.js","statementMap":{"0":{"start":{"line":1,"column":25},"end":{"line":1,"column":51}},"1":{"start":{"line":2,"column":25},"end":{"line":2,"column":42}},"2":{"start":{"line":3,"column":24},"end":{"line":3,"column":43}},"3":{"start":{"line":5,"column":0},"end":{"line":9,"column":2}}},"fnMap":{},"branchMap":{},"s":{"0":10,"1":10,"2":10,"3":10},"f":{},"b":{},"_coverageSchema":"1a1c01bbd47fc00a2c39e90264f33305004495a9","hash":"2f516292bd24da7a516d5c688d0e2ddc3e20ba65"}
,"/Users/xom9ik/Projects/Web/Node/verticals-backend/src/components/error/rest.js": {"path":"/Users/xom9ik/Projects/Web/Node/verticals-backend/src/components/error/rest.js","statementMap":{"0":{"start":{"line":2,"column":25},"end":{"line":2,"column":51}},"1":{"start":{"line":4,"column":15},"end":{"line":12,"column":1}},"2":{"start":{"line":14,"column":16},"end":{"line":22,"column":1}},"3":{"start":{"line":26,"column":4},"end":{"line":26,"column":35}},"4":{"start":{"line":32,"column":4},"end":{"line":32,"column":37}},"5":{"start":{"line":38,"column":4},"end":{"line":38,"column":34}},"6":{"start":{"line":44,"column":4},"end":{"line":44,"column":33}},"7":{"start":{"line":50,"column":4},"end":{"line":50,"column":44}},"8":{"start":{"line":56,"column":4},"end":{"line":56,"column":33}},"9":{"start":{"line":62,"column":4},"end":{"line":62,"column":38}},"10":{"start":{"line":66,"column":0},"end":{"line":77,"column":2}}},"fnMap":{"0":{"name":"(anonymous_0)","decl":{"start":{"line":25,"column":2},"end":{"line":25,"column":3}},"loc":{"start":{"line":25,"column":41},"end":{"line":27,"column":3}},"line":25},"1":{"name":"(anonymous_1)","decl":{"start":{"line":31,"column":2},"end":{"line":31,"column":3}},"loc":{"start":{"line":31,"column":43},"end":{"line":33,"column":3}},"line":31},"2":{"name":"(anonymous_2)","decl":{"start":{"line":37,"column":2},"end":{"line":37,"column":3}},"loc":{"start":{"line":37,"column":40},"end":{"line":39,"column":3}},"line":37},"3":{"name":"(anonymous_3)","decl":{"start":{"line":43,"column":2},"end":{"line":43,"column":3}},"loc":{"start":{"line":43,"column":39},"end":{"line":45,"column":3}},"line":43},"4":{"name":"(anonymous_4)","decl":{"start":{"line":49,"column":2},"end":{"line":49,"column":3}},"loc":{"start":{"line":49,"column":50},"end":{"line":51,"column":3}},"line":49},"5":{"name":"(anonymous_5)","decl":{"start":{"line":55,"column":2},"end":{"line":55,"column":3}},"loc":{"start":{"line":55,"column":39},"end":{"line":57,"column":3}},"line":55},"6":{"name":"(anonymous_6)","decl":{"start":{"line":61,"column":2},"end":{"line":61,"column":3}},"loc":{"start":{"line":61,"column":44},"end":{"line":63,"column":3}},"line":61}},"branchMap":{"0":{"loc":{"start":{"line":25,"column":14},"end":{"line":25,"column":39}},"type":"default-arg","locations":[{"start":{"line":25,"column":21},"end":{"line":25,"column":39}}],"line":25},"1":{"loc":{"start":{"line":31,"column":14},"end":{"line":31,"column":41}},"type":"default-arg","locations":[{"start":{"line":31,"column":21},"end":{"line":31,"column":41}}],"line":31},"2":{"loc":{"start":{"line":37,"column":14},"end":{"line":37,"column":38}},"type":"default-arg","locations":[{"start":{"line":37,"column":21},"end":{"line":37,"column":38}}],"line":37},"3":{"loc":{"start":{"line":43,"column":14},"end":{"line":43,"column":37}},"type":"default-arg","locations":[{"start":{"line":43,"column":21},"end":{"line":43,"column":37}}],"line":43},"4":{"loc":{"start":{"line":49,"column":14},"end":{"line":49,"column":48}},"type":"default-arg","locations":[{"start":{"line":49,"column":21},"end":{"line":49,"column":48}}],"line":49},"5":{"loc":{"start":{"line":55,"column":14},"end":{"line":55,"column":37}},"type":"default-arg","locations":[{"start":{"line":55,"column":21},"end":{"line":55,"column":37}}],"line":55},"6":{"loc":{"start":{"line":61,"column":14},"end":{"line":61,"column":42}},"type":"default-arg","locations":[{"start":{"line":61,"column":21},"end":{"line":61,"column":42}}],"line":61}},"s":{"0":10,"1":10,"2":10,"3":57,"4":30,"5":29,"6":0,"7":1,"8":2,"9":0,"10":10},"f":{"0":57,"1":30,"2":29,"3":0,"4":1,"5":2,"6":0},"b":{"0":[0],"1":[0],"2":[0],"3":[0],"4":[0],"5":[0],"6":[0]},"_coverageSchema":"1a1c01bbd47fc00a2c39e90264f33305004495a9","hash":"eac29876ef82b4060278e61ae5884598994ab34c"}
,"/Users/xom9ik/Projects/Web/Node/verticals-backend/src/components/error/socket.js": {"path":"/Users/xom9ik/Projects/Web/Node/verticals-backend/src/components/error/socket.js","statementMap":{"0":{"start":{"line":2,"column":25},"end":{"line":2,"column":51}},"1":{"start":{"line":4,"column":15},"end":{"line":10,"column":1}},"2":{"start":{"line":12,"column":16},"end":{"line":18,"column":1}},"3":{"start":{"line":22,"column":4},"end":{"line":22,"column":38}},"4":{"start":{"line":28,"column":4},"end":{"line":28,"column":40}},"5":{"start":{"line":29,"column":4},"end":{"line":29,"column":22}},"6":{"start":{"line":35,"column":4},"end":{"line":35,"column":38}},"7":{"start":{"line":41,"column":4},"end":{"line":41,"column":37}},"8":{"start":{"line":47,"column":4},"end":{"line":47,"column":39}},"9":{"start":{"line":51,"column":0},"end":{"line":60,"column":2}}},"fnMap":{"0":{"name":"(anonymous_0)","decl":{"start":{"line":21,"column":2},"end":{"line":21,"column":3}},"loc":{"start":{"line":21,"column":44},"end":{"line":23,"column":3}},"line":21},"1":{"name":"(anonymous_1)","decl":{"start":{"line":27,"column":2},"end":{"line":27,"column":3}},"loc":{"start":{"line":27,"column":46},"end":{"line":30,"column":3}},"line":27},"2":{"name":"(anonymous_2)","decl":{"start":{"line":34,"column":2},"end":{"line":34,"column":3}},"loc":{"start":{"line":34,"column":44},"end":{"line":36,"column":3}},"line":34},"3":{"name":"(anonymous_3)","decl":{"start":{"line":40,"column":2},"end":{"line":40,"column":3}},"loc":{"start":{"line":40,"column":43},"end":{"line":42,"column":3}},"line":40},"4":{"name":"(anonymous_4)","decl":{"start":{"line":46,"column":2},"end":{"line":46,"column":3}},"loc":{"start":{"line":46,"column":45},"end":{"line":48,"column":3}},"line":46}},"branchMap":{"0":{"loc":{"start":{"line":21,"column":14},"end":{"line":21,"column":42}},"type":"default-arg","locations":[{"start":{"line":21,"column":21},"end":{"line":21,"column":42}}],"line":21},"1":{"loc":{"start":{"line":27,"column":14},"end":{"line":27,"column":44}},"type":"default-arg","locations":[{"start":{"line":27,"column":21},"end":{"line":27,"column":44}}],"line":27},"2":{"loc":{"start":{"line":34,"column":14},"end":{"line":34,"column":42}},"type":"default-arg","locations":[{"start":{"line":34,"column":21},"end":{"line":34,"column":42}}],"line":34},"3":{"loc":{"start":{"line":40,"column":14},"end":{"line":40,"column":41}},"type":"default-arg","locations":[{"start":{"line":40,"column":21},"end":{"line":40,"column":41}}],"line":40},"4":{"loc":{"start":{"line":46,"column":14},"end":{"line":46,"column":43}},"type":"default-arg","locations":[{"start":{"line":46,"column":21},"end":{"line":46,"column":43}}],"line":46}},"s":{"0":10,"1":10,"2":10,"3":0,"4":0,"5":0,"6":0,"7":0,"8":0,"9":10},"f":{"0":0,"1":0,"2":0,"3":0,"4":0},"b":{"0":[0],"1":[0],"2":[0],"3":[0],"4":[0]},"_coverageSchema":"1a1c01bbd47fc00a2c39e90264f33305004495a9","hash":"ffada32b976ee1299837e339fab363ff5fb8026f"}
,"/Users/xom9ik/Projects/Web/Node/verticals-backend/src/components/file/index.js": {"path":"/Users/xom9ik/Projects/Web/Node/verticals-backend/src/components/file/index.js","statementMap":{"0":{"start":{"line":1,"column":11},"end":{"line":1,"column":24}},"1":{"start":{"line":2,"column":13},"end":{"line":2,"column":28}},"2":{"start":{"line":3,"column":23},"end":{"line":3,"column":38}},"3":{"start":{"line":4,"column":13},"end":{"line":4,"column":34}},"4":{"start":{"line":10,"column":4},"end":{"line":10,"column":15}},"5":{"start":{"line":14,"column":4},"end":{"line":17,"column":6}},"6":{"start":{"line":21,"column":4},"end":{"line":21,"column":45}},"7":{"start":{"line":25,"column":23},"end":{"line":25,"column":48}},"8":{"start":{"line":26,"column":4},"end":{"line":29,"column":7}},"9":{"start":{"line":27,"column":35},"end":{"line":27,"column":66}},"10":{"start":{"line":28,"column":6},"end":{"line":28,"column":46}},"11":{"start":{"line":33,"column":4},"end":{"line":33,"column":52}},"12":{"start":{"line":37,"column":4},"end":{"line":37,"column":36}},"13":{"start":{"line":37,"column":29},"end":{"line":37,"column":36}},"14":{"start":{"line":38,"column":4},"end":{"line":47,"column":7}},"15":{"start":{"line":39,"column":23},"end":{"line":39,"column":55}},"16":{"start":{"line":41,"column":6},"end":{"line":46,"column":9}},"17":{"start":{"line":42,"column":8},"end":{"line":44,"column":9}},"18":{"start":{"line":43,"column":10},"end":{"line":43,"column":20}},"19":{"start":{"line":45,"column":8},"end":{"line":45,"column":18}},"20":{"start":{"line":51,"column":4},"end":{"line":77,"column":7}},"21":{"start":{"line":54,"column":10},"end":{"line":54,"column":14}},"22":{"start":{"line":56,"column":24},"end":{"line":56,"column":58}},"23":{"start":{"line":58,"column":33},"end":{"line":61,"column":7}},"24":{"start":{"line":63,"column":23},"end":{"line":63,"column":55}},"25":{"start":{"line":65,"column":21},"end":{"line":65,"column":62}},"26":{"start":{"line":67,"column":6},"end":{"line":74,"column":10}},"27":{"start":{"line":67,"column":32},"end":{"line":74,"column":8}},"28":{"start":{"line":76,"column":6},"end":{"line":76,"column":43}},"29":{"start":{"line":76,"column":32},"end":{"line":76,"column":41}},"30":{"start":{"line":81,"column":0},"end":{"line":83,"column":2}}},"fnMap":{"0":{"name":"(anonymous_0)","decl":{"start":{"line":13,"column":2},"end":{"line":13,"column":3}},"loc":{"start":{"line":13,"column":16},"end":{"line":18,"column":3}},"line":13},"1":{"name":"(anonymous_1)","decl":{"start":{"line":20,"column":2},"end":{"line":20,"column":3}},"loc":{"start":{"line":20,"column":38},"end":{"line":22,"column":3}},"line":20},"2":{"name":"(anonymous_2)","decl":{"start":{"line":24,"column":2},"end":{"line":24,"column":3}},"loc":{"start":{"line":24,"column":18},"end":{"line":30,"column":3}},"line":24},"3":{"name":"(anonymous_3)","decl":{"start":{"line":26,"column":23},"end":{"line":26,"column":24}},"loc":{"start":{"line":26,"column":32},"end":{"line":29,"column":5}},"line":26},"4":{"name":"(anonymous_4)","decl":{"start":{"line":32,"column":2},"end":{"line":32,"column":3}},"loc":{"start":{"line":32,"column":29},"end":{"line":34,"column":3}},"line":32},"5":{"name":"(anonymous_5)","decl":{"start":{"line":36,"column":2},"end":{"line":36,"column":3}},"loc":{"start":{"line":36,"column":33},"end":{"line":48,"column":3}},"line":36},"6":{"name":"(anonymous_6)","decl":{"start":{"line":38,"column":23},"end":{"line":38,"column":24}},"loc":{"start":{"line":38,"column":44},"end":{"line":47,"column":5}},"line":38},"7":{"name":"(anonymous_7)","decl":{"start":{"line":41,"column":26},"end":{"line":41,"column":27}},"loc":{"start":{"line":41,"column":33},"end":{"line":46,"column":7}},"line":41},"8":{"name":"(anonymous_8)","decl":{"start":{"line":50,"column":2},"end":{"line":50,"column":3}},"loc":{"start":{"line":50,"column":39},"end":{"line":78,"column":3}},"line":50},"9":{"name":"(anonymous_9)","decl":{"start":{"line":51,"column":23},"end":{"line":51,"column":24}},"loc":{"start":{"line":51,"column":44},"end":{"line":77,"column":5}},"line":51},"10":{"name":"(anonymous_10)","decl":{"start":{"line":67,"column":26},"end":{"line":67,"column":27}},"loc":{"start":{"line":67,"column":32},"end":{"line":74,"column":8}},"line":67},"11":{"name":"(anonymous_11)","decl":{"start":{"line":76,"column":25},"end":{"line":76,"column":26}},"loc":{"start":{"line":76,"column":32},"end":{"line":76,"column":41}},"line":76}},"branchMap":{"0":{"loc":{"start":{"line":37,"column":4},"end":{"line":37,"column":36}},"type":"if","locations":[{"start":{"line":37,"column":4},"end":{"line":37,"column":36}},{"start":{"line":37,"column":4},"end":{"line":37,"column":36}}],"line":37},"1":{"loc":{"start":{"line":42,"column":8},"end":{"line":44,"column":9}},"type":"if","locations":[{"start":{"line":42,"column":8},"end":{"line":44,"column":9}},{"start":{"line":42,"column":8},"end":{"line":44,"column":9}}],"line":42},"2":{"loc":{"start":{"line":56,"column":24},"end":{"line":56,"column":58}},"type":"binary-expr","locations":[{"start":{"line":56,"column":24},"end":{"line":56,"column":48}},{"start":{"line":56,"column":52},"end":{"line":56,"column":58}}],"line":56}},"s":{"0":10,"1":10,"2":10,"3":10,"4":10,"5":10,"6":20,"7":0,"8":0,"9":0,"10":0,"11":0,"12":3,"13":0,"14":3,"15":3,"16":3,"17":3,"18":1,"19":3,"20":7,"21":7,"22":7,"23":7,"24":7,"25":7,"26":7,"27":7,"28":7,"29":0,"30":10},"f":{"0":10,"1":20,"2":0,"3":0,"4":0,"5":3,"6":3,"7":3,"8":7,"9":7,"10":7,"11":0},"b":{"0":[0,3],"1":[1,2],"2":[7,0]},"_coverageSchema":"1a1c01bbd47fc00a2c39e90264f33305004495a9","hash":"f9ca19cc57161b153afcc6020875e6c6fea0dccc"}
,"/Users/xom9ik/Projects/Web/Node/verticals-backend/src/components/position/index.js": {"path":"/Users/xom9ik/Projects/Web/Node/verticals-backend/src/components/position/index.js","statementMap":{"0":{"start":{"line":3,"column":4},"end":{"line":3,"column":56}},"1":{"start":{"line":3,"column":39},"end":{"line":3,"column":54}},"2":{"start":{"line":7,"column":22},"end":{"line":7,"column":38}},"3":{"start":{"line":8,"column":25},"end":{"line":8,"column":39}},"4":{"start":{"line":10,"column":4},"end":{"line":16,"column":5}},"5":{"start":{"line":11,"column":30},"end":{"line":11,"column":70}},"6":{"start":{"line":12,"column":6},"end":{"line":12,"column":40}},"7":{"start":{"line":13,"column":6},"end":{"line":13,"column":46}},"8":{"start":{"line":15,"column":6},"end":{"line":15,"column":28}},"9":{"start":{"line":18,"column":4},"end":{"line":21,"column":6}},"10":{"start":{"line":25,"column":25},"end":{"line":25,"column":39}},"11":{"start":{"line":26,"column":4},"end":{"line":26,"column":41}},"12":{"start":{"line":27,"column":4},"end":{"line":27,"column":24}},"13":{"start":{"line":31,"column":25},"end":{"line":31,"column":39}},"14":{"start":{"line":32,"column":4},"end":{"line":36,"column":6}},"15":{"start":{"line":37,"column":4},"end":{"line":37,"column":24}},"16":{"start":{"line":41,"column":4},"end":{"line":41,"column":54}},"17":{"start":{"line":41,"column":36},"end":{"line":41,"column":52}},"18":{"start":{"line":45,"column":25},"end":{"line":45,"column":39}},"19":{"start":{"line":46,"column":4},"end":{"line":46,"column":37}},"20":{"start":{"line":47,"column":4},"end":{"line":47,"column":24}},"21":{"start":{"line":51,"column":20},"end":{"line":51,"column":66}},"22":{"start":{"line":51,"column":64},"end":{"line":51,"column":65}},"23":{"start":{"line":52,"column":4},"end":{"line":52,"column":69}},"24":{"start":{"line":52,"column":41},"end":{"line":52,"column":67}},"25":{"start":{"line":56,"column":4},"end":{"line":56,"column":68}},"26":{"start":{"line":60,"column":4},"end":{"line":60,"column":72}},"27":{"start":{"line":64,"column":4},"end":{"line":64,"column":25}},"28":{"start":{"line":68,"column":30},"end":{"line":68,"column":32}},"29":{"start":{"line":69,"column":28},"end":{"line":69,"column":50}},"30":{"start":{"line":70,"column":4},"end":{"line":82,"column":7}},"31":{"start":{"line":71,"column":28},"end":{"line":71,"column":55}},"32":{"start":{"line":72,"column":6},"end":{"line":81,"column":9}},"33":{"start":{"line":73,"column":26},"end":{"line":74,"column":63}},"34":{"start":{"line":74,"column":33},"end":{"line":74,"column":55}},"35":{"start":{"line":75,"column":8},"end":{"line":80,"column":9}},"36":{"start":{"line":76,"column":10},"end":{"line":78,"column":11}},"37":{"start":{"line":77,"column":12},"end":{"line":77,"column":53}},"38":{"start":{"line":79,"column":10},"end":{"line":79,"column":61}},"39":{"start":{"line":83,"column":4},"end":{"line":83,"column":29}},"40":{"start":{"line":87,"column":0},"end":{"line":89,"column":2}}},"fnMap":{"0":{"name":"(anonymous_0)","decl":{"start":{"line":2,"column":2},"end":{"line":2,"column":3}},"loc":{"start":{"line":2,"column":39},"end":{"line":4,"column":3}},"line":2},"1":{"name":"(anonymous_1)","decl":{"start":{"line":3,"column":31},"end":{"line":3,"column":32}},"loc":{"start":{"line":3,"column":39},"end":{"line":3,"column":54}},"line":3},"2":{"name":"(anonymous_2)","decl":{"start":{"line":6,"column":2},"end":{"line":6,"column":3}},"loc":{"start":{"line":6,"column":33},"end":{"line":22,"column":3}},"line":6},"3":{"name":"(anonymous_3)","decl":{"start":{"line":24,"column":2},"end":{"line":24,"column":3}},"loc":{"start":{"line":24,"column":44},"end":{"line":28,"column":3}},"line":24},"4":{"name":"(anonymous_4)","decl":{"start":{"line":30,"column":2},"end":{"line":30,"column":3}},"loc":{"start":{"line":30,"column":55},"end":{"line":38,"column":3}},"line":30},"5":{"name":"(anonymous_5)","decl":{"start":{"line":40,"column":2},"end":{"line":40,"column":3}},"loc":{"start":{"line":40,"column":35},"end":{"line":42,"column":3}},"line":40},"6":{"name":"(anonymous_6)","decl":{"start":{"line":41,"column":28},"end":{"line":41,"column":29}},"loc":{"start":{"line":41,"column":36},"end":{"line":41,"column":52}},"line":41},"7":{"name":"(anonymous_7)","decl":{"start":{"line":44,"column":2},"end":{"line":44,"column":3}},"loc":{"start":{"line":44,"column":40},"end":{"line":48,"column":3}},"line":44},"8":{"name":"(anonymous_8)","decl":{"start":{"line":50,"column":2},"end":{"line":50,"column":3}},"loc":{"start":{"line":50,"column":51},"end":{"line":53,"column":3}},"line":50},"9":{"name":"(anonymous_9)","decl":{"start":{"line":51,"column":57},"end":{"line":51,"column":58}},"loc":{"start":{"line":51,"column":64},"end":{"line":51,"column":65}},"line":51},"10":{"name":"(anonymous_10)","decl":{"start":{"line":52,"column":27},"end":{"line":52,"column":28}},"loc":{"start":{"line":52,"column":41},"end":{"line":52,"column":67}},"line":52},"11":{"name":"(anonymous_11)","decl":{"start":{"line":55,"column":2},"end":{"line":55,"column":3}},"loc":{"start":{"line":55,"column":35},"end":{"line":57,"column":3}},"line":55},"12":{"name":"(anonymous_12)","decl":{"start":{"line":59,"column":2},"end":{"line":59,"column":3}},"loc":{"start":{"line":59,"column":40},"end":{"line":61,"column":3}},"line":59},"13":{"name":"(anonymous_13)","decl":{"start":{"line":63,"column":2},"end":{"line":63,"column":3}},"loc":{"start":{"line":63,"column":15},"end":{"line":65,"column":3}},"line":63},"14":{"name":"(anonymous_14)","decl":{"start":{"line":67,"column":2},"end":{"line":67,"column":3}},"loc":{"start":{"line":67,"column":54},"end":{"line":84,"column":3}},"line":67},"15":{"name":"(anonymous_15)","decl":{"start":{"line":70,"column":28},"end":{"line":70,"column":29}},"loc":{"start":{"line":70,"column":50},"end":{"line":82,"column":5}},"line":70},"16":{"name":"(anonymous_16)","decl":{"start":{"line":72,"column":28},"end":{"line":72,"column":29}},"loc":{"start":{"line":72,"column":42},"end":{"line":81,"column":7}},"line":72},"17":{"name":"(anonymous_17)","decl":{"start":{"line":74,"column":21},"end":{"line":74,"column":22}},"loc":{"start":{"line":74,"column":33},"end":{"line":74,"column":55}},"line":74}},"branchMap":{"0":{"loc":{"start":{"line":10,"column":4},"end":{"line":16,"column":5}},"type":"if","locations":[{"start":{"line":10,"column":4},"end":{"line":16,"column":5}},{"start":{"line":10,"column":4},"end":{"line":16,"column":5}}],"line":10},"1":{"loc":{"start":{"line":75,"column":8},"end":{"line":80,"column":9}},"type":"if","locations":[{"start":{"line":75,"column":8},"end":{"line":80,"column":9}},{"start":{"line":75,"column":8},"end":{"line":80,"column":9}}],"line":75},"2":{"loc":{"start":{"line":76,"column":10},"end":{"line":78,"column":11}},"type":"if","locations":[{"start":{"line":76,"column":10},"end":{"line":78,"column":11}},{"start":{"line":76,"column":10},"end":{"line":78,"column":11}}],"line":76}},"s":{"0":6,"1":8,"2":3212,"3":3212,"4":3212,"5":0,"6":0,"7":0,"8":3212,"9":3212,"10":0,"11":0,"12":0,"13":0,"14":0,"15":0,"16":5,"17":9,"18":0,"19":0,"20":0,"21":0,"22":0,"23":0,"24":0,"25":0,"26":0,"27":0,"28":2,"29":2,"30":2,"31":6,"32":6,"33":8,"34":8,"35":8,"36":2,"37":2,"38":2,"39":2,"40":10},"f":{"0":6,"1":8,"2":3212,"3":0,"4":0,"5":5,"6":9,"7":0,"8":0,"9":0,"10":0,"11":0,"12":0,"13":0,"14":2,"15":6,"16":8,"17":8},"b":{"0":[0,3212],"1":[2,6],"2":[2,0]},"_coverageSchema":"1a1c01bbd47fc00a2c39e90264f33305004495a9","hash":"f4c7d6f4c8060f57bc827709af97d738aa9ca9e6"}
,"/Users/xom9ik/Projects/Web/Node/verticals-backend/src/components/response/index.js": {"path":"/Users/xom9ik/Projects/Web/Node/verticals-backend/src/components/response/index.js","statementMap":{"0":{"start":{"line":1,"column":28},"end":{"line":1,"column":45}},"1":{"start":{"line":2,"column":27},"end":{"line":2,"column":46}},"2":{"start":{"line":4,"column":0},"end":{"line":7,"column":2}}},"fnMap":{},"branchMap":{},"s":{"0":10,"1":10,"2":10},"f":{},"b":{},"_coverageSchema":"1a1c01bbd47fc00a2c39e90264f33305004495a9","hash":"8c1dccfd8f2d12a46f03581f4e1dcf9da7b9389c"}
,"/Users/xom9ik/Projects/Web/Node/verticals-backend/src/components/response/rest.js": {"path":"/Users/xom9ik/Projects/Web/Node/verticals-backend/src/components/response/rest.js","statementMap":{"0":{"start":{"line":2,"column":20},"end":{"line":2,"column":44}},"1":{"start":{"line":4,"column":15},"end":{"line":7,"column":1}},"2":{"start":{"line":9,"column":16},"end":{"line":12,"column":1}},"3":{"start":{"line":21,"column":4},"end":{"line":21,"column":50}},"4":{"start":{"line":25,"column":4},"end":{"line":29,"column":7}},"5":{"start":{"line":30,"column":4},"end":{"line":37,"column":9}},"6":{"start":{"line":41,"column":4},"end":{"line":41,"column":57}},"7":{"start":{"line":45,"column":4},"end":{"line":45,"column":57}},"8":{"start":{"line":49,"column":0},"end":{"line":51,"column":2}}},"fnMap":{"0":{"name":"(anonymous_0)","decl":{"start":{"line":15,"column":2},"end":{"line":15,"column":3}},"loc":{"start":{"line":20,"column":4},"end":{"line":22,"column":3}},"line":20},"1":{"name":"(anonymous_1)","decl":{"start":{"line":24,"column":2},"end":{"line":24,"column":3}},"loc":{"start":{"line":24,"column":39},"end":{"line":38,"column":3}},"line":24},"2":{"name":"(anonymous_2)","decl":{"start":{"line":40,"column":2},"end":{"line":40,"column":3}},"loc":{"start":{"line":40,"column":51},"end":{"line":42,"column":3}},"line":40},"3":{"name":"(anonymous_3)","decl":{"start":{"line":44,"column":2},"end":{"line":44,"column":3}},"loc":{"start":{"line":44,"column":51},"end":{"line":46,"column":3}},"line":44}},"branchMap":{"0":{"loc":{"start":{"line":17,"column":4},"end":{"line":17,"column":28}},"type":"default-arg","locations":[{"start":{"line":17,"column":14},"end":{"line":17,"column":28}}],"line":17},"1":{"loc":{"start":{"line":18,"column":4},"end":{"line":18,"column":25}},"type":"default-arg","locations":[{"start":{"line":18,"column":10},"end":{"line":18,"column":25}}],"line":18},"2":{"loc":{"start":{"line":40,"column":22},"end":{"line":40,"column":43}},"type":"default-arg","locations":[{"start":{"line":40,"column":28},"end":{"line":40,"column":43}}],"line":40},"3":{"loc":{"start":{"line":44,"column":22},"end":{"line":44,"column":43}},"type":"default-arg","locations":[{"start":{"line":44,"column":28},"end":{"line":44,"column":43}}],"line":44}},"s":{"0":10,"1":10,"2":10,"3":121,"4":4583,"5":4583,"6":56,"7":4406,"8":10},"f":{"0":121,"1":4583,"2":56,"3":4406},"b":{"0":[0],"1":[0],"2":[0],"3":[0]},"_coverageSchema":"1a1c01bbd47fc00a2c39e90264f33305004495a9","hash":"1ef916bf1115e2ac3b607bc4a8ba794b4ea233f8"}
,"/Users/xom9ik/Projects/Web/Node/verticals-backend/src/components/response/socket.js": {"path":"/Users/xom9ik/Projects/Web/Node/verticals-backend/src/components/response/socket.js","statementMap":{"0":{"start":{"line":4,"column":13},"end":{"line":7,"column":1}},"1":{"start":{"line":15,"column":4},"end":{"line":15,"column":52}},"2":{"start":{"line":19,"column":4},"end":{"line":22,"column":7}},"3":{"start":{"line":26,"column":4},"end":{"line":26,"column":57}},"4":{"start":{"line":30,"column":4},"end":{"line":30,"column":56}},"5":{"start":{"line":34,"column":0},"end":{"line":36,"column":2}}},"fnMap":{"0":{"name":"(anonymous_0)","decl":{"start":{"line":10,"column":2},"end":{"line":10,"column":3}},"loc":{"start":{"line":14,"column":4},"end":{"line":16,"column":3}},"line":14},"1":{"name":"(anonymous_1)","decl":{"start":{"line":18,"column":2},"end":{"line":18,"column":3}},"loc":{"start":{"line":18,"column":42},"end":{"line":23,"column":3}},"line":18},"2":{"name":"(anonymous_2)","decl":{"start":{"line":25,"column":2},"end":{"line":25,"column":3}},"loc":{"start":{"line":25,"column":36},"end":{"line":27,"column":3}},"line":25},"3":{"name":"(anonymous_3)","decl":{"start":{"line":29,"column":2},"end":{"line":29,"column":3}},"loc":{"start":{"line":29,"column":38},"end":{"line":31,"column":3}},"line":29}},"branchMap":{},"s":{"0":10,"1":0,"2":0,"3":0,"4":0,"5":10},"f":{"0":0,"1":0,"2":0,"3":0},"b":{},"_coverageSchema":"1a1c01bbd47fc00a2c39e90264f33305004495a9","hash":"38066134c5aca9739238dbbe63bc2a590d524df3"}
,"/Users/xom9ik/Projects/Web/Node/verticals-backend/src/components/transformer/index.js": {"path":"/Users/xom9ik/Projects/Web/Node/verticals-backend/src/components/transformer/index.js","statementMap":{"0":{"start":{"line":3,"column":4},"end":{"line":3,"column":15}},"1":{"start":{"line":7,"column":4},"end":{"line":7,"column":74}},"2":{"start":{"line":11,"column":0},"end":{"line":13,"column":2}}},"fnMap":{"0":{"name":"(anonymous_0)","decl":{"start":{"line":6,"column":2},"end":{"line":6,"column":3}},"loc":{"start":{"line":6,"column":30},"end":{"line":8,"column":3}},"line":6}},"branchMap":{"0":{"loc":{"start":{"line":7,"column":11},"end":{"line":7,"column":73}},"type":"cond-expr","locations":[{"start":{"line":7,"column":26},"end":{"line":7,"column":58}},{"start":{"line":7,"column":61},"end":{"line":7,"column":73}}],"line":7}},"s":{"0":10,"1":10,"2":10},"f":{"0":10},"b":{"0":[8,2]},"_coverageSchema":"1a1c01bbd47fc00a2c39e90264f33305004495a9","hash":"644bd3ee8c63cb433b130796362ca66a3fc4fe40"}
,"/Users/xom9ik/Projects/Web/Node/verticals-backend/src/constants/index.js": {"path":"/Users/xom9ik/Projects/Web/Node/verticals-backend/src/constants/index.js","statementMap":{"0":{"start":{"line":1,"column":0},"end":{"line":37,"column":2}}},"fnMap":{},"branchMap":{},"s":{"0":10},"f":{},"b":{},"_coverageSchema":"1a1c01bbd47fc00a2c39e90264f33305004495a9","hash":"5d7e763645b3345f83d6b670ea35cf4a3b30780d"}
,"/Users/xom9ik/Projects/Web/Node/verticals-backend/src/database/index.js": {"path":"/Users/xom9ik/Projects/Web/Node/verticals-backend/src/database/index.js","statementMap":{"0":{"start":{"line":1,"column":19},"end":{"line":1,"column":38}},"1":{"start":{"line":5,"column":4},"end":{"line":5,"column":31}},"2":{"start":{"line":9,"column":4},"end":{"line":9,"column":30}},"3":{"start":{"line":13,"column":4},"end":{"line":13,"column":31}},"4":{"start":{"line":17,"column":4},"end":{"line":17,"column":37}},"5":{"start":{"line":21,"column":4},"end":{"line":21,"column":32}},"6":{"start":{"line":25,"column":4},"end":{"line":25,"column":30}},"7":{"start":{"line":29,"column":4},"end":{"line":29,"column":33}},"8":{"start":{"line":33,"column":4},"end":{"line":33,"column":37}},"9":{"start":{"line":37,"column":4},"end":{"line":37,"column":39}},"10":{"start":{"line":41,"column":4},"end":{"line":41,"column":40}},"11":{"start":{"line":45,"column":4},"end":{"line":45,"column":38}},"12":{"start":{"line":49,"column":4},"end":{"line":49,"column":37}},"13":{"start":{"line":53,"column":0},"end":{"line":55,"column":2}}},"fnMap":{"0":{"name":"(anonymous_0)","decl":{"start":{"line":4,"column":2},"end":{"line":4,"column":3}},"loc":{"start":{"line":4,"column":15},"end":{"line":6,"column":3}},"line":4},"1":{"name":"(anonymous_1)","decl":{"start":{"line":8,"column":2},"end":{"line":8,"column":3}},"loc":{"start":{"line":8,"column":14},"end":{"line":10,"column":3}},"line":8},"2":{"name":"(anonymous_2)","decl":{"start":{"line":12,"column":2},"end":{"line":12,"column":3}},"loc":{"start":{"line":12,"column":15},"end":{"line":14,"column":3}},"line":12},"3":{"name":"(anonymous_3)","decl":{"start":{"line":16,"column":2},"end":{"line":16,"column":3}},"loc":{"start":{"line":16,"column":21},"end":{"line":18,"column":3}},"line":16},"4":{"name":"(anonymous_4)","decl":{"start":{"line":20,"column":2},"end":{"line":20,"column":3}},"loc":{"start":{"line":20,"column":16},"end":{"line":22,"column":3}},"line":20},"5":{"name":"(anonymous_5)","decl":{"start":{"line":24,"column":2},"end":{"line":24,"column":3}},"loc":{"start":{"line":24,"column":14},"end":{"line":26,"column":3}},"line":24},"6":{"name":"(anonymous_6)","decl":{"start":{"line":28,"column":2},"end":{"line":28,"column":3}},"loc":{"start":{"line":28,"column":17},"end":{"line":30,"column":3}},"line":28},"7":{"name":"(anonymous_7)","decl":{"start":{"line":32,"column":2},"end":{"line":32,"column":3}},"loc":{"start":{"line":32,"column":21},"end":{"line":34,"column":3}},"line":32},"8":{"name":"(anonymous_8)","decl":{"start":{"line":36,"column":2},"end":{"line":36,"column":3}},"loc":{"start":{"line":36,"column":23},"end":{"line":38,"column":3}},"line":36},"9":{"name":"(anonymous_9)","decl":{"start":{"line":40,"column":2},"end":{"line":40,"column":3}},"loc":{"start":{"line":40,"column":24},"end":{"line":42,"column":3}},"line":40},"10":{"name":"(anonymous_10)","decl":{"start":{"line":44,"column":2},"end":{"line":44,"column":3}},"loc":{"start":{"line":44,"column":22},"end":{"line":46,"column":3}},"line":44},"11":{"name":"(anonymous_11)","decl":{"start":{"line":48,"column":2},"end":{"line":48,"column":3}},"loc":{"start":{"line":48,"column":21},"end":{"line":50,"column":3}},"line":48}},"branchMap":{},"s":{"0":10,"1":4510,"2":634,"3":841,"4":4483,"5":3634,"6":2747,"7":1227,"8":12,"9":1879,"10":2584,"11":3896,"12":6,"13":10},"f":{"0":4510,"1":634,"2":841,"3":4483,"4":3634,"5":2747,"6":1227,"7":12,"8":1879,"9":2584,"10":3896,"11":6},"b":{},"_coverageSchema":"1a1c01bbd47fc00a2c39e90264f33305004495a9","hash":"eaa50663b792fa84bfdd22617a00b40ee63fe97e"}
,"/Users/xom9ik/Projects/Web/Node/verticals-backend/src/database/tables.js": {"path":"/Users/xom9ik/Projects/Web/Node/verticals-backend/src/database/tables.js","statementMap":{"0":{"start":{"line":1,"column":0},"end":{"line":16,"column":2}}},"fnMap":{},"branchMap":{},"s":{"0":10},"f":{},"b":{},"_coverageSchema":"1a1c01bbd47fc00a2c39e90264f33305004495a9","hash":"aaeb34d398948c7cef6dab8d0425ea11048ceac5"}
,"/Users/xom9ik/Projects/Web/Node/verticals-backend/src/database/triggers.js": {"path":"/Users/xom9ik/Projects/Web/Node/verticals-backend/src/database/triggers.js","statementMap":{"0":{"start":{"line":1,"column":0},"end":{"line":13,"column":2}}},"fnMap":{},"branchMap":{},"s":{"0":2},"f":{},"b":{},"_coverageSchema":"1a1c01bbd47fc00a2c39e90264f33305004495a9","hash":"da027782416f5896d36f7cf4db963bb80b7ba09c"}
,"/Users/xom9ik/Projects/Web/Node/verticals-backend/src/events/pg-events.js": {"path":"/Users/xom9ik/Projects/Web/Node/verticals-backend/src/events/pg-events.js","statementMap":{"0":{"start":{"line":2,"column":22},"end":{"line":2,"column":41}},"1":{"start":{"line":6,"column":4},"end":{"line":15,"column":7}},"2":{"start":{"line":7,"column":6},"end":{"line":9,"column":7}},"3":{"start":{"line":8,"column":8},"end":{"line":8,"column":41}},"4":{"start":{"line":10,"column":6},"end":{"line":10,"column":31}},"5":{"start":{"line":11,"column":6},"end":{"line":11,"column":33}},"6":{"start":{"line":12,"column":6},"end":{"line":12,"column":36}},"7":{"start":{"line":13,"column":6},"end":{"line":13,"column":30}},"8":{"start":{"line":14,"column":6},"end":{"line":14,"column":27}},"9":{"start":{"line":19,"column":4},"end":{"line":19,"column":48}},"10":{"start":{"line":20,"column":18},"end":{"line":20,"column":43}},"11":{"start":{"line":21,"column":4},"end":{"line":22,"column":50}},"12":{"start":{"line":21,"column":15},"end":{"line":21,"column":29}},"13":{"start":{"line":22,"column":9},"end":{"line":22,"column":50}},"14":{"start":{"line":26,"column":20},"end":{"line":29,"column":5}},"15":{"start":{"line":27,"column":6},"end":{"line":27,"column":42}},"16":{"start":{"line":28,"column":6},"end":{"line":28,"column":24}},"17":{"start":{"line":30,"column":4},"end":{"line":30,"column":42}},"18":{"start":{"line":31,"column":4},"end":{"line":31,"column":30}},"19":{"start":{"line":35,"column":18},"end":{"line":35,"column":43}},"20":{"start":{"line":36,"column":4},"end":{"line":36,"column":23}},"21":{"start":{"line":36,"column":16},"end":{"line":36,"column":23}},"22":{"start":{"line":37,"column":4},"end":{"line":44,"column":5}},"23":{"start":{"line":38,"column":6},"end":{"line":38,"column":29}},"24":{"start":{"line":39,"column":6},"end":{"line":42,"column":7}},"25":{"start":{"line":40,"column":8},"end":{"line":40,"column":37}},"26":{"start":{"line":41,"column":8},"end":{"line":41,"column":32}},"27":{"start":{"line":43,"column":6},"end":{"line":43,"column":13}},"28":{"start":{"line":46,"column":20},"end":{"line":46,"column":48}},"29":{"start":{"line":47,"column":4},"end":{"line":53,"column":5}},"30":{"start":{"line":48,"column":6},"end":{"line":48,"column":28}},"31":{"start":{"line":49,"column":6},"end":{"line":52,"column":7}},"32":{"start":{"line":50,"column":8},"end":{"line":50,"column":37}},"33":{"start":{"line":51,"column":8},"end":{"line":51,"column":32}},"34":{"start":{"line":55,"column":4},"end":{"line":58,"column":5}},"35":{"start":{"line":56,"column":6},"end":{"line":56,"column":35}},"36":{"start":{"line":57,"column":6},"end":{"line":57,"column":30}},"37":{"start":{"line":62,"column":4},"end":{"line":62,"column":50}},"38":{"start":{"line":66,"column":4},"end":{"line":72,"column":5}},"39":{"start":{"line":67,"column":6},"end":{"line":67,"column":35}},"40":{"start":{"line":68,"column":6},"end":{"line":68,"column":53}},"41":{"start":{"line":68,"column":37},"end":{"line":68,"column":51}},"42":{"start":{"line":70,"column":6},"end":{"line":70,"column":53}},"43":{"start":{"line":70,"column":37},"end":{"line":70,"column":51}},"44":{"start":{"line":71,"column":6},"end":{"line":71,"column":27}},"45":{"start":{"line":76,"column":18},"end":{"line":76,"column":43}},"46":{"start":{"line":77,"column":4},"end":{"line":77,"column":34}},"47":{"start":{"line":81,"column":18},"end":{"line":81,"column":43}},"48":{"start":{"line":82,"column":4},"end":{"line":82,"column":26}},"49":{"start":{"line":86,"column":4},"end":{"line":86,"column":36}},"50":{"start":{"line":90,"column":4},"end":{"line":95,"column":5}},"51":{"start":{"line":91,"column":6},"end":{"line":91,"column":60}},"52":{"start":{"line":92,"column":6},"end":{"line":92,"column":30}},"53":{"start":{"line":94,"column":6},"end":{"line":94,"column":22}},"54":{"start":{"line":99,"column":4},"end":{"line":99,"column":61}},"55":{"start":{"line":100,"column":4},"end":{"line":120,"column":7}},"56":{"start":{"line":101,"column":6},"end":{"line":119,"column":7}},"57":{"start":{"line":102,"column":28},"end":{"line":102,"column":32}},"58":{"start":{"line":103,"column":22},"end":{"line":103,"column":47}},"59":{"start":{"line":104,"column":8},"end":{"line":104,"column":27}},"60":{"start":{"line":104,"column":20},"end":{"line":104,"column":27}},"61":{"start":{"line":105,"column":8},"end":{"line":116,"column":9}},"62":{"start":{"line":106,"column":30},"end":{"line":106,"column":34}},"63":{"start":{"line":107,"column":32},"end":{"line":107,"column":85}},"64":{"start":{"line":108,"column":10},"end":{"line":111,"column":13}},"65":{"start":{"line":112,"column":10},"end":{"line":115,"column":13}},"66":{"start":{"line":118,"column":8},"end":{"line":118,"column":24}},"67":{"start":{"line":124,"column":0},"end":{"line":126,"column":2}}},"fnMap":{"0":{"name":"(anonymous_0)","decl":{"start":{"line":5,"column":2},"end":{"line":5,"column":3}},"loc":{"start":{"line":5,"column":16},"end":{"line":16,"column":3}},"line":5},"1":{"name":"(anonymous_1)","decl":{"start":{"line":6,"column":23},"end":{"line":6,"column":24}},"loc":{"start":{"line":6,"column":42},"end":{"line":15,"column":5}},"line":6},"2":{"name":"(anonymous_2)","decl":{"start":{"line":18,"column":2},"end":{"line":18,"column":3}},"loc":{"start":{"line":18,"column":18},"end":{"line":23,"column":3}},"line":18},"3":{"name":"(anonymous_3)","decl":{"start":{"line":25,"column":2},"end":{"line":25,"column":3}},"loc":{"start":{"line":25,"column":26},"end":{"line":32,"column":3}},"line":25},"4":{"name":"(anonymous_4)","decl":{"start":{"line":26,"column":20},"end":{"line":26,"column":21}},"loc":{"start":{"line":26,"column":39},"end":{"line":29,"column":5}},"line":26},"5":{"name":"(anonymous_5)","decl":{"start":{"line":34,"column":2},"end":{"line":34,"column":3}},"loc":{"start":{"line":34,"column":34},"end":{"line":59,"column":3}},"line":34},"6":{"name":"(anonymous_6)","decl":{"start":{"line":61,"column":2},"end":{"line":61,"column":3}},"loc":{"start":{"line":61,"column":21},"end":{"line":63,"column":3}},"line":61},"7":{"name":"(anonymous_7)","decl":{"start":{"line":65,"column":2},"end":{"line":65,"column":3}},"loc":{"start":{"line":65,"column":17},"end":{"line":73,"column":3}},"line":65},"8":{"name":"(anonymous_8)","decl":{"start":{"line":68,"column":30},"end":{"line":68,"column":31}},"loc":{"start":{"line":68,"column":37},"end":{"line":68,"column":51}},"line":68},"9":{"name":"(anonymous_9)","decl":{"start":{"line":70,"column":30},"end":{"line":70,"column":31}},"loc":{"start":{"line":70,"column":37},"end":{"line":70,"column":51}},"line":70},"10":{"name":"(anonymous_10)","decl":{"start":{"line":75,"column":2},"end":{"line":75,"column":3}},"loc":{"start":{"line":75,"column":17},"end":{"line":78,"column":3}},"line":75},"11":{"name":"(anonymous_11)","decl":{"start":{"line":80,"column":2},"end":{"line":80,"column":3}},"loc":{"start":{"line":80,"column":21},"end":{"line":83,"column":3}},"line":80},"12":{"name":"(anonymous_12)","decl":{"start":{"line":85,"column":2},"end":{"line":85,"column":3}},"loc":{"start":{"line":85,"column":13},"end":{"line":87,"column":3}},"line":85},"13":{"name":"(anonymous_13)","decl":{"start":{"line":89,"column":2},"end":{"line":89,"column":3}},"loc":{"start":{"line":89,"column":28},"end":{"line":96,"column":3}},"line":89},"14":{"name":"(anonymous_14)","decl":{"start":{"line":98,"column":2},"end":{"line":98,"column":3}},"loc":{"start":{"line":98,"column":27},"end":{"line":121,"column":3}},"line":98},"15":{"name":"(anonymous_15)","decl":{"start":{"line":100,"column":40},"end":{"line":100,"column":41}},"loc":{"start":{"line":100,"column":50},"end":{"line":120,"column":5}},"line":100}},"branchMap":{"0":{"loc":{"start":{"line":7,"column":6},"end":{"line":9,"column":7}},"type":"if","locations":[{"start":{"line":7,"column":6},"end":{"line":9,"column":7}},{"start":{"line":7,"column":6},"end":{"line":9,"column":7}}],"line":7},"1":{"loc":{"start":{"line":21,"column":4},"end":{"line":22,"column":50}},"type":"if","locations":[{"start":{"line":21,"column":4},"end":{"line":22,"column":50}},{"start":{"line":21,"column":4},"end":{"line":22,"column":50}}],"line":21},"2":{"loc":{"start":{"line":36,"column":4},"end":{"line":36,"column":23}},"type":"if","locations":[{"start":{"line":36,"column":4},"end":{"line":36,"column":23}},{"start":{"line":36,"column":4},"end":{"line":36,"column":23}}],"line":36},"3":{"loc":{"start":{"line":37,"column":4},"end":{"line":44,"column":5}},"type":"if","locations":[{"start":{"line":37,"column":4},"end":{"line":44,"column":5}},{"start":{"line":37,"column":4},"end":{"line":44,"column":5}}],"line":37},"4":{"loc":{"start":{"line":39,"column":6},"end":{"line":42,"column":7}},"type":"if","locations":[{"start":{"line":39,"column":6},"end":{"line":42,"column":7}},{"start":{"line":39,"column":6},"end":{"line":42,"column":7}}],"line":39},"5":{"loc":{"start":{"line":47,"column":4},"end":{"line":53,"column":5}},"type":"if","locations":[{"start":{"line":47,"column":4},"end":{"line":53,"column":5}},{"start":{"line":47,"column":4},"end":{"line":53,"column":5}}],"line":47},"6":{"loc":{"start":{"line":49,"column":6},"end":{"line":52,"column":7}},"type":"if","locations":[{"start":{"line":49,"column":6},"end":{"line":52,"column":7}},{"start":{"line":49,"column":6},"end":{"line":52,"column":7}}],"line":49},"7":{"loc":{"start":{"line":55,"column":4},"end":{"line":58,"column":5}},"type":"if","locations":[{"start":{"line":55,"column":4},"end":{"line":58,"column":5}},{"start":{"line":55,"column":4},"end":{"line":58,"column":5}}],"line":55},"8":{"loc":{"start":{"line":66,"column":4},"end":{"line":72,"column":5}},"type":"if","locations":[{"start":{"line":66,"column":4},"end":{"line":72,"column":5}},{"start":{"line":66,"column":4},"end":{"line":72,"column":5}}],"line":66},"9":{"loc":{"start":{"line":77,"column":11},"end":{"line":77,"column":33}},"type":"cond-expr","locations":[{"start":{"line":77,"column":19},"end":{"line":77,"column":29}},{"start":{"line":77,"column":32},"end":{"line":77,"column":33}}],"line":77},"10":{"loc":{"start":{"line":104,"column":8},"end":{"line":104,"column":27}},"type":"if","locations":[{"start":{"line":104,"column":8},"end":{"line":104,"column":27}},{"start":{"line":104,"column":8},"end":{"line":104,"column":27}}],"line":104}},"s":{"0":2,"1":2,"2":2,"3":0,"4":2,"5":2,"6":2,"7":2,"8":2,"9":18,"10":18,"11":18,"12":0,"13":18,"14":0,"15":0,"16":0,"17":0,"18":0,"19":18,"20":18,"21":0,"22":18,"23":0,"24":0,"25":0,"26":0,"27":0,"28":18,"29":18,"30":0,"31":0,"32":0,"33":0,"34":18,"35":18,"36":18,"37":18,"38":2,"39":0,"40":0,"41":0,"42":2,"43":18,"44":2,"45":0,"46":0,"47":0,"48":0,"49":2,"50":2,"51":2,"52":2,"53":0,"54":2,"55":2,"56":14407,"57":14407,"58":14407,"59":14407,"60":4,"61":14403,"62":14403,"63":14403,"64":14403,"65":14403,"66":0,"67":2},"f":{"0":2,"1":2,"2":18,"3":0,"4":0,"5":18,"6":18,"7":2,"8":0,"9":18,"10":0,"11":0,"12":2,"13":2,"14":2,"15":14407},"b":{"0":[0,2],"1":[0,18],"2":[0,18],"3":[0,18],"4":[0,0],"5":[0,18],"6":[0,0],"7":[18,0],"8":[0,2],"9":[0,0],"10":[4,14403]},"_coverageSchema":"1a1c01bbd47fc00a2c39e90264f33305004495a9","hash":"0d66b08f8dfee78e930e740b997632b5c12c9bec"}
,"/Users/xom9ik/Projects/Web/Node/verticals-backend/src/events/subscriber.js": {"path":"/Users/xom9ik/Projects/Web/Node/verticals-backend/src/events/subscriber.js","statementMap":{"0":{"start":{"line":1,"column":20},"end":{"line":1,"column":42}},"1":{"start":{"line":2,"column":21},"end":{"line":2,"column":52}},"2":{"start":{"line":3,"column":30},"end":{"line":3,"column":69}},"3":{"start":{"line":4,"column":34},"end":{"line":4,"column":78}},"4":{"start":{"line":8,"column":4},"end":{"line":8,"column":39}},"5":{"start":{"line":9,"column":4},"end":{"line":9,"column":90}},"6":{"start":{"line":10,"column":4},"end":{"line":10,"column":78}},"7":{"start":{"line":11,"column":4},"end":{"line":11,"column":79}},"8":{"start":{"line":12,"column":4},"end":{"line":12,"column":77}},"9":{"start":{"line":13,"column":4},"end":{"line":13,"column":80}},"10":{"start":{"line":14,"column":4},"end":{"line":14,"column":85}},"11":{"start":{"line":15,"column":4},"end":{"line":15,"column":86}},"12":{"start":{"line":16,"column":4},"end":{"line":16,"column":87}},"13":{"start":{"line":17,"column":4},"end":{"line":17,"column":85}},"14":{"start":{"line":21,"column":4},"end":{"line":27,"column":5}},"15":{"start":{"line":22,"column":6},"end":{"line":22,"column":32}},"16":{"start":{"line":22,"column":25},"end":{"line":22,"column":32}},"17":{"start":{"line":23,"column":6},"end":{"line":23,"column":27}},"18":{"start":{"line":24,"column":6},"end":{"line":24,"column":45}},"19":{"start":{"line":26,"column":6},"end":{"line":26,"column":22}},"20":{"start":{"line":31,"column":0},"end":{"line":33,"column":2}}},"fnMap":{"0":{"name":"(anonymous_0)","decl":{"start":{"line":7,"column":2},"end":{"line":7,"column":3}},"loc":{"start":{"line":7,"column":20},"end":{"line":18,"column":3}},"line":7},"1":{"name":"(anonymous_1)","decl":{"start":{"line":20,"column":2},"end":{"line":20,"column":3}},"loc":{"start":{"line":20,"column":22},"end":{"line":28,"column":3}},"line":20}},"branchMap":{"0":{"loc":{"start":{"line":22,"column":6},"end":{"line":22,"column":32}},"type":"if","locations":[{"start":{"line":22,"column":6},"end":{"line":22,"column":32}},{"start":{"line":22,"column":6},"end":{"line":22,"column":32}}],"line":22}},"s":{"0":2,"1":2,"2":2,"3":2,"4":2,"5":2,"6":2,"7":2,"8":2,"9":2,"10":2,"11":2,"12":2,"13":2,"14":2,"15":2,"16":0,"17":2,"18":2,"19":0,"20":2},"f":{"0":2,"1":2},"b":{"0":[0,2]},"_coverageSchema":"1a1c01bbd47fc00a2c39e90264f33305004495a9","hash":"4a6c32e04e3448fd29285fd509f80f194e7cf20d"}
,"/Users/xom9ik/Projects/Web/Node/verticals-backend/src/events/modules/comment-file/controller.js": {"path":"/Users/xom9ik/Projects/Web/Node/verticals-backend/src/events/modules/comment-file/controller.js","statementMap":{"0":{"start":{"line":1,"column":26},"end":{"line":1,"column":61}},"1":{"start":{"line":5,"column":21},"end":{"line":5,"column":32}},"2":{"start":{"line":6,"column":4},"end":{"line":10,"column":5}},"3":{"start":{"line":7,"column":6},"end":{"line":7,"column":43}},"4":{"start":{"line":9,"column":6},"end":{"line":9,"column":26}},"5":{"start":{"line":14,"column":0},"end":{"line":16,"column":2}}},"fnMap":{"0":{"name":"(anonymous_0)","decl":{"start":{"line":4,"column":2},"end":{"line":4,"column":3}},"loc":{"start":{"line":4,"column":32},"end":{"line":11,"column":3}},"line":4}},"branchMap":{},"s":{"0":2,"1":3,"2":3,"3":3,"4":1,"5":2},"f":{"0":3},"b":{},"_coverageSchema":"1a1c01bbd47fc00a2c39e90264f33305004495a9","hash":"7fdbf1926e04f1edda3772e69e5403e6a2907676"}
,"/Users/xom9ik/Projects/Web/Node/verticals-backend/src/events/modules/updates/controller.js": {"path":"/Users/xom9ik/Projects/Web/Node/verticals-backend/src/events/modules/updates/controller.js","statementMap":{"0":{"start":{"line":1,"column":23},"end":{"line":1,"column":52}},"1":{"start":{"line":5,"column":4},"end":{"line":33,"column":5}},"2":{"start":{"line":8,"column":10},"end":{"line":8,"column":14}},"3":{"start":{"line":9,"column":6},"end":{"line":9,"column":57}},"4":{"start":{"line":10,"column":6},"end":{"line":30,"column":7}},"5":{"start":{"line":11,"column":26},"end":{"line":11,"column":54}},"6":{"start":{"line":12,"column":24},"end":{"line":12,"column":48}},"7":{"start":{"line":13,"column":8},"end":{"line":13,"column":32}},"8":{"start":{"line":14,"column":8},"end":{"line":14,"column":32}},"9":{"start":{"line":15,"column":29},"end":{"line":20,"column":9}},"10":{"start":{"line":21,"column":8},"end":{"line":23,"column":9}},"11":{"start":{"line":22,"column":10},"end":{"line":22,"column":87}},"12":{"start":{"line":24,"column":25},"end":{"line":27,"column":9}},"13":{"start":{"line":28,"column":8},"end":{"line":28,"column":61}},"14":{"start":{"line":29,"column":8},"end":{"line":29,"column":79}},"15":{"start":{"line":29,"column":45},"end":{"line":29,"column":77}},"16":{"start":{"line":32,"column":6},"end":{"line":32,"column":22}},"17":{"start":{"line":37,"column":0},"end":{"line":39,"column":2}}},"fnMap":{"0":{"name":"(anonymous_0)","decl":{"start":{"line":4,"column":2},"end":{"line":4,"column":3}},"loc":{"start":{"line":4,"column":31},"end":{"line":34,"column":3}},"line":4},"1":{"name":"(anonymous_1)","decl":{"start":{"line":29,"column":32},"end":{"line":29,"column":33}},"loc":{"start":{"line":29,"column":45},"end":{"line":29,"column":77}},"line":29}},"branchMap":{"0":{"loc":{"start":{"line":10,"column":6},"end":{"line":30,"column":7}},"type":"if","locations":[{"start":{"line":10,"column":6},"end":{"line":30,"column":7}},{"start":{"line":10,"column":6},"end":{"line":30,"column":7}}],"line":10},"1":{"loc":{"start":{"line":21,"column":8},"end":{"line":23,"column":9}},"type":"if","locations":[{"start":{"line":21,"column":8},"end":{"line":23,"column":9}},{"start":{"line":21,"column":8},"end":{"line":23,"column":9}}],"line":21}},"s":{"0":2,"1":14400,"2":14400,"3":14400,"4":14400,"5":14372,"6":14372,"7":14372,"8":14372,"9":14372,"10":14372,"11":2053,"12":14372,"13":14372,"14":14372,"15":44736,"16":0,"17":2},"f":{"0":14400,"1":44736},"b":{"0":[14372,28],"1":[2053,12319]},"_coverageSchema":"1a1c01bbd47fc00a2c39e90264f33305004495a9","hash":"4f9483005bd6cd652e7ca970a54ef71cf012641a"}
,"/Users/xom9ik/Projects/Web/Node/verticals-backend/src/knex/index.js": {"path":"/Users/xom9ik/Projects/Web/Node/verticals-backend/src/knex/index.js","statementMap":{"0":{"start":{"line":2,"column":13},"end":{"line":2,"column":28}},"1":{"start":{"line":3,"column":22},"end":{"line":3,"column":41}},"2":{"start":{"line":4,"column":23},"end":{"line":4,"column":48}},"3":{"start":{"line":8,"column":4},"end":{"line":8,"column":15}},"4":{"start":{"line":9,"column":17},"end":{"line":9,"column":52}},"5":{"start":{"line":13,"column":4},"end":{"line":23,"column":7}},"6":{"start":{"line":18,"column":39},"end":{"line":18,"column":79}},"7":{"start":{"line":20,"column":8},"end":{"line":22,"column":57}},"8":{"start":{"line":24,"column":4},"end":{"line":26,"column":5}},"9":{"start":{"line":25,"column":6},"end":{"line":25,"column":46}},"10":{"start":{"line":27,"column":4},"end":{"line":33,"column":7}},"11":{"start":{"line":27,"column":38},"end":{"line":33,"column":6}},"12":{"start":{"line":28,"column":6},"end":{"line":32,"column":26}},"13":{"start":{"line":34,"column":4},"end":{"line":34,"column":21}},"14":{"start":{"line":38,"column":0},"end":{"line":40,"column":2}}},"fnMap":{"0":{"name":"(anonymous_0)","decl":{"start":{"line":12,"column":2},"end":{"line":12,"column":3}},"loc":{"start":{"line":12,"column":16},"end":{"line":35,"column":3}},"line":12},"1":{"name":"(anonymous_1)","decl":{"start":{"line":18,"column":27},"end":{"line":18,"column":28}},"loc":{"start":{"line":18,"column":39},"end":{"line":18,"column":79}},"line":18},"2":{"name":"(anonymous_2)","decl":{"start":{"line":19,"column":22},"end":{"line":19,"column":23}},"loc":{"start":{"line":20,"column":8},"end":{"line":22,"column":57}},"line":20},"3":{"name":"(anonymous_3)","decl":{"start":{"line":27,"column":32},"end":{"line":27,"column":33}},"loc":{"start":{"line":27,"column":38},"end":{"line":33,"column":6}},"line":27},"4":{"name":"(anonymous_4)","decl":{"start":{"line":27,"column":50},"end":{"line":27,"column":51}},"loc":{"start":{"line":27,"column":63},"end":{"line":33,"column":5}},"line":27}},"branchMap":{"0":{"loc":{"start":{"line":20,"column":8},"end":{"line":22,"column":57}},"type":"cond-expr","locations":[{"start":{"line":21,"column":12},"end":{"line":21,"column":17}},{"start":{"line":22,"column":12},"end":{"line":22,"column":57}}],"line":20},"1":{"loc":{"start":{"line":24,"column":4},"end":{"line":26,"column":5}},"type":"if","locations":[{"start":{"line":24,"column":4},"end":{"line":26,"column":5}},{"start":{"line":24,"column":4},"end":{"line":26,"column":5}}],"line":24},"2":{"loc":{"start":{"line":31,"column":15},"end":{"line":31,"column":66}},"type":"cond-expr","locations":[{"start":{"line":31,"column":31},"end":{"line":31,"column":50}},{"start":{"line":31,"column":53},"end":{"line":31,"column":66}}],"line":31}},"s":{"0":10,"1":10,"2":10,"3":10,"4":10,"5":10,"6":22448,"7":121349,"8":10,"9":10,"10":10,"11":10,"12":10,"13":10,"14":10},"f":{"0":10,"1":22448,"2":121349,"3":10,"4":10},"b":{"0":[4506,116843],"1":[10,0],"2":[10,0]},"_coverageSchema":"1a1c01bbd47fc00a2c39e90264f33305004495a9","hash":"b351baebaaad6716620fadbdfa5430efd9ef63d1"}
,"/Users/xom9ik/Projects/Web/Node/verticals-backend/src/lib/ws/index.js": {"path":"/Users/xom9ik/Projects/Web/Node/verticals-backend/src/lib/ws/index.js","statementMap":{"0":{"start":{"line":2,"column":18},"end":{"line":2,"column":31}},"1":{"start":{"line":3,"column":28},"end":{"line":3,"column":42}},"2":{"start":{"line":4,"column":24},"end":{"line":4,"column":51}},"3":{"start":{"line":5,"column":28},"end":{"line":5,"column":47}},"4":{"start":{"line":7,"column":35},"end":{"line":7,"column":46}},"5":{"start":{"line":11,"column":4},"end":{"line":14,"column":7}},"6":{"start":{"line":15,"column":4},"end":{"line":15,"column":63}},"7":{"start":{"line":16,"column":4},"end":{"line":16,"column":33}},"8":{"start":{"line":17,"column":4},"end":{"line":17,"column":38}},"9":{"start":{"line":21,"column":4},"end":{"line":21,"column":25}},"10":{"start":{"line":25,"column":4},"end":{"line":25,"column":36}},"11":{"start":{"line":29,"column":4},"end":{"line":29,"column":37}},"12":{"start":{"line":33,"column":20},"end":{"line":33,"column":22}},"13":{"start":{"line":34,"column":20},"end":{"line":34,"column":23}},"14":{"start":{"line":35,"column":42},"end":{"line":35,"column":61}},"15":{"start":{"line":36,"column":18},"end":{"line":36,"column":33}},"16":{"start":{"line":37,"column":4},"end":{"line":37,"column":32}},"17":{"start":{"line":38,"column":4},"end":{"line":38,"column":26}},"18":{"start":{"line":39,"column":4},"end":{"line":39,"column":19}},"19":{"start":{"line":43,"column":16},"end":{"line":43,"column":48}},"20":{"start":{"line":44,"column":4},"end":{"line":48,"column":5}},"21":{"start":{"line":45,"column":6},"end":{"line":45,"column":50}},"22":{"start":{"line":47,"column":6},"end":{"line":47,"column":57}},"23":{"start":{"line":49,"column":4},"end":{"line":49,"column":47}},"24":{"start":{"line":53,"column":16},"end":{"line":53,"column":48}},"25":{"start":{"line":54,"column":4},"end":{"line":56,"column":5}},"26":{"start":{"line":55,"column":6},"end":{"line":55,"column":53}},"27":{"start":{"line":57,"column":4},"end":{"line":57,"column":47}},"28":{"start":{"line":61,"column":4},"end":{"line":61,"column":39}},"29":{"start":{"line":65,"column":16},"end":{"line":65,"column":48}},"30":{"start":{"line":66,"column":4},"end":{"line":68,"column":5}},"31":{"start":{"line":67,"column":6},"end":{"line":67,"column":100}},"32":{"start":{"line":72,"column":4},"end":{"line":72,"column":38}},"33":{"start":{"line":74,"column":4},"end":{"line":74,"column":46}},"34":{"start":{"line":78,"column":4},"end":{"line":82,"column":7}},"35":{"start":{"line":79,"column":6},"end":{"line":81,"column":7}},"36":{"start":{"line":80,"column":8},"end":{"line":80,"column":36}},"37":{"start":{"line":86,"column":4},"end":{"line":86,"column":42}},"38":{"start":{"line":90,"column":18},"end":{"line":90,"column":20}},"39":{"start":{"line":91,"column":4},"end":{"line":111,"column":5}},"40":{"start":{"line":92,"column":6},"end":{"line":92,"column":38}},"41":{"start":{"line":93,"column":22},"end":{"line":93,"column":55}},"42":{"start":{"line":94,"column":6},"end":{"line":94,"column":44}},"43":{"start":{"line":95,"column":6},"end":{"line":95,"column":32}},"44":{"start":{"line":96,"column":6},"end":{"line":96,"column":48}},"45":{"start":{"line":97,"column":6},"end":{"line":102,"column":11}},"46":{"start":{"line":101,"column":10},"end":{"line":101,"column":57}},"47":{"start":{"line":103,"column":6},"end":{"line":107,"column":12}},"48":{"start":{"line":103,"column":40},"end":{"line":107,"column":10}},"49":{"start":{"line":106,"column":10},"end":{"line":106,"column":57}},"50":{"start":{"line":108,"column":6},"end":{"line":108,"column":58}},"51":{"start":{"line":108,"column":35},"end":{"line":108,"column":56}},"52":{"start":{"line":110,"column":6},"end":{"line":110,"column":53}},"53":{"start":{"line":115,"column":20},"end":{"line":115,"column":53}},"54":{"start":{"line":116,"column":4},"end":{"line":116,"column":80}},"55":{"start":{"line":120,"column":0},"end":{"line":123,"column":2}}},"fnMap":{"0":{"name":"(anonymous_0)","decl":{"start":{"line":10,"column":2},"end":{"line":10,"column":3}},"loc":{"start":{"line":10,"column":22},"end":{"line":18,"column":3}},"line":10},"1":{"name":"(anonymous_1)","decl":{"start":{"line":20,"column":2},"end":{"line":20,"column":3}},"loc":{"start":{"line":20,"column":14},"end":{"line":22,"column":3}},"line":20},"2":{"name":"(anonymous_2)","decl":{"start":{"line":24,"column":2},"end":{"line":24,"column":3}},"loc":{"start":{"line":24,"column":48},"end":{"line":26,"column":3}},"line":24},"3":{"name":"(anonymous_3)","decl":{"start":{"line":28,"column":2},"end":{"line":28,"column":3}},"loc":{"start":{"line":28,"column":32},"end":{"line":30,"column":3}},"line":28},"4":{"name":"(anonymous_4)","decl":{"start":{"line":32,"column":2},"end":{"line":32,"column":3}},"loc":{"start":{"line":32,"column":19},"end":{"line":40,"column":3}},"line":32},"5":{"name":"(anonymous_5)","decl":{"start":{"line":42,"column":2},"end":{"line":42,"column":3}},"loc":{"start":{"line":42,"column":31},"end":{"line":50,"column":3}},"line":42},"6":{"name":"(anonymous_6)","decl":{"start":{"line":52,"column":2},"end":{"line":52,"column":3}},"loc":{"start":{"line":52,"column":31},"end":{"line":58,"column":3}},"line":52},"7":{"name":"(anonymous_7)","decl":{"start":{"line":60,"column":2},"end":{"line":60,"column":3}},"loc":{"start":{"line":60,"column":30},"end":{"line":62,"column":3}},"line":60},"8":{"name":"(anonymous_8)","decl":{"start":{"line":64,"column":2},"end":{"line":64,"column":3}},"loc":{"start":{"line":64,"column":35},"end":{"line":69,"column":3}},"line":64},"9":{"name":"(anonymous_9)","decl":{"start":{"line":71,"column":2},"end":{"line":71,"column":3}},"loc":{"start":{"line":71,"column":48},"end":{"line":75,"column":3}},"line":71},"10":{"name":"(anonymous_10)","decl":{"start":{"line":77,"column":2},"end":{"line":77,"column":3}},"loc":{"start":{"line":77,"column":26},"end":{"line":83,"column":3}},"line":77},"11":{"name":"(anonymous_11)","decl":{"start":{"line":78,"column":29},"end":{"line":78,"column":30}},"loc":{"start":{"line":78,"column":54},"end":{"line":82,"column":5}},"line":78},"12":{"name":"(anonymous_12)","decl":{"start":{"line":85,"column":2},"end":{"line":85,"column":3}},"loc":{"start":{"line":85,"column":25},"end":{"line":87,"column":3}},"line":85},"13":{"name":"(anonymous_13)","decl":{"start":{"line":89,"column":2},"end":{"line":89,"column":3}},"loc":{"start":{"line":89,"column":38},"end":{"line":112,"column":3}},"line":89},"14":{"name":"(anonymous_14)","decl":{"start":{"line":100,"column":15},"end":{"line":100,"column":16}},"loc":{"start":{"line":100,"column":22},"end":{"line":102,"column":9}},"line":100},"15":{"name":"(anonymous_15)","decl":{"start":{"line":103,"column":31},"end":{"line":103,"column":32}},"loc":{"start":{"line":103,"column":40},"end":{"line":107,"column":10}},"line":103},"16":{"name":"(anonymous_16)","decl":{"start":{"line":105,"column":15},"end":{"line":105,"column":16}},"loc":{"start":{"line":105,"column":22},"end":{"line":107,"column":9}},"line":105},"17":{"name":"(anonymous_17)","decl":{"start":{"line":108,"column":29},"end":{"line":108,"column":30}},"loc":{"start":{"line":108,"column":35},"end":{"line":108,"column":56}},"line":108},"18":{"name":"(anonymous_18)","decl":{"start":{"line":114,"column":2},"end":{"line":114,"column":3}},"loc":{"start":{"line":114,"column":19},"end":{"line":117,"column":3}},"line":114}},"branchMap":{"0":{"loc":{"start":{"line":44,"column":4},"end":{"line":48,"column":5}},"type":"if","locations":[{"start":{"line":44,"column":4},"end":{"line":48,"column":5}},{"start":{"line":44,"column":4},"end":{"line":48,"column":5}}],"line":44},"1":{"loc":{"start":{"line":54,"column":4},"end":{"line":56,"column":5}},"type":"if","locations":[{"start":{"line":54,"column":4},"end":{"line":56,"column":5}},{"start":{"line":54,"column":4},"end":{"line":56,"column":5}}],"line":54},"2":{"loc":{"start":{"line":66,"column":4},"end":{"line":68,"column":5}},"type":"if","locations":[{"start":{"line":66,"column":4},"end":{"line":68,"column":5}},{"start":{"line":66,"column":4},"end":{"line":68,"column":5}}],"line":66},"3":{"loc":{"start":{"line":74,"column":21},"end":{"line":74,"column":35}},"type":"binary-expr","locations":[{"start":{"line":74,"column":21},"end":{"line":74,"column":27}},{"start":{"line":74,"column":31},"end":{"line":74,"column":35}}],"line":74},"4":{"loc":{"start":{"line":79,"column":6},"end":{"line":81,"column":7}},"type":"if","locations":[{"start":{"line":79,"column":6},"end":{"line":81,"column":7}},{"start":{"line":79,"column":6},"end":{"line":81,"column":7}}],"line":79},"5":{"loc":{"start":{"line":79,"column":10},"end":{"line":79,"column":36}},"type":"binary-expr","locations":[{"start":{"line":79,"column":10},"end":{"line":79,"column":17}},{"start":{"line":79,"column":21},"end":{"line":79,"column":36}}],"line":79}},"s":{"0":10,"1":10,"2":10,"3":10,"4":10,"5":10,"6":10,"7":10,"8":10,"9":10,"10":0,"11":10,"12":13,"13":13,"14":13,"15":13,"16":13,"17":13,"18":13,"19":13,"20":13,"21":0,"22":13,"23":13,"24":13,"25":13,"26":13,"27":13,"28":39,"29":13,"30":13,"31":0,"32":0,"33":0,"34":14372,"35":44736,"36":20,"37":20,"38":13,"39":13,"40":13,"41":13,"42":13,"43":13,"44":13,"45":13,"46":0,"47":13,"48":0,"49":0,"50":13,"51":13,"52":0,"53":13,"54":13,"55":10},"f":{"0":10,"1":10,"2":0,"3":10,"4":13,"5":13,"6":13,"7":39,"8":13,"9":0,"10":14372,"11":44736,"12":20,"13":13,"14":0,"15":0,"16":0,"17":13,"18":13},"b":{"0":[0,13],"1":[13,0],"2":[0,13],"3":[0,0],"4":[20,44716],"5":[44736,44736]},"_coverageSchema":"1a1c01bbd47fc00a2c39e90264f33305004495a9","hash":"de04248ff9b092e30a54f2414ff9dfc2bf6f3766"}
,"/Users/xom9ik/Projects/Web/Node/verticals-backend/src/lib/ws/router.js": {"path":"/Users/xom9ik/Projects/Web/Node/verticals-backend/src/lib/ws/router.js","statementMap":{"0":{"start":{"line":2,"column":24},"end":{"line":2,"column":57}},"1":{"start":{"line":6,"column":4},"end":{"line":6,"column":28}},"2":{"start":{"line":7,"column":4},"end":{"line":7,"column":29}},"3":{"start":{"line":11,"column":26},"end":{"line":11,"column":59}},"4":{"start":{"line":12,"column":25},"end":{"line":12,"column":80}},"5":{"start":{"line":12,"column":51},"end":{"line":12,"column":79}},"6":{"start":{"line":13,"column":17},"end":{"line":13,"column":32}},"7":{"start":{"line":14,"column":32},"end":{"line":14,"column":36}},"8":{"start":{"line":15,"column":27},"end":{"line":18,"column":5}},"9":{"start":{"line":19,"column":28},"end":{"line":19,"column":60}},"10":{"start":{"line":20,"column":4},"end":{"line":22,"column":6}},"11":{"start":{"line":26,"column":26},"end":{"line":26,"column":59}},"12":{"start":{"line":27,"column":4},"end":{"line":31,"column":5}},"13":{"start":{"line":28,"column":6},"end":{"line":30,"column":8}},"14":{"start":{"line":37,"column":4},"end":{"line":39,"column":5}},"15":{"start":{"line":38,"column":6},"end":{"line":38,"column":77}},"16":{"start":{"line":40,"column":4},"end":{"line":45,"column":5}},"17":{"start":{"line":41,"column":23},"end":{"line":41,"column":62}},"18":{"start":{"line":42,"column":6},"end":{"line":44,"column":7}},"19":{"start":{"line":43,"column":8},"end":{"line":43,"column":48}},"20":{"start":{"line":49,"column":4},"end":{"line":51,"column":5}},"21":{"start":{"line":50,"column":6},"end":{"line":50,"column":77}},"22":{"start":{"line":52,"column":4},"end":{"line":54,"column":5}},"23":{"start":{"line":53,"column":6},"end":{"line":53,"column":64}},"24":{"start":{"line":58,"column":4},"end":{"line":58,"column":32}},"25":{"start":{"line":62,"column":4},"end":{"line":62,"column":40}},"26":{"start":{"line":66,"column":0},"end":{"line":68,"column":2}}},"fnMap":{"0":{"name":"(anonymous_0)","decl":{"start":{"line":5,"column":2},"end":{"line":5,"column":3}},"loc":{"start":{"line":5,"column":16},"end":{"line":8,"column":3}},"line":5},"1":{"name":"(anonymous_1)","decl":{"start":{"line":10,"column":2},"end":{"line":10,"column":3}},"loc":{"start":{"line":10,"column":49},"end":{"line":23,"column":3}},"line":10},"2":{"name":"(anonymous_2)","decl":{"start":{"line":12,"column":44},"end":{"line":12,"column":45}},"loc":{"start":{"line":12,"column":51},"end":{"line":12,"column":79}},"line":12},"3":{"name":"(anonymous_3)","decl":{"start":{"line":25,"column":2},"end":{"line":25,"column":3}},"loc":{"start":{"line":25,"column":44},"end":{"line":32,"column":3}},"line":25},"4":{"name":"(anonymous_4)","decl":{"start":{"line":34,"column":2},"end":{"line":34,"column":3}},"loc":{"start":{"line":36,"column":4},"end":{"line":46,"column":3}},"line":36},"5":{"name":"(anonymous_5)","decl":{"start":{"line":48,"column":2},"end":{"line":48,"column":3}},"loc":{"start":{"line":48,"column":92},"end":{"line":55,"column":3}},"line":48},"6":{"name":"(anonymous_6)","decl":{"start":{"line":57,"column":2},"end":{"line":57,"column":3}},"loc":{"start":{"line":57,"column":24},"end":{"line":59,"column":3}},"line":57},"7":{"name":"(anonymous_7)","decl":{"start":{"line":61,"column":2},"end":{"line":61,"column":3}},"loc":{"start":{"line":61,"column":37},"end":{"line":63,"column":3}},"line":61}},"branchMap":{"0":{"loc":{"start":{"line":27,"column":4},"end":{"line":31,"column":5}},"type":"if","locations":[{"start":{"line":27,"column":4},"end":{"line":31,"column":5}},{"start":{"line":27,"column":4},"end":{"line":31,"column":5}}],"line":27},"1":{"loc":{"start":{"line":37,"column":4},"end":{"line":39,"column":5}},"type":"if","locations":[{"start":{"line":37,"column":4},"end":{"line":39,"column":5}},{"start":{"line":37,"column":4},"end":{"line":39,"column":5}}],"line":37},"2":{"loc":{"start":{"line":42,"column":6},"end":{"line":44,"column":7}},"type":"if","locations":[{"start":{"line":42,"column":6},"end":{"line":44,"column":7}},{"start":{"line":42,"column":6},"end":{"line":44,"column":7}}],"line":42},"3":{"loc":{"start":{"line":49,"column":4},"end":{"line":51,"column":5}},"type":"if","locations":[{"start":{"line":49,"column":4},"end":{"line":51,"column":5}},{"start":{"line":49,"column":4},"end":{"line":51,"column":5}}],"line":49}},"s":{"0":10,"1":10,"2":10,"3":0,"4":0,"5":0,"6":0,"7":0,"8":0,"9":0,"10":0,"11":13,"12":13,"13":13,"14":13,"15":0,"16":13,"17":26,"18":26,"19":26,"20":0,"21":0,"22":0,"23":0,"24":10,"25":0,"26":10},"f":{"0":10,"1":0,"2":0,"3":13,"4":13,"5":0,"6":10,"7":0},"b":{"0":[13,0],"1":[0,13],"2":[26,0],"3":[0,0]},"_coverageSchema":"1a1c01bbd47fc00a2c39e90264f33305004495a9","hash":"4781fbdd64705385b1effa1732d4bebf20054338"}
,"/Users/xom9ik/Projects/Web/Node/verticals-backend/src/logger/http.js": {"path":"/Users/xom9ik/Projects/Web/Node/verticals-backend/src/logger/http.js","statementMap":{"0":{"start":{"line":1,"column":12},"end":{"line":1,"column":38}},"1":{"start":{"line":2,"column":23},"end":{"line":2,"column":38}},"2":{"start":{"line":4,"column":15},"end":{"line":4,"column":39}},"3":{"start":{"line":5,"column":14},"end":{"line":5,"column":15}},"4":{"start":{"line":9,"column":4},"end":{"line":9,"column":17}},"5":{"start":{"line":10,"column":4},"end":{"line":10,"column":50}},"6":{"start":{"line":11,"column":4},"end":{"line":11,"column":26}},"7":{"start":{"line":12,"column":4},"end":{"line":20,"column":7}},"8":{"start":{"line":21,"column":4},"end":{"line":21,"column":11}},"9":{"start":{"line":25,"column":21},"end":{"line":25,"column":42}},"10":{"start":{"line":26,"column":4},"end":{"line":31,"column":7}},"11":{"start":{"line":32,"column":4},"end":{"line":32,"column":11}},"12":{"start":{"line":36,"column":4},"end":{"line":36,"column":30}},"13":{"start":{"line":37,"column":4},"end":{"line":37,"column":11}},"14":{"start":{"line":41,"column":0},"end":{"line":43,"column":2}}},"fnMap":{"0":{"name":"(anonymous_0)","decl":{"start":{"line":8,"column":2},"end":{"line":8,"column":3}},"loc":{"start":{"line":8,"column":26},"end":{"line":22,"column":3}},"line":8},"1":{"name":"(anonymous_1)","decl":{"start":{"line":24,"column":2},"end":{"line":24,"column":3}},"loc":{"start":{"line":24,"column":27},"end":{"line":33,"column":3}},"line":24},"2":{"name":"(anonymous_2)","decl":{"start":{"line":35,"column":2},"end":{"line":35,"column":3}},"loc":{"start":{"line":35,"column":41},"end":{"line":38,"column":3}},"line":35}},"branchMap":{},"s":{"0":10,"1":10,"2":10,"3":10,"4":4583,"5":4583,"6":4583,"7":4583,"8":4583,"9":4583,"10":4583,"11":4583,"12":4583,"13":4583,"14":10},"f":{"0":4583,"1":4583,"2":4583},"b":{},"_coverageSchema":"1a1c01bbd47fc00a2c39e90264f33305004495a9","hash":"f77f3b6d012ef464435a904a0ae5c14ba4c6f39c"}
[...]
,"/Users/xom9ik/Projects/Web/Node/verticals-backend/tests/helper/entities/board.js": {"path":"/Users/xom9ik/Projects/Web/Node/verticals-backend/tests/helper/entities/board.js","statementMap":{"0":{"start":{"line":1,"column":14},"end":{"line":1,"column":30}},"1":{"start":{"line":5,"column":4},"end":{"line":5,"column":17}},"2":{"start":{"line":6,"column":4},"end":{"line":6,"column":27}},"3":{"start":{"line":10,"column":24},"end":{"line":10,"column":77}},"4":{"start":{"line":11,"column":4},"end":{"line":11,"column":37}},"5":{"start":{"line":15,"column":4},"end":{"line":15,"column":37}},"6":{"start":{"line":19,"column":4},"end":{"line":19,"column":24}},"7":{"start":{"line":23,"column":0},"end":{"line":25,"column":2}}},"fnMap":{"0":{"name":"(anonymous_0)","decl":{"start":{"line":4,"column":2},"end":{"line":4,"column":3}},"loc":{"start":{"line":4,"column":27},"end":{"line":7,"column":3}},"line":4},"1":{"name":"(anonymous_1)","decl":{"start":{"line":9,"column":2},"end":{"line":9,"column":3}},"loc":{"start":{"line":9,"column":20},"end":{"line":12,"column":3}},"line":9},"2":{"name":"(anonymous_2)","decl":{"start":{"line":14,"column":2},"end":{"line":14,"column":3}},"loc":{"start":{"line":14,"column":22},"end":{"line":16,"column":3}},"line":14},"3":{"name":"(anonymous_3)","decl":{"start":{"line":18,"column":2},"end":{"line":18,"column":3}},"loc":{"start":{"line":18,"column":15},"end":{"line":20,"column":3}},"line":18}},"branchMap":{},"s":{"0":8,"1":608,"2":608,"3":94,"4":94,"5":0,"6":2,"7":8},"f":{"0":608,"1":94,"2":0,"3":2},"b":{},"_coverageSchema":"1a1c01bbd47fc00a2c39e90264f33305004495a9","hash":"54fdf0e07394077aecdef51292b15d28e5b5647f"}
,"/Users/xom9ik/Projects/Web/Node/verticals-backend/tests/helper/entities/column.js": {"path":"/Users/xom9ik/Projects/Web/Node/verticals-backend/tests/helper/entities/column.js","statementMap":{"0":{"start":{"line":1,"column":14},"end":{"line":1,"column":30}},"1":{"start":{"line":5,"column":4},"end":{"line":5,"column":17}},"2":{"start":{"line":6,"column":4},"end":{"line":6,"column":27}},"3":{"start":{"line":7,"column":4},"end":{"line":7,"column":23}},"4":{"start":{"line":11,"column":24},"end":{"line":11,"column":75}},"5":{"start":{"line":12,"column":4},"end":{"line":12,"column":35}},"6":{"start":{"line":16,"column":4},"end":{"line":16,"column":35}},"7":{"start":{"line":20,"column":0},"end":{"line":22,"column":2}}},"fnMap":{"0":{"name":"(anonymous_0)","decl":{"start":{"line":4,"column":2},"end":{"line":4,"column":3}},"loc":{"start":{"line":4,"column":34},"end":{"line":8,"column":3}},"line":4},"1":{"name":"(anonymous_1)","decl":{"start":{"line":10,"column":2},"end":{"line":10,"column":3}},"loc":{"start":{"line":10,"column":18},"end":{"line":13,"column":3}},"line":10},"2":{"name":"(anonymous_2)","decl":{"start":{"line":15,"column":2},"end":{"line":15,"column":3}},"loc":{"start":{"line":15,"column":20},"end":{"line":17,"column":3}},"line":15}},"branchMap":{},"s":{"0":8,"1":841,"2":841,"3":841,"4":52,"5":52,"6":4,"7":8},"f":{"0":841,"1":52,"2":4},"b":{},"_coverageSchema":"1a1c01bbd47fc00a2c39e90264f33305004495a9","hash":"14a7588c658341b523e776e41b39bca9a29a8090"}
,"/Users/xom9ik/Projects/Web/Node/verticals-backend/tests/helper/entities/todo.js": {"path":"/Users/xom9ik/Projects/Web/Node/verticals-backend/tests/helper/entities/todo.js","statementMap":{"0":{"start":{"line":1,"column":14},"end":{"line":1,"column":30}},"1":{"start":{"line":5,"column":4},"end":{"line":5,"column":17}},"2":{"start":{"line":6,"column":4},"end":{"line":6,"column":29}},"3":{"start":{"line":7,"column":4},"end":{"line":7,"column":29}},"4":{"start":{"line":11,"column":24},"end":{"line":11,"column":78}},"5":{"start":{"line":12,"column":4},"end":{"line":12,"column":38}},"6":{"start":{"line":16,"column":0},"end":{"line":18,"column":2}}},"fnMap":{"0":{"name":"(anonymous_0)","decl":{"start":{"line":4,"column":2},"end":{"line":4,"column":3}},"loc":{"start":{"line":4,"column":38},"end":{"line":8,"column":3}},"line":4},"1":{"name":"(anonymous_1)","decl":{"start":{"line":10,"column":2},"end":{"line":10,"column":3}},"loc":{"start":{"line":10,"column":21},"end":{"line":13,"column":3}},"line":10}},"branchMap":{},"s":{"0":8,"1":1472,"2":1472,"3":1472,"4":14,"5":14,"6":8},"f":{"0":1472,"1":14},"b":{},"_coverageSchema":"1a1c01bbd47fc00a2c39e90264f33305004495a9","hash":"0f26ea99353f51920dfff31b08f096bd0c754e3a"}
,"/Users/xom9ik/Projects/Web/Node/verticals-backend/tests/helper/entities/user.js": {"path":"/Users/xom9ik/Projects/Web/Node/verticals-backend/tests/helper/entities/user.js","statementMap":{"0":{"start":{"line":1,"column":14},"end":{"line":1,"column":30}},"1":{"start":{"line":5,"column":4},"end":{"line":5,"column":23}},"2":{"start":{"line":6,"column":4},"end":{"line":6,"column":37}},"3":{"start":{"line":7,"column":4},"end":{"line":7,"column":25}},"4":{"start":{"line":11,"column":4},"end":{"line":11,"column":22}},"5":{"start":{"line":15,"column":4},"end":{"line":15,"column":22}},"6":{"start":{"line":19,"column":4},"end":{"line":19,"column":61}},"7":{"start":{"line":19,"column":39},"end":{"line":19,"column":59}},"8":{"start":{"line":23,"column":24},"end":{"line":23,"column":76}},"9":{"start":{"line":24,"column":4},"end":{"line":24,"column":36}},"10":{"start":{"line":28,"column":4},"end":{"line":28,"column":36}},"11":{"start":{"line":32,"column":4},"end":{"line":32,"column":48}},"12":{"start":{"line":32,"column":38},"end":{"line":32,"column":46}},"13":{"start":{"line":36,"column":4},"end":{"line":36,"column":51}},"14":{"start":{"line":40,"column":4},"end":{"line":40,"column":37}},"15":{"start":{"line":45,"column":4},"end":{"line":45,"column":59}},"16":{"start":{"line":49,"column":22},"end":{"line":49,"column":24}},"17":{"start":{"line":50,"column":4},"end":{"line":54,"column":7}},"18":{"start":{"line":51,"column":6},"end":{"line":53,"column":9}},"19":{"start":{"line":52,"column":8},"end":{"line":52,"column":34}},"20":{"start":{"line":55,"column":4},"end":{"line":55,"column":21}},"21":{"start":{"line":59,"column":4},"end":{"line":59,"column":67}},"22":{"start":{"line":63,"column":4},"end":{"line":63,"column":35}},"23":{"start":{"line":68,"column":4},"end":{"line":68,"column":75}},"24":{"start":{"line":72,"column":20},"end":{"line":72,"column":22}},"25":{"start":{"line":73,"column":4},"end":{"line":79,"column":7}},"26":{"start":{"line":74,"column":6},"end":{"line":78,"column":9}},"27":{"start":{"line":75,"column":8},"end":{"line":77,"column":11}},"28":{"start":{"line":76,"column":10},"end":{"line":76,"column":32}},"29":{"start":{"line":80,"column":4},"end":{"line":80,"column":19}},"30":{"start":{"line":84,"column":4},"end":{"line":84,"column":86}},"31":{"start":{"line":88,"column":4},"end":{"line":88,"column":38}},"32":{"start":{"line":92,"column":23},"end":{"line":92,"column":25}},"33":{"start":{"line":93,"column":4},"end":{"line":101,"column":7}},"34":{"start":{"line":94,"column":6},"end":{"line":100,"column":9}},"35":{"start":{"line":95,"column":8},"end":{"line":99,"column":11}},"36":{"start":{"line":96,"column":10},"end":{"line":98,"column":13}},"37":{"start":{"line":97,"column":12},"end":{"line":97,"column":40}},"38":{"start":{"line":102,"column":4},"end":{"line":102,"column":22}},"39":{"start":{"line":106,"column":0},"end":{"line":108,"column":2}}},"fnMap":{"0":{"name":"(anonymous_0)","decl":{"start":{"line":4,"column":2},"end":{"line":4,"column":3}},"loc":{"start":{"line":4,"column":43},"end":{"line":8,"column":3}},"line":4},"1":{"name":"(anonymous_1)","decl":{"start":{"line":10,"column":2},"end":{"line":10,"column":3}},"loc":{"start":{"line":10,"column":13},"end":{"line":12,"column":3}},"line":10},"2":{"name":"(anonymous_2)","decl":{"start":{"line":14,"column":2},"end":{"line":14,"column":3}},"loc":{"start":{"line":14,"column":20},"end":{"line":16,"column":3}},"line":14},"3":{"name":"(anonymous_3)","decl":{"start":{"line":18,"column":2},"end":{"line":18,"column":3}},"loc":{"start":{"line":18,"column":24},"end":{"line":20,"column":3}},"line":18},"4":{"name":"(anonymous_4)","decl":{"start":{"line":19,"column":28},"end":{"line":19,"column":29}},"loc":{"start":{"line":19,"column":39},"end":{"line":19,"column":59}},"line":19},"5":{"name":"(anonymous_5)","decl":{"start":{"line":22,"column":2},"end":{"line":22,"column":3}},"loc":{"start":{"line":22,"column":19},"end":{"line":25,"column":3}},"line":22},"6":{"name":"(anonymous_6)","decl":{"start":{"line":27,"column":2},"end":{"line":27,"column":3}},"loc":{"start":{"line":27,"column":21},"end":{"line":29,"column":3}},"line":27},"7":{"name":"(anonymous_7)","decl":{"start":{"line":31,"column":2},"end":{"line":31,"column":3}},"loc":{"start":{"line":31,"column":16},"end":{"line":33,"column":3}},"line":31},"8":{"name":"(anonymous_8)","decl":{"start":{"line":32,"column":27},"end":{"line":32,"column":28}},"loc":{"start":{"line":32,"column":38},"end":{"line":32,"column":46}},"line":32},"9":{"name":"(anonymous_9)","decl":{"start":{"line":35,"column":2},"end":{"line":35,"column":3}},"loc":{"start":{"line":35,"column":20},"end":{"line":37,"column":3}},"line":35},"10":{"name":"(anonymous_10)","decl":{"start":{"line":39,"column":2},"end":{"line":39,"column":3}},"loc":{"start":{"line":39,"column":22},"end":{"line":41,"column":3}},"line":39},"11":{"name":"(anonymous_11)","decl":{"start":{"line":44,"column":2},"end":{"line":44,"column":3}},"loc":{"start":{"line":44,"column":38},"end":{"line":46,"column":3}},"line":44},"12":{"name":"(anonymous_12)","decl":{"start":{"line":48,"column":2},"end":{"line":48,"column":3}},"loc":{"start":{"line":48,"column":17},"end":{"line":56,"column":3}},"line":48},"13":{"name":"(anonymous_13)","decl":{"start":{"line":50,"column":24},"end":{"line":50,"column":25}},"loc":{"start":{"line":50,"column":35},"end":{"line":54,"column":5}},"line":50},"14":{"name":"(anonymous_14)","decl":{"start":{"line":51,"column":28},"end":{"line":51,"column":29}},"loc":{"start":{"line":51,"column":40},"end":{"line":53,"column":7}},"line":51},"15":{"name":"(anonymous_15)","decl":{"start":{"line":58,"column":2},"end":{"line":58,"column":3}},"loc":{"start":{"line":58,"column":18},"end":{"line":60,"column":3}},"line":58},"16":{"name":"(anonymous_16)","decl":{"start":{"line":62,"column":2},"end":{"line":62,"column":3}},"loc":{"start":{"line":62,"column":20},"end":{"line":64,"column":3}},"line":62},"17":{"name":"(anonymous_17)","decl":{"start":{"line":67,"column":2},"end":{"line":67,"column":3}},"loc":{"start":{"line":67,"column":36},"end":{"line":69,"column":3}},"line":67},"18":{"name":"(anonymous_18)","decl":{"start":{"line":71,"column":2},"end":{"line":71,"column":3}},"loc":{"start":{"line":71,"column":15},"end":{"line":81,"column":3}},"line":71},"19":{"name":"(anonymous_19)","decl":{"start":{"line":73,"column":24},"end":{"line":73,"column":25}},"loc":{"start":{"line":73,"column":35},"end":{"line":79,"column":5}},"line":73},"20":{"name":"(anonymous_20)","decl":{"start":{"line":74,"column":28},"end":{"line":74,"column":29}},"loc":{"start":{"line":74,"column":40},"end":{"line":78,"column":7}},"line":74},"21":{"name":"(anonymous_21)","decl":{"start":{"line":75,"column":29},"end":{"line":75,"column":30}},"loc":{"start":{"line":75,"column":39},"end":{"line":77,"column":9}},"line":75},"22":{"name":"(anonymous_22)","decl":{"start":{"line":83,"column":2},"end":{"line":83,"column":3}},"loc":{"start":{"line":83,"column":21},"end":{"line":85,"column":3}},"line":83},"23":{"name":"(anonymous_23)","decl":{"start":{"line":87,"column":2},"end":{"line":87,"column":3}},"loc":{"start":{"line":87,"column":23},"end":{"line":89,"column":3}},"line":87},"24":{"name":"(anonymous_24)","decl":{"start":{"line":91,"column":2},"end":{"line":91,"column":3}},"loc":{"start":{"line":91,"column":18},"end":{"line":103,"column":3}},"line":91},"25":{"name":"(anonymous_25)","decl":{"start":{"line":93,"column":24},"end":{"line":93,"column":25}},"loc":{"start":{"line":93,"column":35},"end":{"line":101,"column":5}},"line":93},"26":{"name":"(anonymous_26)","decl":{"start":{"line":94,"column":28},"end":{"line":94,"column":29}},"loc":{"start":{"line":94,"column":40},"end":{"line":100,"column":7}},"line":94},"27":{"name":"(anonymous_27)","decl":{"start":{"line":95,"column":29},"end":{"line":95,"column":30}},"loc":{"start":{"line":95,"column":39},"end":{"line":99,"column":9}},"line":95},"28":{"name":"(anonymous_28)","decl":{"start":{"line":96,"column":32},"end":{"line":96,"column":33}},"loc":{"start":{"line":96,"column":45},"end":{"line":98,"column":11}},"line":96}},"branchMap":{},"s":{"0":8,"1":189,"2":189,"3":189,"4":146,"5":0,"6":10,"7":15,"8":119,"9":119,"10":33,"11":8,"12":32,"13":38,"14":36,"15":8,"16":2,"17":2,"18":8,"19":14,"20":2,"21":32,"22":30,"23":2,"24":2,"25":2,"26":8,"27":16,"28":46,"29":2,"30":14,"31":11,"32":0,"33":0,"34":0,"35":0,"36":0,"37":0,"38":0,"39":8},"f":{"0":189,"1":146,"2":0,"3":10,"4":15,"5":119,"6":33,"7":8,"8":32,"9":38,"10":36,"11":8,"12":2,"13":8,"14":14,"15":32,"16":30,"17":2,"18":2,"19":8,"20":16,"21":46,"22":14,"23":11,"24":0,"25":0,"26":0,"27":0,"28":0},"b":{},"_coverageSchema":"1a1c01bbd47fc00a2c39e90264f33305004495a9","hash":"3e5138a01790cd50478ea52f571a8506a079c300"}
,"/Users/xom9ik/Projects/Web/Node/verticals-backend/tests/request/fastify.js": {"path":"/Users/xom9ik/Projects/Web/Node/verticals-backend/tests/request/fastify.js","statementMap":{"0":{"start":{"line":2,"column":11},"end":{"line":2,"column":24}},"1":{"start":{"line":3,"column":17},"end":{"line":3,"column":37}},"2":{"start":{"line":7,"column":4},"end":{"line":7,"column":19}},"3":{"start":{"line":8,"column":4},"end":{"line":8,"column":22}},"4":{"start":{"line":9,"column":4},"end":{"line":9,"column":22}},"5":{"start":{"line":13,"column":4},"end":{"line":13,"column":31}},"6":{"start":{"line":14,"column":4},"end":{"line":14,"column":16}},"7":{"start":{"line":18,"column":4},"end":{"line":18,"column":23}},"8":{"start":{"line":19,"column":4},"end":{"line":19,"column":16}},"9":{"start":{"line":23,"column":4},"end":{"line":23,"column":23}},"10":{"start":{"line":24,"column":4},"end":{"line":24,"column":24}},"11":{"start":{"line":25,"column":4},"end":{"line":25,"column":16}},"12":{"start":{"line":29,"column":4},"end":{"line":29,"column":23}},"13":{"start":{"line":30,"column":4},"end":{"line":30,"column":25}},"14":{"start":{"line":31,"column":4},"end":{"line":31,"column":16}},"15":{"start":{"line":35,"column":4},"end":{"line":35,"column":23}},"16":{"start":{"line":36,"column":4},"end":{"line":36,"column":26}},"17":{"start":{"line":37,"column":4},"end":{"line":37,"column":16}},"18":{"start":{"line":41,"column":4},"end":{"line":41,"column":23}},"19":{"start":{"line":42,"column":4},"end":{"line":42,"column":27}},"20":{"start":{"line":43,"column":4},"end":{"line":43,"column":16}},"21":{"start":{"line":47,"column":21},"end":{"line":53,"column":6}},"22":{"start":{"line":54,"column":4},"end":{"line":54,"column":46}},"23":{"start":{"line":55,"column":4},"end":{"line":55,"column":20}},"24":{"start":{"line":59,"column":17},"end":{"line":59,"column":31}},"25":{"start":{"line":60,"column":4},"end":{"line":60,"column":49}},"26":{"start":{"line":61,"column":4},"end":{"line":64,"column":6}},"27":{"start":{"line":65,"column":4},"end":{"line":65,"column":27}},"28":{"start":{"line":69,"column":0},"end":{"line":71,"column":2}}},"fnMap":{"0":{"name":"(anonymous_0)","decl":{"start":{"line":6,"column":2},"end":{"line":6,"column":3}},"loc":{"start":{"line":6,"column":19},"end":{"line":10,"column":3}},"line":6},"1":{"name":"(anonymous_1)","decl":{"start":{"line":12,"column":2},"end":{"line":12,"column":3}},"loc":{"start":{"line":12,"column":19},"end":{"line":15,"column":3}},"line":12},"2":{"name":"(anonymous_2)","decl":{"start":{"line":17,"column":2},"end":{"line":17,"column":3}},"loc":{"start":{"line":17,"column":13},"end":{"line":20,"column":3}},"line":17},"3":{"name":"(anonymous_3)","decl":{"start":{"line":22,"column":2},"end":{"line":22,"column":3}},"loc":{"start":{"line":22,"column":13},"end":{"line":26,"column":3}},"line":22},"4":{"name":"(anonymous_4)","decl":{"start":{"line":28,"column":2},"end":{"line":28,"column":3}},"loc":{"start":{"line":28,"column":14},"end":{"line":32,"column":3}},"line":28},"5":{"name":"(anonymous_5)","decl":{"start":{"line":34,"column":2},"end":{"line":34,"column":3}},"loc":{"start":{"line":34,"column":15},"end":{"line":38,"column":3}},"line":34},"6":{"name":"(anonymous_6)","decl":{"start":{"line":40,"column":2},"end":{"line":40,"column":3}},"loc":{"start":{"line":40,"column":16},"end":{"line":44,"column":3}},"line":40},"7":{"name":"(anonymous_7)","decl":{"start":{"line":46,"column":2},"end":{"line":46,"column":3}},"loc":{"start":{"line":46,"column":22},"end":{"line":56,"column":3}},"line":46},"8":{"name":"(anonymous_8)","decl":{"start":{"line":58,"column":2},"end":{"line":58,"column":3}},"loc":{"start":{"line":58,"column":21},"end":{"line":66,"column":3}},"line":58}},"branchMap":{},"s":{"0":10,"1":10,"2":3584,"3":3584,"4":3584,"5":3321,"6":3321,"7":14,"8":14,"9":50,"10":50,"11":50,"12":3495,"13":3495,"14":3495,"15":18,"16":18,"17":18,"18":21,"19":21,"20":21,"21":3584,"22":3584,"23":3584,"24":8,"25":8,"26":8,"27":8,"28":10},"f":{"0":3584,"1":3321,"2":14,"3":50,"4":3495,"5":18,"6":21,"7":3584,"8":8},"b":{},"_coverageSchema":"1a1c01bbd47fc00a2c39e90264f33305004495a9","hash":"efe171156c91f4bc98f57ded0fa47ade6227bba2"}
,"/Users/xom9ik/Projects/Web/Node/verticals-backend/tests/request/index.js": {"path":"/Users/xom9ik/Projects/Web/Node/verticals-backend/tests/request/index.js","statementMap":{"0":{"start":{"line":1,"column":27},"end":{"line":1,"column":47}},"1":{"start":{"line":2,"column":30},"end":{"line":2,"column":53}},"2":{"start":{"line":4,"column":0},"end":{"line":7,"column":2}}},"fnMap":{},"branchMap":{},"s":{"0":10,"1":10,"2":10},"f":{},"b":{},"_coverageSchema":"1a1c01bbd47fc00a2c39e90264f33305004495a9","hash":"a6211ca4a366488d751c993b57f6b249c288823e"}
,"/Users/xom9ik/Projects/Web/Node/verticals-backend/tests/request/superagent.js": {"path":"/Users/xom9ik/Projects/Web/Node/verticals-backend/tests/request/superagent.js","statementMap":{"0":{"start":{"line":1,"column":19},"end":{"line":1,"column":40}},"1":{"start":{"line":2,"column":27},"end":{"line":2,"column":57}},"2":{"start":{"line":6,"column":4},"end":{"line":8,"column":6}},"3":{"start":{"line":7,"column":21},"end":{"line":7,"column":68}},"4":{"start":{"line":12,"column":0},"end":{"line":14,"column":2}}},"fnMap":{"0":{"name":"(anonymous_0)","decl":{"start":{"line":5,"column":2},"end":{"line":5,"column":3}},"loc":{"start":{"line":5,"column":23},"end":{"line":9,"column":3}},"line":5},"1":{"name":"(anonymous_1)","decl":{"start":{"line":7,"column":15},"end":{"line":7,"column":16}},"loc":{"start":{"line":7,"column":21},"end":{"line":7,"column":68}},"line":7}},"branchMap":{},"s":{"0":10,"1":10,"2":1,"3":999,"4":10},"f":{"0":1,"1":999},"b":{},"_coverageSchema":"1a1c01bbd47fc00a2c39e90264f33305004495a9","hash":"935d928c2c49ca5e9e73985e2b769200b4b7b62d"}
}
