TN:
SF:knexfile.js
FNF:0
FNH:0
DA:1,10
DA:11,10
DA:13,10
LF:3
LH:3
BRF:0
BRH:0
end_of_record
TN:
SF:src/server.js
FN:15,(anonymous_0)
FN:21,(anonymous_1)
FN:22,(anonymous_2)
FN:28,(anonymous_3)
FN:35,(anonymous_4)
FN:40,(anonymous_5)
FNF:6
FNH:5
FNDA:0,(anonymous_0)
FNDA:10,(anonymous_1)
FNDA:999,(anonymous_2)
FNDA:10,(anonymous_3)
FNDA:10,(anonymous_4)
FNDA:4491,(anonymous_5)
DA:1,10
DA:2,10
DA:3,10
DA:4,10
DA:5,10
DA:6,10
DA:7,10
DA:8,10
DA:9,10
DA:10,10
DA:11,10
DA:13,10
DA:15,10
DA:16,0
DA:17,0
DA:21,10
DA:22,10
DA:23,999
DA:25,10
DA:28,10
DA:29,10
DA:30,10
DA:31,10
DA:32,10
DA:33,10
DA:34,10
DA:35,10
DA:36,10
DA:37,10
DA:41,4491
DA:42,4491
DA:44,0
DA:48,10
DA:57,10
DA:58,10
DA:59,10
DA:60,10
DA:61,10
DA:62,10
DA:65,10
DA:66,10
DA:67,10
DA:68,10
DA:71,10
LF:44
LH:41
BRDA:42,0,0,4491
BRDA:42,0,1,0
BRF:2
BRH:1
end_of_record
TN:
SF:src/components/index.js
FNF:0
FNH:0
DA:1,10
DA:2,10
DA:3,10
DA:4,10
DA:5,10
DA:6,10
DA:7,10
DA:8,10
DA:10,10
LF:9
LH:9
BRF:0
BRH:0
end_of_record
TN:
SF:src/components/auth/password.js
FN:4,(anonymous_0)
FN:8,(anonymous_1)
FNF:2
FNH:2
FNDA:206,(anonymous_0)
FNDA:10,(anonymous_1)
DA:1,10
DA:5,206
DA:9,10
DA:13,10
LF:4
LH:4
BRF:0
BRH:0
end_of_record
TN:
SF:src/components/auth/token.js
FN:7,(anonymous_0)
FN:27,(anonymous_1)
FNF:2
FNH:2
FNDA:219,(anonymous_0)
FNDA:8573,(anonymous_1)
DA:1,10
DA:2,10
DA:4,10
DA:12,219
DA:13,219
DA:21,219
DA:28,8573
DA:32,10
LF:8
LH:8
BRDA:9,0,0,216
BRDA:10,1,0,218
BRDA:27,2,0,8573
BRF:3
BRH:3
end_of_record
TN:
SF:src/components/auth/validator.js
FN:4,(anonymous_0)
FN:9,(anonymous_1)
FN:14,(anonymous_2)
FNF:3
FNH:3
FNDA:208,(anonymous_0)
FNDA:208,(anonymous_1)
FNDA:4285,(anonymous_2)
DA:1,10
DA:5,208
DA:6,208
DA:10,208
DA:11,208
DA:15,4285
DA:16,4285
DA:20,10
LF:8
LH:8
BRF:0
BRH:0
end_of_record
TN:
SF:src/components/error/general-error.js
FN:2,(anonymous_0)
FNF:1
FNH:1
FNDA:119,(anonymous_0)
DA:6,119
DA:7,119
DA:8,119
DA:12,10
LF:4
LH:4
BRDA:3,0,0,0
BRDA:4,1,0,0
BRF:2
BRH:0
end_of_record
TN:
SF:src/components/error/index.js
FNF:0
FNH:0
DA:1,10
DA:2,10
DA:3,10
DA:5,10
LF:4
LH:4
BRF:0
BRH:0
end_of_record
TN:
SF:src/components/error/rest.js
FN:25,(anonymous_0)
FN:31,(anonymous_1)
FN:37,(anonymous_2)
FN:43,(anonymous_3)
FN:49,(anonymous_4)
FN:55,(anonymous_5)
FN:61,(anonymous_6)
FNF:7
FNH:5
FNDA:57,(anonymous_0)
FNDA:30,(anonymous_1)
FNDA:29,(anonymous_2)
FNDA:0,(anonymous_3)
FNDA:1,(anonymous_4)
FNDA:2,(anonymous_5)
FNDA:0,(anonymous_6)
DA:2,10
DA:4,10
DA:14,10
DA:26,57
DA:32,30
DA:38,29
DA:44,0
DA:50,1
DA:56,2
DA:62,0
DA:66,10
LF:11
LH:9
BRDA:25,0,0,0
BRDA:31,1,0,0
BRDA:37,2,0,0
BRDA:43,3,0,0
BRDA:49,4,0,0
BRDA:55,5,0,0
BRDA:61,6,0,0
BRF:7
BRH:0
end_of_record
TN:
SF:src/components/error/socket.js
FN:21,(anonymous_0)
FN:27,(anonymous_1)
FN:34,(anonymous_2)
FN:40,(anonymous_3)
FN:46,(anonymous_4)
FNF:5
FNH:0
FNDA:0,(anonymous_0)
FNDA:0,(anonymous_1)
FNDA:0,(anonymous_2)
FNDA:0,(anonymous_3)
FNDA:0,(anonymous_4)
DA:2,10
DA:4,10
DA:12,10
DA:22,0
DA:28,0
DA:29,0
DA:35,0
DA:41,0
DA:47,0
DA:51,10
LF:10
LH:4
BRDA:21,0,0,0
BRDA:27,1,0,0
BRDA:34,2,0,0
BRDA:40,3,0,0
BRDA:46,4,0,0
BRF:5
BRH:0
end_of_record
TN:
SF:src/components/file/index.js
FN:13,(anonymous_0)
FN:20,(anonymous_1)
FN:24,(anonymous_2)
FN:26,(anonymous_3)
FN:32,(anonymous_4)
FN:36,(anonymous_5)
FN:38,(anonymous_6)
FN:41,(anonymous_7)
FN:50,(anonymous_8)
FN:51,(anonymous_9)
FN:67,(anonymous_10)
FN:76,(anonymous_11)
FNF:12
FNH:8
FNDA:10,(anonymous_0)
FNDA:20,(anonymous_1)
FNDA:0,(anonymous_2)
FNDA:0,(anonymous_3)
FNDA:0,(anonymous_4)
FNDA:3,(anonymous_5)
FNDA:3,(anonymous_6)
FNDA:3,(anonymous_7)
FNDA:7,(anonymous_8)
FNDA:7,(anonymous_9)
FNDA:7,(anonymous_10)
FNDA:0,(anonymous_11)
DA:1,10
DA:2,10
DA:3,10
DA:4,10
DA:10,10
DA:14,10
DA:21,20
DA:25,0
DA:26,0
DA:27,0
DA:28,0
DA:33,0
DA:37,3
DA:38,3
DA:39,3
DA:41,3
DA:42,3
DA:43,1
DA:45,3
DA:51,7
DA:54,7
DA:56,7
DA:58,7
DA:63,7
DA:65,7
DA:67,7
DA:76,7
DA:81,10
LF:28
LH:23
BRDA:37,0,0,0
BRDA:37,0,1,3
BRDA:42,1,0,1
BRDA:42,1,1,2
BRDA:56,2,0,7
BRDA:56,2,1,0
BRF:6
BRH:4
end_of_record
TN:
SF:src/components/position/index.js
FN:2,(anonymous_0)
FN:3,(anonymous_1)
FN:6,(anonymous_2)
FN:24,(anonymous_3)
FN:30,(anonymous_4)
FN:40,(anonymous_5)
FN:41,(anonymous_6)
FN:44,(anonymous_7)
FN:50,(anonymous_8)
FN:51,(anonymous_9)
FN:52,(anonymous_10)
FN:55,(anonymous_11)
FN:59,(anonymous_12)
FN:63,(anonymous_13)
FN:67,(anonymous_14)
FN:70,(anonymous_15)
FN:72,(anonymous_16)
FN:74,(anonymous_17)
FNF:18
FNH:9
FNDA:6,(anonymous_0)
FNDA:8,(anonymous_1)
FNDA:3212,(anonymous_2)
FNDA:0,(anonymous_3)
FNDA:0,(anonymous_4)
FNDA:5,(anonymous_5)
FNDA:9,(anonymous_6)
FNDA:0,(anonymous_7)
FNDA:0,(anonymous_8)
FNDA:0,(anonymous_9)
FNDA:0,(anonymous_10)
FNDA:0,(anonymous_11)
FNDA:0,(anonymous_12)
FNDA:0,(anonymous_13)
FNDA:2,(anonymous_14)
FNDA:6,(anonymous_15)
FNDA:8,(anonymous_16)
FNDA:8,(anonymous_17)
DA:3,8
DA:7,3212
DA:8,3212
DA:10,3212
DA:11,0
DA:12,0
DA:13,0
DA:15,3212
DA:18,3212
DA:25,0
DA:26,0
DA:27,0
DA:31,0
DA:32,0
DA:37,0
DA:41,9
DA:45,0
DA:46,0
DA:47,0
DA:51,0
DA:52,0
DA:56,0
DA:60,0
DA:64,0
DA:68,2
DA:69,2
DA:70,2
DA:71,6
DA:72,6
DA:73,8
DA:74,8
DA:75,8
DA:76,2
DA:77,2
DA:79,2
DA:83,2
DA:87,10
LF:37
LH:20
BRDA:10,0,0,0
BRDA:10,0,1,3212
BRDA:75,1,0,2
BRDA:75,1,1,6
BRDA:76,2,0,2
BRDA:76,2,1,0
BRF:6
BRH:4
end_of_record
TN:
SF:src/components/response/index.js
FNF:0
FNH:0
DA:1,10
DA:2,10
DA:4,10
LF:3
LH:3
BRF:0
BRH:0
end_of_record
TN:
SF:src/components/response/rest.js
FN:15,(anonymous_0)
FN:24,(anonymous_1)
FN:40,(anonymous_2)
FN:44,(anonymous_3)
FNF:4
FNH:4
FNDA:121,(anonymous_0)
FNDA:4583,(anonymous_1)
FNDA:56,(anonymous_2)
FNDA:4406,(anonymous_3)
DA:2,10
DA:4,10
DA:9,10
DA:21,121
DA:25,4583
DA:30,4583
DA:41,56
DA:45,4406
DA:49,10
LF:9
LH:9
BRDA:17,0,0,0
BRDA:18,1,0,0
BRDA:40,2,0,0
BRDA:44,3,0,0
BRF:4
BRH:0
end_of_record
TN:
SF:src/components/response/socket.js
FN:10,(anonymous_0)
FN:18,(anonymous_1)
FN:25,(anonymous_2)
FN:29,(anonymous_3)
FNF:4
FNH:0
FNDA:0,(anonymous_0)
FNDA:0,(anonymous_1)
FNDA:0,(anonymous_2)
FNDA:0,(anonymous_3)
DA:4,10
DA:15,0
DA:19,0
DA:26,0
DA:30,0
DA:34,10
LF:6
LH:2
BRF:0
BRH:0
end_of_record
TN:
SF:src/components/transformer/index.js
FN:6,(anonymous_0)
FNF:1
FNH:1
FNDA:10,(anonymous_0)
DA:3,10
DA:7,10
DA:11,10
LF:3
LH:3
BRDA:7,0,0,8
BRDA:7,0,1,2
BRF:2
BRH:2
end_of_record
TN:
SF:src/constants/index.js
FNF:0
FNH:0
DA:1,10
LF:1
LH:1
BRF:0
BRH:0
end_of_record
TN:
SF:src/database/index.js
FN:4,(anonymous_0)
FN:8,(anonymous_1)
FN:12,(anonymous_2)
FN:16,(anonymous_3)
FN:20,(anonymous_4)
FN:24,(anonymous_5)
FN:28,(anonymous_6)
FN:32,(anonymous_7)
FN:36,(anonymous_8)
FN:40,(anonymous_9)
FN:44,(anonymous_10)
FN:48,(anonymous_11)
FNF:12
FNH:12
FNDA:4510,(anonymous_0)
FNDA:634,(anonymous_1)
FNDA:841,(anonymous_2)
FNDA:4483,(anonymous_3)
FNDA:3634,(anonymous_4)
FNDA:2747,(anonymous_5)
FNDA:1227,(anonymous_6)
FNDA:12,(anonymous_7)
FNDA:1879,(anonymous_8)
FNDA:2584,(anonymous_9)
FNDA:3896,(anonymous_10)
FNDA:6,(anonymous_11)
DA:1,10
DA:5,4510
DA:9,634
DA:13,841
DA:17,4483
DA:21,3634
DA:25,2747
DA:29,1227
DA:33,12
DA:37,1879
DA:41,2584
DA:45,3896
DA:49,6
DA:53,10
LF:14
LH:14
BRF:0
BRH:0
end_of_record
TN:
SF:src/database/tables.js
FNF:0
FNH:0
DA:1,10
LF:1
LH:1
BRF:0
BRH:0
end_of_record
TN:
SF:src/database/triggers.js
FNF:0
FNH:0
DA:1,2
LF:1
LH:1
BRF:0
BRH:0
end_of_record
TN:
SF:src/events/pg-events.js
FN:5,(anonymous_0)
FN:6,(anonymous_1)
FN:18,(anonymous_2)
FN:25,(anonymous_3)
FN:26,(anonymous_4)
FN:34,(anonymous_5)
FN:61,(anonymous_6)
FN:65,(anonymous_7)
FN:68,(anonymous_8)
FN:70,(anonymous_9)
FN:75,(anonymous_10)
FN:80,(anonymous_11)
FN:85,(anonymous_12)
FN:89,(anonymous_13)
FN:98,(anonymous_14)
FN:100,(anonymous_15)
FNF:16
FNH:11
FNDA:2,(anonymous_0)
FNDA:2,(anonymous_1)
FNDA:18,(anonymous_2)
FNDA:0,(anonymous_3)
FNDA:0,(anonymous_4)
FNDA:18,(anonymous_5)
FNDA:18,(anonymous_6)
FNDA:2,(anonymous_7)
FNDA:0,(anonymous_8)
FNDA:18,(anonymous_9)
FNDA:0,(anonymous_10)
FNDA:0,(anonymous_11)
FNDA:2,(anonymous_12)
FNDA:2,(anonymous_13)
FNDA:2,(anonymous_14)
FNDA:14407,(anonymous_15)
DA:2,2
DA:6,2
DA:7,2
DA:8,0
DA:10,2
DA:11,2
DA:12,2
DA:13,2
DA:14,2
DA:19,18
DA:20,18
DA:21,18
DA:22,18
DA:26,0
DA:27,0
DA:28,0
DA:30,0
DA:31,0
DA:35,18
DA:36,18
DA:37,18
DA:38,0
DA:39,0
DA:40,0
DA:41,0
DA:43,0
DA:46,18
DA:47,18
DA:48,0
DA:49,0
DA:50,0
DA:51,0
DA:55,18
DA:56,18
DA:57,18
DA:62,18
DA:66,2
DA:67,0
DA:68,0
DA:70,18
DA:71,2
DA:76,0
DA:77,0
DA:81,0
DA:82,0
DA:86,2
DA:90,2
DA:91,2
DA:92,2
DA:94,0
DA:99,2
DA:100,2
DA:101,14407
DA:102,14407
DA:103,14407
DA:104,14407
DA:105,14403
DA:106,14403
DA:107,14403
DA:108,14403
DA:112,14403
DA:118,0
DA:124,2
LF:63
LH:40
BRDA:7,0,0,0
BRDA:7,0,1,2
BRDA:21,1,0,0
BRDA:21,1,1,18
BRDA:36,2,0,0
BRDA:36,2,1,18
BRDA:37,3,0,0
BRDA:37,3,1,18
BRDA:39,4,0,0
BRDA:39,4,1,0
BRDA:47,5,0,0
BRDA:47,5,1,18
BRDA:49,6,0,0
BRDA:49,6,1,0
BRDA:55,7,0,18
BRDA:55,7,1,0
BRDA:66,8,0,0
BRDA:66,8,1,2
BRDA:77,9,0,0
BRDA:77,9,1,0
BRDA:104,10,0,4
BRDA:104,10,1,14403
BRF:22
BRH:9
end_of_record
TN:
SF:src/events/subscriber.js
FN:7,(anonymous_0)
FN:20,(anonymous_1)
FNF:2
FNH:2
FNDA:2,(anonymous_0)
FNDA:2,(anonymous_1)
DA:1,2
DA:2,2
DA:3,2
DA:4,2
DA:8,2
DA:9,2
DA:10,2
DA:11,2
DA:12,2
DA:13,2
DA:14,2
DA:15,2
DA:16,2
DA:17,2
DA:21,2
DA:22,2
DA:23,2
DA:24,2
DA:26,0
DA:31,2
LF:20
LH:19
BRDA:22,0,0,0
BRDA:22,0,1,2
BRF:2
BRH:1
end_of_record
TN:
SF:src/events/modules/comment-file/controller.js
FN:4,(anonymous_0)
FNF:1
FNH:1
FNDA:3,(anonymous_0)
DA:1,2
DA:5,3
DA:6,3
DA:7,3
DA:9,1
DA:14,2
LF:6
LH:6
BRF:0
BRH:0
end_of_record
TN:
SF:src/events/modules/updates/controller.js
FN:4,(anonymous_0)
FN:29,(anonymous_1)
FNF:2
FNH:2
FNDA:14400,(anonymous_0)
FNDA:44736,(anonymous_1)
DA:1,2
DA:5,14400
DA:8,14400
DA:9,14400
DA:10,14400
DA:11,14372
DA:12,14372
DA:13,14372
DA:14,14372
DA:15,14372
DA:21,14372
DA:22,2053
DA:24,14372
DA:28,14372
DA:29,44736
DA:32,0
DA:37,2
LF:17
LH:16
BRDA:10,0,0,14372
BRDA:10,0,1,28
BRDA:21,1,0,2053
BRDA:21,1,1,12319
BRF:4
BRH:4
end_of_record
TN:
SF:src/knex/index.js
FN:12,(anonymous_0)
FN:18,(anonymous_1)
FN:19,(anonymous_2)
FN:27,(anonymous_3)
FN:27,(anonymous_4)
FNF:5
FNH:5
FNDA:10,(anonymous_0)
FNDA:22448,(anonymous_1)
FNDA:121349,(anonymous_2)
FNDA:10,(anonymous_3)
FNDA:10,(anonymous_4)
DA:2,10
DA:3,10
DA:4,10
DA:8,10
DA:9,10
DA:13,10
DA:18,22448
DA:20,121349
DA:24,10
DA:25,10
DA:27,10
DA:28,10
DA:34,10
DA:38,10
LF:14
LH:14
BRDA:20,0,0,4506
BRDA:20,0,1,116843
BRDA:24,1,0,10
BRDA:24,1,1,0
BRDA:31,2,0,10
BRDA:31,2,1,0
BRF:6
BRH:4
end_of_record
TN:
SF:src/lib/ws/index.js
FN:10,(anonymous_0)
FN:20,(anonymous_1)
FN:24,(anonymous_2)
FN:28,(anonymous_3)
FN:32,(anonymous_4)
FN:42,(anonymous_5)
FN:52,(anonymous_6)
FN:60,(anonymous_7)
FN:64,(anonymous_8)
FN:71,(anonymous_9)
FN:77,(anonymous_10)
FN:78,(anonymous_11)
FN:85,(anonymous_12)
FN:89,(anonymous_13)
FN:100,(anonymous_14)
FN:103,(anonymous_15)
FN:105,(anonymous_16)
FN:108,(anonymous_17)
FN:114,(anonymous_18)
FNF:19
FNH:14
FNDA:10,(anonymous_0)
FNDA:10,(anonymous_1)
FNDA:0,(anonymous_2)
FNDA:10,(anonymous_3)
FNDA:13,(anonymous_4)
FNDA:13,(anonymous_5)
FNDA:13,(anonymous_6)
FNDA:39,(anonymous_7)
FNDA:13,(anonymous_8)
FNDA:0,(anonymous_9)
FNDA:14372,(anonymous_10)
FNDA:44736,(anonymous_11)
FNDA:20,(anonymous_12)
FNDA:13,(anonymous_13)
FNDA:0,(anonymous_14)
FNDA:0,(anonymous_15)
FNDA:0,(anonymous_16)
FNDA:13,(anonymous_17)
FNDA:13,(anonymous_18)
DA:2,10
DA:3,10
DA:4,10
DA:5,10
DA:7,10
DA:11,10
DA:15,10
DA:16,10
DA:17,10
DA:21,10
DA:25,0
DA:29,10
DA:33,13
DA:34,13
DA:35,13
DA:36,13
DA:37,13
DA:38,13
DA:39,13
DA:43,13
DA:44,13
DA:45,0
DA:47,13
DA:49,13
DA:53,13
DA:54,13
DA:55,13
DA:57,13
DA:61,39
DA:65,13
DA:66,13
DA:67,0
DA:72,0
DA:74,0
DA:78,14372
DA:79,44736
DA:80,20
DA:86,20
DA:90,13
DA:91,13
DA:92,13
DA:93,13
DA:94,13
DA:95,13
DA:96,13
DA:97,13
DA:101,0
DA:103,13
DA:106,0
DA:108,13
DA:110,0
DA:115,13
DA:116,13
DA:120,10
LF:54
LH:46
BRDA:44,0,0,0
BRDA:44,0,1,13
BRDA:54,1,0,13
BRDA:54,1,1,0
BRDA:66,2,0,0
BRDA:66,2,1,13
BRDA:74,3,0,0
BRDA:74,3,1,0
BRDA:79,4,0,20
BRDA:79,4,1,44716
BRDA:79,5,0,44736
BRDA:79,5,1,44736
BRF:12
BRH:7
end_of_record
TN:
SF:src/lib/ws/router.js
FN:5,(anonymous_0)
FN:10,(anonymous_1)
FN:12,(anonymous_2)
FN:25,(anonymous_3)
FN:34,(anonymous_4)
FN:48,(anonymous_5)
FN:57,(anonymous_6)
FN:61,(anonymous_7)
FNF:8
FNH:4
FNDA:10,(anonymous_0)
FNDA:0,(anonymous_1)
FNDA:0,(anonymous_2)
FNDA:13,(anonymous_3)
FNDA:13,(anonymous_4)
FNDA:0,(anonymous_5)
FNDA:10,(anonymous_6)
FNDA:0,(anonymous_7)
DA:2,10
DA:6,10
DA:7,10
DA:11,0
DA:12,0
DA:13,0
DA:14,0
DA:15,0
DA:19,0
DA:20,0
DA:26,13
DA:27,13
DA:28,13
DA:37,13
DA:38,0
DA:40,13
DA:41,26
DA:42,26
DA:43,26
DA:49,0
DA:50,0
DA:52,0
DA:53,0
DA:58,10
DA:62,0
DA:66,10
LF:26
LH:13
BRDA:27,0,0,13
BRDA:27,0,1,0
BRDA:37,1,0,0
BRDA:37,1,1,13
BRDA:42,2,0,26
BRDA:42,2,1,0
BRDA:49,3,0,0
BRDA:49,3,1,0
BRF:8
BRH:3
end_of_record
TN:
SF:src/logger/http.js
FN:8,(anonymous_0)
FN:24,(anonymous_1)
FN:35,(anonymous_2)
FNF:3
FNH:3
FNDA:4583,(anonymous_0)
FNDA:4583,(anonymous_1)
FNDA:4583,(anonymous_2)
DA:1,10
DA:2,10
DA:4,10
DA:5,10
DA:9,4583
DA:10,4583
DA:11,4583
DA:12,4583
DA:21,4583
DA:25,4583
DA:26,4583
DA:32,4583
DA:36,4583
DA:37,4583
DA:41,10
LF:15
LH:15
BRF:0
BRH:0
end_of_record
TN:
SF:src/logger/index.js
FN:19,(anonymous_0)
FN:30,(anonymous_1)
FN:30,(anonymous_2)
FN:62,(anonymous_3)
FN:63,(anonymous_4)
FN:66,(anonymous_5)
FN:70,(anonymous_6)
FN:92,(anonymous_7)
FN:103,(anonymous_8)
FNF:9
FNH:2
FNDA:10,(anonymous_0)
FNDA:10,(anonymous_1)
FNDA:0,(anonymous_2)
FNDA:0,(anonymous_3)
FNDA:0,(anonymous_4)
FNDA:0,(anonymous_5)
FNDA:0,(anonymous_6)
FNDA:0,(anonymous_7)
FNDA:0,(anonymous_8)
DA:1,10
DA:2,10
DA:3,10
DA:4,10
DA:5,10
DA:9,10
DA:11,10
DA:12,10
DA:13,10
DA:15,10
DA:16,10
DA:20,10
DA:21,10
DA:22,0
DA:23,0
DA:26,10
DA:30,10
DA:31,0
DA:33,0
DA:36,0
DA:39,0
DA:45,10
DA:46,0
DA:49,10
DA:50,0
DA:53,10
DA:63,0
DA:67,0
DA:73,0
DA:74,0
DA:75,0
DA:77,0
DA:78,0
DA:79,0
DA:81,0
DA:83,0
DA:86,0
DA:89,0
DA:95,0
DA:96,0
DA:97,0
DA:100,0
DA:106,0
DA:107,0
DA:108,0
DA:111,0
DA:115,10
LF:47
LH:19
BRDA:11,0,0,10
BRDA:11,0,1,10
BRDA:21,1,0,0
BRDA:21,1,1,10
BRDA:31,2,0,0
BRDA:31,2,1,0
BRDA:31,2,2,0
BRDA:45,3,0,0
BRDA:45,3,1,10
BRDA:49,4,0,0
BRDA:49,4,1,10
BRDA:75,5,0,0
BRDA:75,5,1,0
BRDA:78,6,0,0
BRDA:78,6,1,0
BRDA:89,7,0,0
BRDA:89,7,1,0
BRDA:98,8,0,0
BRDA:98,8,1,0
BRF:19
BRH:5
end_of_record
TN:
SF:src/logger/knex.js
FN:5,(anonymous_0)
FN:17,(anonymous_1)
FN:26,(anonymous_2)
FN:31,(anonymous_3)
FN:32,(anonymous_4)
FN:37,(anonymous_5)
FN:38,(anonymous_6)
FN:43,(anonymous_7)
FN:44,(anonymous_8)
FNF:9
FNH:9
FNDA:10,(anonymous_0)
FNDA:22449,(anonymous_1)
FNDA:22449,(anonymous_2)
FNDA:1,(anonymous_3)
FNDA:1,(anonymous_4)
FNDA:22448,(anonymous_5)
FNDA:22448,(anonymous_6)
FNDA:10,(anonymous_7)
FNDA:22449,(anonymous_8)
DA:2,10
DA:6,10
DA:8,10
DA:9,10
DA:11,10
DA:18,22449
DA:19,22449
DA:20,22449
DA:21,22449
DA:22,22449
DA:23,22449
DA:27,22449
DA:28,22449
DA:32,1
DA:33,1
DA:38,22448
DA:39,22448
DA:44,10
DA:45,22449
DA:46,22449
DA:55,10
LF:21
LH:21
BRDA:5,0,0,10
BRDA:8,1,0,10
BRDA:20,2,0,0
BRDA:20,2,1,22449
BRDA:45,3,0,22449
BRDA:45,3,1,0
BRF:6
BRH:4
end_of_record
TN:
SF:src/metrics/index.js
FN:24,(anonymous_0)
FN:33,(anonymous_1)
FN:37,(anonymous_2)
FNF:3
FNH:1
FNDA:4583,(anonymous_0)
FNDA:0,(anonymous_1)
FNDA:0,(anonymous_2)
DA:2,10
DA:3,10
DA:4,10
DA:5,10
DA:13,10
DA:15,10
DA:21,10
DA:25,4583
DA:34,0
DA:35,0
DA:36,0
DA:37,0
DA:38,0
DA:43,10
LF:14
LH:9
BRDA:21,0,0,0
BRDA:21,0,1,10
BRF:2
BRH:1
end_of_record
TN:
SF:src/metrics/prometheus-pm2.js
FN:4,(anonymous_0)
FN:4,(anonymous_1)
FN:5,(anonymous_2)
FN:8,(anonymous_3)
FN:11,(anonymous_4)
FN:21,(anonymous_5)
FN:22,(anonymous_6)
FN:33,(anonymous_7)
FN:49,(anonymous_8)
FN:62,(anonymous_9)
FNF:10
FNH:0
FNDA:0,(anonymous_0)
FNDA:0,(anonymous_1)
FNDA:0,(anonymous_2)
FNDA:0,(anonymous_3)
FNDA:0,(anonymous_4)
FNDA:0,(anonymous_5)
FNDA:0,(anonymous_6)
FNDA:0,(anonymous_7)
FNDA:0,(anonymous_8)
FNDA:0,(anonymous_9)
DA:1,10
DA:2,10
DA:4,10
DA:5,0
DA:8,10
DA:9,0
DA:10,0
DA:11,0
DA:12,0
DA:13,0
DA:15,0
DA:18,0
DA:21,10
DA:22,0
DA:23,0
DA:24,0
DA:25,0
DA:26,0
DA:28,0
DA:30,0
DA:31,0
DA:33,0
DA:34,0
DA:35,0
DA:37,0
DA:38,0
DA:42,0
DA:45,0
DA:46,0
DA:49,10
DA:50,0
DA:51,0
DA:62,10
DA:64,0
DA:65,0
DA:66,0
DA:67,0
DA:68,0
DA:70,0
DA:71,0
DA:74,0
DA:76,0
DA:77,0
DA:78,0
LF:44
LH:7
BRDA:5,0,0,0
BRDA:5,0,1,0
BRDA:12,1,0,0
BRDA:12,1,1,0
BRDA:37,2,0,0
BRDA:37,2,1,0
BRDA:50,3,0,0
BRDA:50,3,1,0
BRDA:67,4,0,0
BRDA:67,4,1,0
BRF:10
BRH:0
end_of_record
TN:
SF:src/middlewares/busboy.js
FN:4,(anonymous_0)
FN:11,(anonymous_1)
FN:12,(anonymous_2)
FN:13,(anonymous_3)
FN:23,(anonymous_4)
FNF:5
FNH:5
FNDA:9,(anonymous_0)
FNDA:8,(anonymous_1)
FNDA:8,(anonymous_2)
FNDA:8,(anonymous_3)
FNDA:7,(anonymous_4)
DA:1,10
DA:5,9
DA:6,1
DA:8,8
DA:12,8
DA:13,8
DA:14,8
DA:22,8
DA:28,10
LF:9
LH:9
BRDA:5,0,0,1
BRDA:5,0,1,8
BRF:2
BRH:2
end_of_record
TN:
SF:src/middlewares/check.js
FN:7,(anonymous_0)
FN:12,(anonymous_1)
FN:16,(anonymous_2)
FN:25,(anonymous_3)
FN:34,(anonymous_4)
FN:53,(anonymous_5)
FN:57,(anonymous_6)
FN:61,(anonymous_7)
FNF:8
FNH:8
FNDA:4315,(anonymous_0)
FNDA:4290,(anonymous_1)
FNDA:4315,(anonymous_2)
FNDA:4290,(anonymous_3)
FNDA:4315,(anonymous_4)
FNDA:4302,(anonymous_5)
FNDA:13,(anonymous_6)
FNDA:208,(anonymous_7)
DA:2,10
DA:3,10
DA:4,10
DA:8,4315
DA:9,4291
DA:13,4290
DA:17,4315
DA:20,4315
DA:21,4290
DA:26,4290
DA:27,4290
DA:28,4285
DA:30,5
DA:35,4315
DA:36,4315
DA:37,25
DA:40,4290
DA:41,4290
DA:42,5
DA:45,4285
DA:46,4285
DA:47,0
DA:50,4285
DA:54,4302
DA:58,13
DA:62,208
DA:63,208
DA:67,208
DA:68,1
DA:70,207
DA:71,1
DA:76,10
LF:32
LH:31
BRDA:8,0,0,24
BRDA:8,0,1,4291
BRDA:17,1,0,4302
BRDA:17,1,1,13
BRDA:20,2,0,4290
BRDA:20,2,1,25
BRDA:36,3,0,25
BRDA:36,3,1,4290
BRDA:41,4,0,5
BRDA:41,4,1,4285
BRDA:46,5,0,0
BRDA:46,5,1,4285
BRDA:62,6,0,0
BRDA:62,7,0,0
BRDA:67,8,0,1
BRDA:67,8,1,207
BRDA:70,9,0,1
BRDA:70,9,1,206
BRF:18
BRH:15
end_of_record
TN:
SF:src/middlewares/fetch.js
FN:5,(anonymous_0)
FN:9,(anonymous_1)
FN:15,(anonymous_2)
FNF:3
FNH:2
FNDA:4283,(anonymous_0)
FNDA:4283,(anonymous_1)
FNDA:0,(anonymous_2)
DA:1,10
DA:2,10
DA:6,4283
DA:10,4283
DA:11,4283
DA:12,4283
DA:16,0
DA:17,0
DA:18,0
DA:22,10
LF:10
LH:7
BRF:0
BRH:0
end_of_record
TN:
SF:src/middlewares/formatter.js
FN:4,(anonymous_0)
FN:5,(anonymous_1)
FN:6,(anonymous_2)
FNF:3
FNH:3
FNDA:190,(anonymous_0)
FNDA:100,(anonymous_1)
FNDA:89,(anonymous_2)
DA:1,10
DA:5,190
DA:6,100
DA:7,89
DA:8,89
DA:9,76
DA:11,13
DA:14,100
DA:15,100
DA:20,10
LF:10
LH:10
BRDA:8,0,0,76
BRDA:8,0,1,13
BRF:2
BRH:2
end_of_record
TN:
SF:src/middlewares/index.js
FNF:0
FNH:0
DA:1,10
DA:2,10
DA:3,10
DA:4,10
DA:5,10
DA:7,10
LF:6
LH:6
BRF:0
BRH:0
end_of_record
TN:
SF:src/middlewares/schema-validator.js
FN:18,(anonymous_0)
FN:25,(anonymous_1)
FN:26,(anonymous_2)
FN:27,(anonymous_3)
FN:28,(anonymous_4)
FN:29,(anonymous_5)
FN:30,(anonymous_6)
FN:31,(anonymous_7)
FN:32,(anonymous_8)
FN:33,(anonymous_9)
FN:36,(anonymous_10)
FN:70,(anonymous_11)
FN:77,(anonymous_12)
FN:78,(anonymous_13)
FN:83,(anonymous_14)
FN:84,(anonymous_15)
FNF:16
FNH:14
FNDA:10,(anonymous_0)
FNDA:40,(anonymous_1)
FNDA:10,(anonymous_2)
FNDA:60,(anonymous_3)
FNDA:90,(anonymous_4)
FNDA:80,(anonymous_5)
FNDA:60,(anonymous_6)
FNDA:30,(anonymous_7)
FNDA:20,(anonymous_8)
FNDA:10,(anonymous_9)
FNDA:57,(anonymous_10)
FNDA:4592,(anonymous_11)
FNDA:400,(anonymous_12)
FNDA:4592,(anonymous_13)
FNDA:0,(anonymous_14)
FNDA:0,(anonymous_15)
DA:2,10
DA:3,10
DA:4,10
DA:5,10
DA:7,10
DA:8,10
DA:9,10
DA:10,10
DA:11,10
DA:12,10
DA:13,10
DA:14,10
DA:15,10
DA:19,10
DA:24,10
DA:25,40
DA:26,10
DA:27,60
DA:28,90
DA:29,80
DA:30,60
DA:31,30
DA:32,20
DA:33,10
DA:37,57
DA:38,0
DA:40,57
DA:41,57
DA:48,57
DA:49,57
DA:50,16
DA:52,41
DA:53,7
DA:55,34
DA:56,5
DA:58,29
DA:59,17
DA:61,12
DA:62,8
DA:64,4
DA:65,4
DA:67,0
DA:71,4592
DA:72,4592
DA:73,57
DA:78,400
DA:79,4592
DA:84,0
DA:85,0
DA:90,10
LF:50
LH:46
BRDA:37,0,0,0
BRDA:37,0,1,57
BRDA:49,1,0,16
BRDA:49,1,1,41
BRDA:52,2,0,7
BRDA:52,2,1,34
BRDA:55,3,0,5
BRDA:55,3,1,29
BRDA:58,4,0,17
BRDA:58,4,1,12
BRDA:61,5,0,8
BRDA:61,5,1,4
BRDA:64,6,0,4
BRDA:64,6,1,0
BRDA:72,7,0,57
BRDA:72,7,1,4535
BRDA:79,8,0,4592
BRDA:79,8,1,1
BRDA:85,9,0,0
BRDA:85,9,1,0
BRF:20
BRH:16
end_of_record
TN:
SF:src/modules/auth/adapter.js
FN:5,(anonymous_0)
FN:13,(anonymous_1)
FN:25,(anonymous_2)
FN:37,(anonymous_3)
FN:43,(anonymous_4)
FNF:5
FNH:4
FNDA:206,(anonymous_0)
FNDA:10,(anonymous_1)
FNDA:5,(anonymous_2)
FNDA:2,(anonymous_3)
FNDA:0,(anonymous_4)
DA:1,10
DA:2,10
DA:6,206
DA:10,205
DA:18,10
DA:19,10
DA:22,9
DA:30,5
DA:31,5
DA:34,2
DA:38,2
DA:39,2
DA:40,2
DA:44,0
DA:45,0
DA:46,0
DA:47,0
DA:51,10
LF:18
LH:14
BRF:0
BRH:0
end_of_record
TN:
SF:src/modules/auth/controller.js
FN:8,(anonymous_0)
FN:37,(anonymous_1)
FN:71,(anonymous_2)
FN:93,(anonymous_3)
FN:101,(anonymous_4)
FNF:5
FNH:4
FNDA:206,(anonymous_0)
FNDA:10,(anonymous_1)
FNDA:5,(anonymous_2)
FNDA:2,(anonymous_3)
FNDA:0,(anonymous_4)
DA:1,10
DA:2,10
DA:5,10
DA:11,206
DA:13,206
DA:17,205
DA:19,205
DA:25,205
DA:34,205
DA:42,10
DA:43,8
DA:45,2
DA:48,10
DA:49,0
DA:52,10
DA:54,10
DA:56,10
DA:57,1
DA:60,9
DA:62,9
DA:68,9
DA:72,5
DA:74,5
DA:75,3
DA:78,2
DA:79,2
DA:84,2
DA:90,2
DA:94,2
DA:95,2
DA:96,0
DA:98,2
DA:102,0
DA:104,0
DA:106,0
DA:107,0
DA:110,0
DA:112,0
DA:114,0
DA:118,10
LF:40
LH:31
BRDA:42,0,0,8
BRDA:42,0,1,2
BRDA:48,1,0,0
BRDA:48,1,1,10
BRDA:56,2,0,1
BRDA:56,2,1,9
BRDA:74,3,0,3
BRDA:74,3,1,2
BRDA:95,4,0,0
BRDA:95,4,1,2
BRDA:106,5,0,0
BRDA:106,5,1,0
BRF:12
BRH:8
end_of_record
TN:
SF:src/modules/auth/route.js
FN:238,(anonymous_0)
FNF:1
FNH:1
FNDA:10,(anonymous_0)
DA:1,10
DA:6,10
DA:7,10
DA:237,10
DA:239,10
DA:249,10
DA:257,10
DA:265,10
DA:273,10
DA:283,10
LF:10
LH:10
BRF:0
BRH:0
end_of_record
TN:
SF:src/modules/auth/schemas.js
FNF:0
FNH:0
DA:2,10
DA:38,10
DA:65,10
DA:75,10
DA:89,10
LF:5
LH:5
BRF:0
BRH:0
end_of_record
TN:
SF:src/modules/board/adapter.js
FN:5,(anonymous_0)
FN:11,(anonymous_1)
FN:18,(anonymous_2)
FN:24,(anonymous_3)
FN:37,(anonymous_4)
FN:50,(anonymous_5)
FNF:6
FNH:5
FNDA:629,(anonymous_0)
FNDA:3,(anonymous_1)
FNDA:1,(anonymous_2)
FNDA:0,(anonymous_3)
FNDA:3,(anonymous_4)
FNDA:2,(anonymous_5)
DA:1,10
DA:2,10
DA:6,629
DA:7,629
DA:8,629
DA:12,3
DA:13,3
DA:14,3
DA:15,2
DA:19,1
DA:20,1
DA:21,1
DA:25,0
DA:26,0
DA:28,0
DA:34,0
DA:38,3
DA:39,3
DA:41,3
DA:47,2
DA:51,2
DA:52,2
DA:54,2
DA:59,1
DA:63,10
LF:25
LH:21
BRF:0
BRH:0
end_of_record
TN:
SF:src/modules/board/controller.js
FN:8,(anonymous_0)
FN:33,(anonymous_1)
FN:49,(anonymous_2)
FN:66,(anonymous_3)
FN:82,(anonymous_4)
FN:93,(anonymous_5)
FNF:6
FNH:5
FNDA:834,(anonymous_0)
FNDA:3,(anonymous_1)
FNDA:2,(anonymous_2)
FNDA:0,(anonymous_3)
FNDA:3,(anonymous_4)
FNDA:2,(anonymous_5)
DA:3,10
DA:4,10
DA:5,10
DA:10,834
DA:11,0
DA:12,0
DA:13,0
DA:17,834
DA:19,834
DA:20,834
DA:25,834
DA:27,834
DA:28,834
DA:30,834
DA:34,3
DA:36,3
DA:37,1
DA:40,2
DA:41,2
DA:43,2
DA:50,2
DA:52,2
DA:53,0
DA:56,2
DA:57,2
DA:59,2
DA:67,0
DA:69,0
DA:70,0
DA:73,0
DA:77,0
DA:79,0
DA:83,3
DA:85,3
DA:86,1
DA:89,2
DA:90,2
DA:94,2
DA:96,2
DA:98,2
DA:99,1
DA:102,1
DA:103,1
DA:104,1
DA:105,1
DA:106,1
DA:108,1
DA:112,10
LF:48
LH:38
BRDA:10,0,0,0
BRDA:10,0,1,834
BRDA:12,1,0,0
BRDA:12,1,1,0
BRDA:36,2,0,1
BRDA:36,2,1,2
BRDA:52,3,0,0
BRDA:52,3,1,2
BRDA:69,4,0,0
BRDA:69,4,1,0
BRDA:85,5,0,1
BRDA:85,5,1,2
BRDA:98,6,0,1
BRDA:98,6,1,1
BRF:14
BRH:8
end_of_record
TN:
SF:src/modules/board/route.js
FN:270,(anonymous_0)
FNF:1
FNH:1
FNDA:10,(anonymous_0)
DA:1,10
DA:7,10
DA:9,10
DA:269,10
DA:271,10
DA:282,10
DA:294,10
DA:304,10
DA:315,10
DA:328,10
DA:340,10
LF:11
LH:11
BRF:0
BRH:0
end_of_record
TN:
SF:src/modules/board/schemas.js
FNF:0
FNH:0
DA:1,10
DA:4,10
DA:38,10
DA:49,10
DA:64,10
DA:105,10
DA:116,10
DA:128,10
LF:8
LH:8
BRF:0
BRH:0
end_of_record
TN:
SF:src/modules/column/adapter.js
FN:5,(anonymous_0)
FN:13,(anonymous_1)
FN:22,(anonymous_2)
FN:31,(anonymous_3)
FN:45,(anonymous_4)
FN:58,(anonymous_5)
FN:67,(anonymous_6)
FN:79,(anonymous_7)
FNF:8
FNH:5
FNDA:871,(anonymous_0)
FNDA:3,(anonymous_1)
FNDA:4,(anonymous_2)
FNDA:0,(anonymous_3)
FNDA:4,(anonymous_4)
FNDA:0,(anonymous_5)
FNDA:0,(anonymous_6)
FNDA:3,(anonymous_7)
DA:1,10
DA:2,10
DA:6,871
DA:8,871
DA:10,870
DA:14,3
DA:15,3
DA:17,3
DA:19,2
DA:23,4
DA:24,4
DA:26,4
DA:28,3
DA:32,0
DA:33,0
DA:35,0
DA:42,0
DA:46,4
DA:47,4
DA:49,4
DA:55,2
DA:59,0
DA:60,0
DA:62,0
DA:64,0
DA:68,0
DA:69,0
DA:71,0
DA:76,0
DA:80,3
DA:81,3
DA:83,3
DA:88,2
DA:92,10
LF:34
LH:22
BRF:0
BRH:0
end_of_record
TN:
SF:src/modules/column/controller.js
FN:10,(anonymous_0)
FN:40,(anonymous_1)
FN:59,(anonymous_2)
FN:90,(anonymous_3)
FN:104,(anonymous_4)
FN:128,(anonymous_5)
FN:153,(anonymous_6)
FN:171,(anonymous_7)
FN:172,(anonymous_8)
FN:176,(anonymous_9)
FN:200,(anonymous_10)
FN:216,(anonymous_11)
FNF:12
FNH:6
FNDA:871,(anonymous_0)
FNDA:3,(anonymous_1)
FNDA:5,(anonymous_2)
FNDA:15,(anonymous_3)
FNDA:0,(anonymous_4)
FNDA:4,(anonymous_5)
FNDA:0,(anonymous_6)
FNDA:0,(anonymous_7)
FNDA:0,(anonymous_8)
FNDA:0,(anonymous_9)
FNDA:0,(anonymous_10)
FNDA:3,(anonymous_11)
DA:4,10
DA:5,10
DA:6,10
DA:7,10
DA:12,871
DA:13,0
DA:14,0
DA:15,0
DA:19,871
DA:20,871
DA:22,871
DA:23,1
DA:26,870
DA:27,870
DA:28,870
DA:33,870
DA:35,870
DA:37,870
DA:41,3
DA:43,3
DA:44,1
DA:47,2
DA:49,2
DA:51,2
DA:53,2
DA:62,5
DA:63,2
DA:64,2
DA:65,1
DA:67,1
DA:69,3
DA:72,4
DA:73,0
DA:76,4
DA:78,4
DA:79,1
DA:80,1
DA:88,3
DA:90,3
DA:91,15
DA:97,3
DA:107,0
DA:109,0
DA:110,0
DA:113,0
DA:115,0
DA:116,0
DA:119,0
DA:123,0
DA:125,0
DA:129,4
DA:131,4
DA:132,1
DA:135,3
DA:136,3
DA:137,3
DA:138,3
DA:139,1
DA:143,2
DA:145,2
DA:146,0
DA:149,2
DA:154,0
DA:156,0
DA:157,0
DA:160,0
DA:165,0
DA:167,0
DA:168,0
DA:170,0
DA:171,0
DA:172,0
DA:173,0
DA:176,0
DA:177,0
DA:178,0
DA:179,0
DA:180,0
DA:181,0
DA:182,0
DA:185,0
DA:186,0
DA:189,0
DA:191,0
DA:201,0
DA:203,0
DA:204,0
DA:207,0
DA:209,0
DA:211,0
DA:213,0
DA:217,3
DA:219,3
DA:220,1
DA:223,2
DA:224,2
DA:225,2
DA:226,2
DA:227,2
DA:229,2
DA:233,10
LF:101
LH:58
BRDA:12,0,0,0
BRDA:12,0,1,871
BRDA:14,1,0,0
BRDA:14,1,1,0
BRDA:22,2,0,1
BRDA:22,2,1,870
BRDA:43,3,0,1
BRDA:43,3,1,2
BRDA:62,4,0,2
BRDA:62,4,1,3
BRDA:64,5,0,1
BRDA:64,5,1,1
BRDA:72,6,0,0
BRDA:72,6,1,4
BRDA:78,7,0,1
BRDA:78,7,1,3
BRDA:109,8,0,0
BRDA:109,8,1,0
BRDA:115,9,0,0
BRDA:115,9,1,0
BRDA:131,10,0,1
BRDA:131,10,1,3
BRDA:136,11,0,3
BRDA:136,11,1,0
BRDA:138,12,0,1
BRDA:138,12,1,2
BRDA:145,13,0,0
BRDA:145,13,1,2
BRDA:156,14,0,0
BRDA:156,14,1,0
BRDA:203,15,0,0
BRDA:203,15,1,0
BRDA:219,16,0,1
BRDA:219,16,1,2
BRF:34
BRH:20
end_of_record
TN:
SF:src/modules/column/route.js
FN:279,(anonymous_0)
FNF:1
FNH:1
FNDA:10,(anonymous_0)
DA:1,10
DA:7,10
DA:9,10
DA:278,10
DA:280,10
DA:291,10
DA:303,10
DA:315,10
DA:326,10
DA:339,10
DA:350,10
DA:361,10
DA:373,10
LF:13
LH:13
BRF:0
BRH:0
end_of_record
TN:
SF:src/modules/column/schemas.js
FNF:0
FNH:0
DA:1,10
DA:4,10
DA:39,10
DA:50,10
DA:60,10
DA:79,10
DA:122,10
DA:133,10
DA:144,10
DA:155,10
DA:167,10
LF:11
LH:11
BRF:0
BRH:0
end_of_record
TN:
SF:src/modules/comment/adapter.js
FN:5,(anonymous_0)
FN:11,(anonymous_1)
FN:18,(anonymous_2)
FN:27,(anonymous_3)
FN:40,(anonymous_4)
FNF:5
FNH:5
FNDA:1186,(anonymous_0)
FNDA:3,(anonymous_1)
FNDA:7,(anonymous_2)
FNDA:3,(anonymous_3)
FNDA:3,(anonymous_4)
DA:1,10
DA:2,10
DA:6,1186
DA:7,1186
DA:8,1185
DA:12,3
DA:13,3
DA:14,3
DA:15,2
DA:19,7
DA:20,7
DA:21,7
DA:24,5
DA:28,3
DA:29,3
DA:31,3
DA:37,2
DA:41,3
DA:42,3
DA:44,3
DA:49,2
DA:53,10
LF:22
LH:22
BRF:0
BRH:0
end_of_record
TN:
SF:src/modules/comment/controller.js
FN:5,(anonymous_0)
FN:17,(anonymous_1)
FN:28,(anonymous_2)
FN:65,(anonymous_3)
FN:67,(anonymous_4)
FN:75,(anonymous_5)
FN:100,(anonymous_6)
FNF:7
FNH:6
FNDA:1186,(anonymous_0)
FNDA:3,(anonymous_1)
FNDA:7,(anonymous_2)
FNDA:5,(anonymous_3)
FNDA:0,(anonymous_4)
FNDA:3,(anonymous_5)
FNDA:3,(anonymous_6)
DA:1,10
DA:2,10
DA:6,1186
DA:7,1186
DA:9,1186
DA:10,1
DA:13,1185
DA:14,1185
DA:18,3
DA:20,3
DA:21,1
DA:24,2
DA:25,2
DA:33,7
DA:34,1
DA:35,1
DA:36,0
DA:38,1
DA:40,6
DA:43,7
DA:44,0
DA:48,7
DA:49,2
DA:50,2
DA:51,1
DA:53,1
DA:54,5
DA:55,2
DA:56,2
DA:57,1
DA:59,1
DA:61,3
DA:65,5
DA:67,0
DA:72,5
DA:76,3
DA:78,3
DA:79,1
DA:82,2
DA:84,2
DA:85,0
DA:86,0
DA:87,0
DA:91,2
DA:93,2
DA:94,0
DA:97,2
DA:101,3
DA:103,3
DA:104,1
DA:107,2
DA:108,2
DA:112,10
LF:53
LH:46
BRDA:9,0,0,1
BRDA:9,0,1,1185
BRDA:20,1,0,1
BRDA:20,1,1,2
BRDA:33,2,0,1
BRDA:33,2,1,6
BRDA:35,3,0,0
BRDA:35,3,1,1
BRDA:43,4,0,0
BRDA:43,4,1,7
BRDA:48,5,0,2
BRDA:48,5,1,5
BRDA:50,6,0,1
BRDA:50,6,1,1
BRDA:54,7,0,2
BRDA:54,7,1,3
BRDA:56,8,0,1
BRDA:56,8,1,1
BRDA:67,9,0,5
BRDA:67,9,1,1
BRDA:78,10,0,1
BRDA:78,10,1,2
BRDA:84,11,0,0
BRDA:84,11,1,2
BRDA:86,12,0,0
BRDA:86,12,1,0
BRDA:93,13,0,0
BRDA:93,13,1,2
BRDA:103,14,0,1
BRDA:103,14,1,2
BRF:30
BRH:24
end_of_record
TN:
SF:src/modules/comment/route.js
FN:257,(anonymous_0)
FNF:1
FNH:1
FNDA:10,(anonymous_0)
DA:1,10
DA:7,10
DA:9,10
DA:256,10
DA:258,10
DA:269,10
DA:281,10
DA:293,10
DA:306,10
DA:318,10
LF:10
LH:10
BRF:0
BRH:0
end_of_record
TN:
SF:src/modules/comment/schemas.js
FNF:0
FNH:0
DA:2,10
DA:22,10
DA:33,10
DA:48,10
DA:60,10
DA:71,10
DA:83,10
LF:7
LH:7
BRF:0
BRH:0
end_of_record
TN:
SF:src/modules/comment-attachment/adapter.js
FN:5,(anonymous_0)
FN:12,(anonymous_1)
FN:21,(anonymous_2)
FNF:3
FNH:3
FNDA:8,(anonymous_0)
FNDA:1,(anonymous_1)
FNDA:3,(anonymous_2)
DA:1,10
DA:2,10
DA:6,8
DA:7,8
DA:8,8
DA:9,7
DA:13,1
DA:14,1
DA:15,1
DA:18,1
DA:22,3
DA:23,3
DA:24,3
DA:25,2
DA:29,10
LF:15
LH:15
BRF:0
BRH:0
end_of_record
TN:
SF:src/modules/comment-attachment/controller.js
FN:5,(anonymous_0)
FN:31,(anonymous_1)
FN:67,(anonymous_2)
FN:73,(anonymous_3)
FNF:4
FNH:4
FNDA:8,(anonymous_0)
FNDA:1,(anonymous_1)
FNDA:1,(anonymous_2)
FNDA:3,(anonymous_3)
DA:1,10
DA:2,10
DA:6,8
DA:8,8
DA:9,1
DA:12,7
DA:14,7
DA:16,7
DA:21,7
DA:36,1
DA:37,0
DA:38,0
DA:39,0
DA:41,0
DA:43,1
DA:46,1
DA:47,0
DA:51,1
DA:52,0
DA:53,0
DA:54,0
DA:56,0
DA:57,1
DA:58,0
DA:59,0
DA:60,0
DA:62,0
DA:64,1
DA:67,1
DA:74,3
DA:76,3
DA:77,1
DA:80,2
DA:82,2
DA:86,10
LF:35
LH:22
BRDA:8,0,0,1
BRDA:8,0,1,7
BRDA:36,1,0,0
BRDA:36,1,1,1
BRDA:38,2,0,0
BRDA:38,2,1,0
BRDA:46,3,0,0
BRDA:46,3,1,1
BRDA:51,4,0,0
BRDA:51,4,1,1
BRDA:53,5,0,0
BRDA:53,5,1,0
BRDA:57,6,0,0
BRDA:57,6,1,1
BRDA:59,7,0,0
BRDA:59,7,1,0
BRDA:76,8,0,1
BRDA:76,8,1,2
BRF:18
BRH:8
end_of_record
TN:
SF:src/modules/comment-attachment/route.js
FN:110,(anonymous_0)
FNF:1
FNH:1
FNDA:10,(anonymous_0)
DA:1,10
DA:8,10
DA:10,10
DA:109,10
DA:111,10
DA:124,10
DA:136,10
DA:148,10
LF:8
LH:8
BRF:0
BRH:0
end_of_record
TN:
SF:src/modules/comment-attachment/schemas.js
FNF:0
FNH:0
DA:2,10
DA:13,10
DA:28,10
DA:40,10
LF:4
LH:4
BRF:0
BRH:0
end_of_record
TN:
SF:src/modules/comment-like/adapter.js
FN:5,(anonymous_0)
FN:14,(anonymous_1)
FNF:2
FNH:2
FNDA:2,(anonymous_0)
FNDA:1,(anonymous_1)
DA:1,10
DA:2,10
DA:6,2
DA:7,2
DA:9,2
DA:11,2
DA:15,1
DA:16,1
DA:18,1
DA:20,1
DA:24,10
LF:11
LH:11
BRF:0
BRH:0
end_of_record
TN:
SF:src/modules/comment-like/controller.js
FN:6,(anonymous_0)
FN:26,(anonymous_1)
FNF:2
FNH:2
FNDA:2,(anonymous_0)
FNDA:1,(anonymous_1)
DA:1,10
DA:2,10
DA:7,2
DA:9,2
DA:10,0
DA:13,2
DA:15,2
DA:16,0
DA:19,2
DA:21,2
DA:23,2
DA:27,1
DA:29,1
DA:30,0
DA:33,1
DA:35,1
DA:36,0
DA:39,1
DA:40,1
DA:44,10
LF:20
LH:16
BRDA:9,0,0,0
BRDA:9,0,1,2
BRDA:15,1,0,0
BRDA:15,1,1,2
BRDA:29,2,0,0
BRDA:29,2,1,1
BRDA:35,3,0,0
BRDA:35,3,1,1
BRF:8
BRH:4
end_of_record
TN:
SF:src/modules/comment-like/route.js
FN:108,(anonymous_0)
FNF:1
FNH:1
FNDA:10,(anonymous_0)
DA:1,10
DA:7,10
DA:9,10
DA:107,10
DA:109,10
DA:120,10
DA:132,10
LF:7
LH:7
BRF:0
BRH:0
end_of_record
TN:
SF:src/modules/comment-like/schemas.js
FNF:0
FNH:0
DA:2,10
DA:13,10
DA:25,10
LF:3
LH:3
BRF:0
BRH:0
end_of_record
TN:
SF:src/modules/search/adapter.js
FN:5,(anonymous_0)
FNF:1
FNH:1
FNDA:1,(anonymous_0)
DA:1,10
DA:2,10
DA:6,1
DA:7,1
DA:8,1
DA:9,1
DA:13,10
LF:7
LH:7
BRF:0
BRH:0
end_of_record
TN:
SF:src/modules/search/controller.js
FN:8,(anonymous_0)
FN:15,(anonymous_1)
FN:25,(anonymous_2)
FN:27,(anonymous_3)
FN:34,(anonymous_4)
FN:36,(anonymous_5)
FN:39,(anonymous_6)
FN:40,(anonymous_7)
FNF:8
FNH:8
FNDA:1,(anonymous_0)
FNDA:1,(anonymous_1)
FNDA:1,(anonymous_2)
FNDA:7,(anonymous_3)
FNDA:1,(anonymous_4)
FNDA:5,(anonymous_5)
FNDA:5,(anonymous_6)
FNDA:5,(anonymous_7)
DA:1,10
DA:2,10
DA:3,10
DA:4,10
DA:9,1
DA:10,1
DA:11,1
DA:14,1
DA:15,1
DA:16,1
DA:17,1
DA:20,1
DA:25,1
DA:26,1
DA:27,7
DA:29,1
DA:34,1
DA:35,1
DA:36,5
DA:38,1
DA:39,1
DA:40,5
DA:41,5
DA:42,1
DA:46,1
DA:63,10
LF:26
LH:26
BRDA:41,0,0,1
BRDA:41,0,1,4
BRF:2
BRH:2
end_of_record
TN:
SF:src/modules/search/route.js
FN:68,(anonymous_0)
FNF:1
FNH:1
FNDA:10,(anonymous_0)
DA:1,10
DA:6,10
DA:8,10
DA:67,10
DA:69,10
DA:80,10
LF:6
LH:6
BRF:0
BRH:0
end_of_record
TN:
SF:src/modules/search/schemas.js
FNF:0
FNH:0
DA:2,10
DA:14,10
LF:2
LH:2
BRF:0
BRH:0
end_of_record
TN:
SF:src/modules/todo/adapter.js
FN:5,(anonymous_0)
FN:13,(anonymous_1)
FN:21,(anonymous_2)
FN:30,(anonymous_3)
FN:39,(anonymous_4)
FN:56,(anonymous_5)
FN:69,(anonymous_6)
FN:78,(anonymous_7)
FNF:8
FNH:5
FNDA:1509,(anonymous_0)
FNDA:0,(anonymous_1)
FNDA:3,(anonymous_2)
FNDA:7,(anonymous_3)
FNDA:0,(anonymous_4)
FNDA:4,(anonymous_5)
FNDA:0,(anonymous_6)
FNDA:3,(anonymous_7)
DA:1,10
DA:2,10
DA:6,1509
DA:8,1509
DA:10,1508
DA:14,0
DA:16,0
DA:18,0
DA:22,3
DA:23,3
DA:25,3
DA:27,2
DA:31,7
DA:32,7
DA:34,7
DA:36,4
DA:40,0
DA:43,0
DA:45,0
DA:53,0
DA:57,4
DA:58,4
DA:60,4
DA:66,2
DA:70,0
DA:71,0
DA:73,0
DA:75,0
DA:79,3
DA:80,3
DA:82,3
DA:87,2
DA:91,10
LF:33
LH:22
BRF:0
BRH:0
end_of_record
TN:
SF:src/modules/todo/controller.js
FN:6,(anonymous_0)
FN:35,(anonymous_1)
FN:50,(anonymous_2)
FN:68,(anonymous_3)
FN:114,(anonymous_4)
FN:121,(anonymous_5)
FN:133,(anonymous_6)
FN:184,(anonymous_7)
FN:210,(anonymous_8)
FN:231,(anonymous_9)
FNF:10
FNH:7
FNDA:1509,(anonymous_0)
FNDA:0,(anonymous_1)
FNDA:3,(anonymous_2)
FNDA:8,(anonymous_3)
FNDA:4,(anonymous_4)
FNDA:4,(anonymous_5)
FNDA:0,(anonymous_6)
FNDA:4,(anonymous_7)
FNDA:0,(anonymous_8)
FNDA:3,(anonymous_9)
DA:1,10
DA:2,10
DA:3,10
DA:8,1509
DA:9,0
DA:10,0
DA:11,0
DA:15,1509
DA:16,1509
DA:18,1509
DA:19,1
DA:22,1508
DA:23,1508
DA:28,1508
DA:30,1508
DA:32,1508
DA:36,0
DA:38,0
DA:39,0
DA:42,0
DA:44,0
DA:51,3
DA:53,3
DA:54,1
DA:57,2
DA:58,2
DA:60,2
DA:62,2
DA:71,8
DA:72,3
DA:73,3
DA:74,2
DA:76,1
DA:78,5
DA:81,6
DA:82,0
DA:86,6
DA:87,2
DA:88,2
DA:89,1
DA:91,1
DA:93,4
DA:96,5
DA:97,1
DA:103,4
DA:104,1
DA:105,1
DA:113,3
DA:114,3
DA:115,4
DA:117,3
DA:119,3
DA:121,4
DA:126,3
DA:136,0
DA:138,0
DA:139,0
DA:142,0
DA:144,0
DA:145,0
DA:147,0
DA:148,0
DA:151,0
DA:153,0
DA:155,0
DA:158,0
DA:159,0
DA:160,0
DA:163,0
DA:165,0
DA:168,0
DA:170,0
DA:171,0
DA:174,0
DA:178,0
DA:181,0
DA:185,4
DA:187,4
DA:188,2
DA:191,2
DA:193,2
DA:194,0
DA:195,0
DA:196,0
DA:200,2
DA:202,2
DA:203,0
DA:206,2
DA:211,0
DA:213,0
DA:214,0
DA:217,0
DA:222,0
DA:224,0
DA:232,3
DA:234,3
DA:235,1
DA:238,2
DA:239,2
DA:240,2
DA:241,2
DA:242,2
DA:244,2
DA:248,10
LF:104
LH:63
BRDA:8,0,0,0
BRDA:8,0,1,1509
BRDA:10,1,0,0
BRDA:10,1,1,0
BRDA:18,2,0,1
BRDA:18,2,1,1508
BRDA:38,3,0,0
BRDA:38,3,1,0
BRDA:53,4,0,1
BRDA:53,4,1,2
BRDA:71,5,0,3
BRDA:71,5,1,5
BRDA:73,6,0,2
BRDA:73,6,1,1
BRDA:81,7,0,0
BRDA:81,7,1,6
BRDA:86,8,0,2
BRDA:86,8,1,4
BRDA:88,9,0,1
BRDA:88,9,1,1
BRDA:96,10,0,1
BRDA:96,10,1,4
BRDA:103,11,0,1
BRDA:103,11,1,3
BRDA:138,12,0,0
BRDA:138,12,1,0
BRDA:144,13,0,0
BRDA:144,13,1,0
BRDA:147,14,0,0
BRDA:147,14,1,0
BRDA:153,15,0,0
BRDA:153,15,1,0
BRDA:153,16,0,0
BRDA:153,16,1,0
BRDA:170,17,0,0
BRDA:170,17,1,0
BRDA:187,18,0,2
BRDA:187,18,1,2
BRDA:193,19,0,0
BRDA:193,19,1,2
BRDA:195,20,0,0
BRDA:195,20,1,0
BRDA:202,21,0,0
BRDA:202,21,1,2
BRDA:213,22,0,0
BRDA:213,22,1,0
BRDA:234,23,0,1
BRDA:234,23,1,2
BRF:48
BRH:24
end_of_record
TN:
SF:src/modules/todo/route.js
FN:306,(anonymous_0)
FNF:1
FNH:1
FNDA:10,(anonymous_0)
DA:1,10
DA:7,10
DA:9,10
DA:305,10
DA:307,10
DA:318,10
DA:328,10
DA:340,10
DA:352,10
DA:363,10
DA:376,10
DA:387,10
DA:399,10
LF:13
LH:13
BRF:0
BRH:0
end_of_record
TN:
SF:src/modules/todo/schemas.js
FNF:0
FNH:0
DA:1,10
DA:4,10
DA:55,10
DA:66,10
DA:80,10
DA:103,10
DA:160,10
DA:171,10
DA:182,10
DA:194,10
LF:10
LH:10
BRF:0
BRH:0
end_of_record
TN:
SF:src/modules/user/adapter.js
FN:5,(anonymous_0)
FN:11,(anonymous_1)
FN:22,(anonymous_2)
FN:28,(anonymous_3)
FNF:4
FNH:1
FNDA:2,(anonymous_0)
FNDA:0,(anonymous_1)
FNDA:0,(anonymous_2)
FNDA:0,(anonymous_3)
DA:1,10
DA:2,10
DA:6,2
DA:7,2
DA:8,2
DA:12,0
DA:14,0
DA:19,0
DA:23,0
DA:24,0
DA:25,0
DA:29,0
DA:30,0
DA:31,0
DA:35,10
LF:15
LH:6
BRF:0
BRH:0
end_of_record
TN:
SF:src/modules/user/controller.js
FN:8,(anonymous_0)
FN:22,(anonymous_1)
FN:27,(anonymous_2)
FN:37,(anonymous_3)
FNF:4
FNH:1
FNDA:2,(anonymous_0)
FNDA:0,(anonymous_1)
FNDA:0,(anonymous_2)
FNDA:0,(anonymous_3)
DA:1,10
DA:4,10
DA:9,2
DA:10,2
DA:11,0
DA:14,2
DA:16,2
DA:23,0
DA:24,0
DA:28,0
DA:30,0
DA:34,0
DA:38,0
DA:42,0
DA:46,10
LF:15
LH:7
BRDA:10,0,0,0
BRDA:10,0,1,2
BRF:2
BRH:1
end_of_record
TN:
SF:src/modules/user/route.js
FN:90,(anonymous_0)
FNF:1
FNH:1
FNDA:10,(anonymous_0)
DA:1,10
DA:7,10
DA:9,10
DA:89,10
DA:91,10
DA:100,10
DA:112,10
DA:123,10
DA:133,10
LF:9
LH:9
BRF:0
BRH:0
end_of_record
TN:
SF:src/modules/user/schemas.js
FNF:0
FNH:0
DA:2,10
DA:56,10
LF:2
LH:2
BRF:0
BRH:0
end_of_record
TN:
SF:src/routes/index.js
FNF:0
FNH:0
DA:1,10
DA:2,10
DA:4,10
LF:3
LH:3
BRF:0
BRH:0
end_of_record
TN:
SF:src/routes/rest/common.js
FN:8,(anonymous_0)
FN:19,(anonymous_1)
FN:33,(anonymous_2)
FNF:3
FNH:3
FNDA:4583,(anonymous_0)
FNDA:120,(anonymous_1)
FNDA:1,(anonymous_2)
DA:2,10
DA:3,10
DA:5,10
DA:9,4583
DA:10,4583
DA:11,4583
DA:12,4583
DA:13,4583
DA:20,120
DA:21,120
DA:22,119
DA:23,119
DA:25,1
DA:26,0
DA:29,1
DA:30,1
DA:34,1
DA:38,10
LF:18
LH:17
BRDA:9,0,0,4583
BRDA:9,0,1,0
BRDA:21,1,0,119
BRDA:21,1,1,1
BRDA:25,2,0,0
BRDA:25,2,1,1
BRF:6
BRH:4
end_of_record
TN:
SF:src/routes/rest/index.js
FN:18,(anonymous_0)
FN:20,(anonymous_1)
FNF:2
FNH:1
FNDA:10,(anonymous_0)
FNDA:0,(anonymous_1)
DA:1,10
DA:6,10
DA:7,10
DA:8,10
DA:9,10
DA:10,10
DA:11,10
DA:12,10
DA:13,10
DA:14,10
DA:15,10
DA:17,10
DA:19,10
DA:20,10
DA:21,0
DA:22,0
DA:24,10
DA:25,10
DA:26,10
DA:27,10
DA:28,10
DA:29,10
DA:30,10
DA:31,10
DA:32,10
DA:33,10
DA:34,10
DA:35,10
DA:36,10
LF:29
LH:27
BRF:0
BRH:0
end_of_record
TN:
SF:src/routes/socket/common.js
FN:3,(anonymous_0)
FNF:1
FNH:0
FNDA:0,(anonymous_0)
DA:1,10
DA:3,10
DA:4,0
DA:6,0
DA:7,0
DA:8,0
DA:11,0
DA:12,0
DA:15,10
LF:9
LH:3
BRDA:6,0,0,0
BRDA:6,0,1,0
BRF:2
BRH:0
end_of_record
TN:
SF:src/routes/socket/index.js
FNF:0
FNH:0
DA:1,10
DA:2,10
DA:4,10
DA:6,10
DA:12,10
LF:5
LH:5
BRF:0
BRH:0
end_of_record
TN:
SF:src/services/board-access.js
FN:8,(anonymous_0)
FN:18,(anonymous_1)
FN:31,(anonymous_2)
FN:45,(anonymous_3)
FN:60,(anonymous_4)
FN:76,(anonymous_5)
FN:93,(anonymous_6)
FN:101,(anonymous_7)
FN:104,(anonymous_8)
FNF:9
FNH:8
FNDA:834,(anonymous_0)
FNDA:886,(anonymous_1)
FNDA:1523,(anonymous_2)
FNDA:1198,(anonymous_3)
FNDA:20,(anonymous_4)
FNDA:3,(anonymous_5)
FNDA:19,(anonymous_6)
FNDA:78,(anonymous_7)
FNDA:0,(anonymous_8)
DA:1,10
DA:2,10
DA:3,10
DA:4,10
DA:5,10
DA:9,834
DA:15,834
DA:19,886
DA:32,1523
DA:33,1523
DA:46,1198
DA:47,1198
DA:48,1198
DA:61,20
DA:62,20
DA:63,20
DA:64,20
DA:77,3
DA:78,3
DA:79,3
DA:80,3
DA:81,3
DA:94,19
DA:101,78
DA:105,0
DA:113,10
LF:26
LH:25
BRF:0
BRH:0
end_of_record
TN:
SF:src/services/board-positions.js
FN:4,(anonymous_0)
FN:14,(anonymous_1)
FN:24,(anonymous_2)
FNF:3
FNH:3
FNDA:205,(anonymous_0)
FNDA:835,(anonymous_1)
FNDA:839,(anonymous_2)
DA:1,10
DA:5,205
DA:11,205
DA:15,835
DA:21,835
DA:25,839
DA:33,839
DA:37,10
LF:8
LH:8
BRDA:33,0,0,839
BRDA:33,0,1,0
BRF:2
BRH:1
end_of_record
TN:
SF:src/services/board.js
FN:4,(anonymous_0)
FN:11,(anonymous_1)
FN:27,(anonymous_2)
FN:43,(anonymous_3)
FN:53,(anonymous_4)
FNF:5
FNH:5
FNDA:834,(anonymous_0)
FNDA:2,(anonymous_1)
FNDA:2,(anonymous_2)
FNDA:2,(anonymous_3)
FNDA:1,(anonymous_4)
DA:1,10
DA:5,834
DA:8,834
DA:12,2
DA:28,2
DA:44,2
DA:50,2
DA:54,1
DA:67,1
DA:71,10
LF:10
LH:10
BRF:0
BRH:0
end_of_record
TN:
SF:src/services/column-positions.js
FN:4,(anonymous_0)
FN:14,(anonymous_1)
FN:24,(anonymous_2)
FN:36,(anonymous_3)
FNF:4
FNH:4
FNDA:834,(anonymous_0)
FNDA:872,(anonymous_1)
FNDA:875,(anonymous_2)
FNDA:3,(anonymous_3)
DA:1,10
DA:5,834
DA:11,834
DA:15,872
DA:21,872
DA:25,875
DA:33,875
DA:37,3
DA:49,10
LF:9
LH:9
BRDA:33,0,0,875
BRDA:33,0,1,0
BRF:2
BRH:1
end_of_record
TN:
SF:src/services/column.js
FN:4,(anonymous_0)
FN:11,(anonymous_1)
FN:23,(anonymous_2)
FN:40,(anonymous_3)
FN:57,(anonymous_4)
FN:74,(anonymous_5)
FN:84,(anonymous_6)
FN:102,(anonymous_7)
FN:113,(anonymous_8)
FNF:9
FNH:7
FNDA:870,(anonymous_0)
FNDA:0,(anonymous_1)
FNDA:2,(anonymous_2)
FNDA:0,(anonymous_3)
FNDA:4,(anonymous_4)
FNDA:2,(anonymous_5)
FNDA:2,(anonymous_6)
FNDA:2746,(anonymous_7)
FNDA:2,(anonymous_8)
DA:1,10
DA:5,870
DA:8,870
DA:12,0
DA:20,0
DA:24,2
DA:41,0
DA:58,4
DA:75,2
DA:81,2
DA:85,2
DA:99,2
DA:103,2746
DA:114,2
DA:115,2
DA:119,10
LF:16
LH:13
BRDA:20,0,0,0
BRDA:20,0,1,0
BRF:2
BRH:0
end_of_record
TN:
SF:src/services/comment-files.js
FN:4,(anonymous_0)
FN:11,(anonymous_1)
FN:29,(anonymous_2)
FN:49,(anonymous_3)
FN:78,(anonymous_4)
FN:117,(anonymous_5)
FN:125,(anonymous_6)
FN:136,(anonymous_7)
FNF:8
FNH:4
FNDA:7,(anonymous_0)
FNDA:0,(anonymous_1)
FNDA:0,(anonymous_2)
FNDA:0,(anonymous_3)
FNDA:1,(anonymous_4)
FNDA:2,(anonymous_5)
FNDA:3,(anonymous_6)
FNDA:0,(anonymous_7)
DA:1,10
DA:5,7
DA:8,7
DA:12,0
DA:30,0
DA:50,0
DA:58,0
DA:79,1
DA:88,1
DA:97,1
DA:118,2
DA:126,3
DA:137,0
DA:138,0
DA:142,10
LF:15
LH:9
BRF:0
BRH:0
end_of_record
TN:
SF:src/services/comment-likes.js
FN:4,(anonymous_0)
FN:11,(anonymous_1)
FN:25,(anonymous_2)
FNF:3
FNH:3
FNDA:2,(anonymous_0)
FNDA:3,(anonymous_1)
FNDA:1,(anonymous_2)
DA:1,10
DA:5,2
DA:8,2
DA:12,3
DA:26,1
DA:35,10
LF:6
LH:6
BRF:0
BRH:0
end_of_record
TN:
SF:src/services/comment.js
FN:4,(anonymous_0)
FN:11,(anonymous_1)
FN:40,(anonymous_2)
FN:56,(anonymous_3)
FN:81,(anonymous_4)
FN:106,(anonymous_5)
FN:141,(anonymous_6)
FN:151,(anonymous_7)
FN:159,(anonymous_8)
FN:170,(anonymous_9)
FNF:10
FNH:8
FNDA:1185,(anonymous_0)
FNDA:0,(anonymous_1)
FNDA:9,(anonymous_2)
FNDA:1,(anonymous_3)
FNDA:1,(anonymous_4)
FNDA:3,(anonymous_5)
FNDA:2,(anonymous_6)
FNDA:2,(anonymous_7)
FNDA:23,(anonymous_8)
FNDA:0,(anonymous_9)
DA:1,10
DA:5,1185
DA:8,1185
DA:12,0
DA:20,0
DA:28,0
DA:37,0
DA:41,9
DA:57,1
DA:82,1
DA:90,1
DA:107,3
DA:116,3
DA:125,3
DA:142,2
DA:148,2
DA:152,2
DA:160,23
DA:171,0
DA:172,0
DA:176,10
LF:21
LH:15
BRDA:37,0,0,0
BRDA:37,0,1,0
BRF:2
BRH:0
end_of_record
TN:
SF:src/services/index.js
FNF:0
FNH:0
DA:1,10
DA:2,10
DA:3,10
DA:4,10
DA:5,10
DA:6,10
DA:7,10
DA:8,10
DA:9,10
DA:10,10
DA:11,10
DA:12,10
DA:14,10
LF:13
LH:13
BRF:0
BRH:0
end_of_record
TN:
SF:src/services/todo-positions.js
FN:4,(anonymous_0)
FN:14,(anonymous_1)
FN:24,(anonymous_2)
FN:36,(anonymous_3)
FNF:4
FNH:4
FNDA:870,(anonymous_0)
FNDA:1510,(anonymous_1)
FNDA:1513,(anonymous_2)
FNDA:3,(anonymous_3)
DA:1,10
DA:5,870
DA:11,870
DA:15,1510
DA:21,1510
DA:25,1513
DA:33,1513
DA:37,3
DA:49,10
LF:9
LH:9
BRDA:33,0,0,1513
BRDA:33,0,1,0
BRF:2
BRH:1
end_of_record
TN:
SF:src/services/todo.js
FN:4,(anonymous_0)
FN:11,(anonymous_1)
FN:30,(anonymous_2)
FN:60,(anonymous_3)
FN:68,(anonymous_4)
FN:110,(anonymous_5)
FN:118,(anonymous_6)
FN:122,(anonymous_7)
FN:132,(anonymous_8)
FN:153,(anonymous_9)
FN:164,(anonymous_10)
FNF:11
FNH:10
FNDA:1508,(anonymous_0)
FNDA:2,(anonymous_1)
FNDA:1,(anonymous_2)
FNDA:1,(anonymous_3)
FNDA:4,(anonymous_4)
FNDA:4,(anonymous_5)
FNDA:0,(anonymous_6)
FNDA:2,(anonymous_7)
FNDA:2,(anonymous_8)
FNDA:1223,(anonymous_9)
FNDA:2,(anonymous_10)
DA:1,10
DA:5,1508
DA:8,1508
DA:12,2
DA:31,1
DA:60,1
DA:69,4
DA:77,4
DA:88,4
DA:89,0
DA:91,4
DA:110,4
DA:119,0
DA:123,2
DA:129,2
DA:133,2
DA:150,2
DA:154,1223
DA:165,2
DA:166,2
DA:170,10
LF:21
LH:19
BRDA:68,0,0,4
BRDA:88,1,0,0
BRDA:88,1,1,4
BRF:3
BRH:2
end_of_record
TN:
SF:src/services/token.js
FN:4,(anonymous_0)
FN:10,(anonymous_1)
FN:19,(anonymous_2)
FN:28,(anonymous_3)
FN:36,(anonymous_4)
FNF:5
FNH:5
FNDA:216,(anonymous_0)
FNDA:5,(anonymous_1)
FNDA:4285,(anonymous_2)
FNDA:2,(anonymous_3)
FNDA:2,(anonymous_4)
DA:1,10
DA:5,216
DA:11,5
DA:20,4285
DA:29,2
DA:37,2
DA:45,10
LF:7
LH:7
BRF:0
BRH:0
end_of_record
TN:
SF:src/services/user.js
FN:4,(anonymous_0)
FN:11,(anonymous_1)
FN:27,(anonymous_2)
FN:38,(anonymous_3)
FN:54,(anonymous_4)
FN:70,(anonymous_5)
FN:82,(anonymous_6)
FN:94,(anonymous_7)
FNF:8
FNH:6
FNDA:206,(anonymous_0)
FNDA:2,(anonymous_1)
FNDA:0,(anonymous_2)
FNDA:208,(anonymous_3)
FNDA:208,(anonymous_4)
FNDA:8,(anonymous_5)
FNDA:2,(anonymous_6)
FNDA:0,(anonymous_7)
DA:1,10
DA:5,206
DA:8,205
DA:12,2
DA:28,0
DA:39,208
DA:55,208
DA:71,8
DA:83,2
DA:95,0
DA:101,0
DA:105,10
LF:12
LH:9
BRF:0
BRH:0
end_of_record
TN:
SF:src/swagger/index.js
FN:13,(anonymous_0)
FN:13,(anonymous_1)
FNF:2
FNH:1
FNDA:10,(anonymous_0)
FNDA:0,(anonymous_1)
DA:1,10
DA:10,10
DA:12,10
DA:13,10
DA:14,0
DA:17,0
DA:29,0
DA:30,0
LF:8
LH:4
BRF:0
BRH:0
end_of_record
TN:
SF:src/utils/collection-iterator.js
FN:14,(anonymous_0)
FN:18,(anonymous_1)
FN:22,(anonymous_2)
FN:24,(anonymous_3)
FN:32,(anonymous_4)
FN:34,(anonymous_5)
FNF:6
FNH:6
FNDA:36851,(anonymous_0)
FNDA:100,(anonymous_1)
FNDA:269840,(anonymous_2)
FNDA:45010,(anonymous_3)
FNDA:187790,(anonymous_4)
FNDA:187879,(anonymous_5)
DA:2,10
DA:3,10
DA:4,10
DA:5,10
DA:6,10
DA:8,10
DA:15,36851
DA:19,100
DA:23,269840
DA:24,45010
DA:26,228714
DA:27,9043
DA:29,219671
DA:30,46367
DA:31,46367
DA:32,187790
DA:34,187879
DA:36,173304
DA:37,89
DA:39,173215
DA:43,10
LF:21
LH:21
BRDA:23,0,0,41126
BRDA:23,0,1,228714
BRDA:26,1,0,9043
BRDA:26,1,1,219671
BRDA:29,2,0,46367
BRDA:29,2,1,173304
BRDA:31,3,0,46267
BRDA:31,3,1,100
BRDA:36,4,0,89
BRDA:36,4,1,173215
BRF:10
BRH:10
end_of_record
TN:
SF:src/utils/formatter.js
FN:6,(anonymous_0)
FN:10,(anonymous_1)
FN:14,(anonymous_2)
FNF:3
FNH:2
FNDA:36851,(anonymous_0)
FNDA:0,(anonymous_1)
FNDA:116843,(anonymous_2)
DA:1,10
DA:2,10
DA:3,10
DA:7,36851
DA:11,0
DA:15,116843
DA:19,10
LF:7
LH:6
BRF:0
BRH:0
end_of_record
TN:
SF:src/utils/index.js
FNF:0
FNH:0
DA:1,10
DA:2,10
DA:4,10
LF:3
LH:3
BRF:0
BRH:0
end_of_record
TN:
SF:tests/routes.js
FNF:0
FNH:0
DA:1,10
DA:13,10
LF:2
LH:2
BRF:0
BRH:0
end_of_record
TN:
SF:tests/ws.js
FN:5,(anonymous_0)
FN:10,(anonymous_1)
FN:18,(anonymous_2)
FN:24,(anonymous_3)
FN:28,(anonymous_4)
FN:29,(anonymous_5)
FN:35,(anonymous_6)
FN:40,(anonymous_7)
FN:45,(anonymous_8)
FNF:9
FNH:7
FNDA:13,(anonymous_0)
FNDA:13,(anonymous_1)
FNDA:13,(anonymous_2)
FNDA:13,(anonymous_3)
FNDA:13,(anonymous_4)
FNDA:13,(anonymous_5)
FNDA:0,(anonymous_6)
FNDA:13,(anonymous_7)
FNDA:0,(anonymous_8)
DA:1,1
DA:2,1
DA:6,13
DA:7,13
DA:11,13
DA:15,13
DA:19,13
DA:20,13
DA:21,13
DA:25,13
DA:29,13
DA:30,13
DA:32,13
DA:36,0
DA:37,0
DA:41,13
DA:42,13
DA:46,0
DA:47,0
DA:51,1
LF:20
LH:16
BRF:0
BRH:0
end_of_record
TN:
SF:tests/generator/auth.js
FN:4,(anonymous_0)
FN:8,(anonymous_1)
FN:12,(anonymous_2)
FN:16,(anonymous_3)
FNF:4
FNH:4
FNDA:2,(anonymous_0)
FNDA:1,(anonymous_1)
FNDA:1,(anonymous_2)
FNDA:1,(anonymous_3)
DA:1,10
DA:5,2
DA:9,1
DA:13,1
DA:17,1
DA:21,10
LF:6
LH:6
BRF:0
BRH:0
end_of_record
TN:
SF:tests/generator/board.js
FN:4,(anonymous_0)
FN:14,(anonymous_1)
FN:18,(anonymous_2)
FN:22,(anonymous_3)
FN:26,(anonymous_4)
FN:30,(anonymous_5)
FN:34,(anonymous_6)
FN:38,(anonymous_7)
FNF:8
FNH:6
FNDA:645,(anonymous_0)
FNDA:1,(anonymous_1)
FNDA:2,(anonymous_2)
FNDA:0,(anonymous_3)
FNDA:1,(anonymous_4)
FNDA:2,(anonymous_5)
FNDA:0,(anonymous_6)
FNDA:1,(anonymous_7)
DA:1,10
DA:5,645
DA:15,1
DA:19,2
DA:23,0
DA:27,1
DA:31,2
DA:35,0
DA:39,1
DA:43,10
LF:10
LH:8
BRF:0
BRH:0
end_of_record
TN:
SF:tests/generator/column.js
FN:4,(anonymous_0)
FN:15,(anonymous_1)
FN:19,(anonymous_2)
FN:23,(anonymous_3)
FN:27,(anonymous_4)
FN:31,(anonymous_5)
FNF:6
FNH:5
FNDA:886,(anonymous_0)
FNDA:1,(anonymous_1)
FNDA:2,(anonymous_2)
FNDA:0,(anonymous_3)
FNDA:1,(anonymous_4)
FNDA:1,(anonymous_5)
DA:1,10
DA:5,886
DA:16,1
DA:20,2
DA:24,0
DA:28,1
DA:32,1
DA:36,10
LF:8
LH:7
BRF:0
BRH:0
end_of_record
TN:
SF:tests/generator/comment.js
FN:4,(anonymous_0)
FN:12,(anonymous_1)
FN:16,(anonymous_2)
FNF:3
FNH:3
FNDA:1194,(anonymous_0)
FNDA:1,(anonymous_1)
FNDA:1,(anonymous_2)
DA:1,10
DA:5,1194
DA:13,1
DA:17,1
DA:21,10
LF:5
LH:5
BRF:0
BRH:0
end_of_record
TN:
SF:tests/generator/index.js
FNF:0
FNH:0
DA:1,10
DA:2,10
DA:3,10
DA:4,10
DA:5,10
DA:6,10
DA:8,10
LF:7
LH:7
BRF:0
BRH:0
end_of_record
TN:
SF:tests/generator/todo.js
FN:4,(anonymous_0)
FN:17,(anonymous_1)
FN:21,(anonymous_2)
FN:25,(anonymous_3)
FN:29,(anonymous_4)
FN:33,(anonymous_5)
FNF:6
FNH:5
FNDA:1524,(anonymous_0)
FNDA:1,(anonymous_1)
FNDA:2,(anonymous_2)
FNDA:0,(anonymous_3)
FNDA:1,(anonymous_4)
FNDA:1,(anonymous_5)
DA:1,10
DA:5,1524
DA:18,1
DA:22,2
DA:26,0
DA:30,1
DA:34,1
DA:38,10
LF:8
LH:7
BRF:0
BRH:0
end_of_record
TN:
SF:tests/generator/user.js
FN:4,(anonymous_0)
FN:14,(anonymous_1)
FN:18,(anonymous_2)
FN:22,(anonymous_3)
FN:26,(anonymous_4)
FN:30,(anonymous_5)
FN:34,(anonymous_6)
FN:38,(anonymous_7)
FNF:8
FNH:8
FNDA:221,(anonymous_0)
FNDA:1,(anonymous_1)
FNDA:1,(anonymous_2)
FNDA:1,(anonymous_3)
FNDA:1,(anonymous_4)
FNDA:1,(anonymous_5)
FNDA:1,(anonymous_6)
FNDA:1,(anonymous_7)
DA:1,10
DA:5,221
DA:15,1
DA:19,1
DA:23,1
DA:27,1
DA:31,1
DA:35,1
DA:39,1
DA:43,10
LF:10
LH:10
BRF:0
BRH:0
end_of_record
TN:
SF:tests/helper/index.js
FN:10,(anonymous_0)
FN:14,(anonymous_1)
FN:18,(anonymous_2)
FN:39,(anonymous_3)
FN:70,(anonymous_4)
FN:103,(anonymous_5)
FN:135,(anonymous_6)
FN:158,(anonymous_7)
FN:160,(anonymous_8)
FN:168,(anonymous_9)
FNF:10
FNH:10
FNDA:8,(anonymous_0)
FNDA:1,(anonymous_1)
FNDA:190,(anonymous_2)
FNDA:153,(anonymous_3)
FNDA:445,(anonymous_4)
FNDA:512,(anonymous_5)
FNDA:575,(anonymous_6)
FNDA:4072,(anonymous_7)
FNDA:23317,(anonymous_8)
FNDA:4262,(anonymous_9)
DA:2,8
DA:3,8
DA:4,8
DA:5,8
DA:6,8
DA:7,8
DA:11,8
DA:15,1
DA:19,190
DA:20,190
DA:22,190
DA:23,0
DA:24,0
DA:27,190
DA:29,190
DA:30,190
DA:31,150
DA:36,189
DA:42,153
DA:43,153
DA:44,609
DA:45,609
DA:46,609
DA:47,609
DA:48,609
DA:49,1
DA:50,1
DA:54,608
DA:55,608
DA:56,444
DA:62,608
DA:67,152
DA:73,445
DA:74,445
DA:75,841
DA:76,841
DA:77,841
DA:78,841
DA:79,0
DA:80,0
DA:84,841
DA:85,841
DA:86,841
DA:87,512
DA:94,841
DA:100,444
DA:106,512
DA:107,512
DA:108,1472
DA:109,1472
DA:110,1472
DA:111,1472
DA:112,0
DA:113,0
DA:117,1472
DA:118,1472
DA:119,1472
DA:120,575
DA:126,1472
DA:132,512
DA:138,575
DA:139,575
DA:140,1150
DA:141,1150
DA:142,1150
DA:143,1150
DA:144,0
DA:145,0
DA:149,1150
DA:150,1150
DA:155,575
DA:159,4072
DA:160,4072
DA:161,23317
DA:165,4072
DA:169,4262
DA:170,4071
DA:175,191
DA:181,8
LF:79
LH:71
BRDA:18,0,0,40
BRDA:22,1,0,0
BRDA:22,1,1,190
BRDA:30,2,0,150
BRDA:30,2,1,40
BRDA:48,3,0,1
BRDA:48,3,1,608
BRDA:55,4,0,444
BRDA:55,4,1,164
BRDA:78,5,0,0
BRDA:78,5,1,841
BRDA:86,6,0,512
BRDA:86,6,1,329
BRDA:111,7,0,0
BRDA:111,7,1,1472
BRDA:119,8,0,575
BRDA:119,8,1,897
BRDA:143,9,0,0
BRDA:143,9,1,1150
BRDA:161,10,0,4072
BRDA:161,10,1,19245
BRDA:169,11,0,4071
BRDA:169,11,1,191
BRF:23
BRH:19
end_of_record
TN:
SF:tests/helper/entities/board.js
FN:4,(anonymous_0)
FN:9,(anonymous_1)
FN:14,(anonymous_2)
FN:18,(anonymous_3)
FNF:4
FNH:3
FNDA:608,(anonymous_0)
FNDA:94,(anonymous_1)
FNDA:0,(anonymous_2)
FNDA:2,(anonymous_3)
DA:1,8
DA:5,608
DA:6,608
DA:10,94
DA:11,94
DA:15,0
DA:19,2
DA:23,8
LF:8
LH:7
BRF:0
BRH:0
end_of_record
TN:
SF:tests/helper/entities/column.js
FN:4,(anonymous_0)
FN:10,(anonymous_1)
FN:15,(anonymous_2)
FNF:3
FNH:3
FNDA:841,(anonymous_0)
FNDA:52,(anonymous_1)
FNDA:4,(anonymous_2)
DA:1,8
DA:5,841
DA:6,841
DA:7,841
DA:11,52
DA:12,52
DA:16,4
DA:20,8
LF:8
LH:8
BRF:0
BRH:0
end_of_record
TN:
SF:tests/helper/entities/todo.js
FN:4,(anonymous_0)
FN:10,(anonymous_1)
FNF:2
FNH:2
FNDA:1472,(anonymous_0)
FNDA:14,(anonymous_1)
DA:1,8
DA:5,1472
DA:6,1472
DA:7,1472
DA:11,14
DA:12,14
DA:16,8
LF:7
LH:7
BRF:0
BRH:0
end_of_record
TN:
SF:tests/helper/entities/user.js
FN:4,(anonymous_0)
FN:10,(anonymous_1)
FN:14,(anonymous_2)
FN:18,(anonymous_3)
FN:19,(anonymous_4)
FN:22,(anonymous_5)
FN:27,(anonymous_6)
FN:31,(anonymous_7)
FN:32,(anonymous_8)
FN:35,(anonymous_9)
FN:39,(anonymous_10)
FN:44,(anonymous_11)
FN:48,(anonymous_12)
FN:50,(anonymous_13)
FN:51,(anonymous_14)
FN:58,(anonymous_15)
FN:62,(anonymous_16)
FN:67,(anonymous_17)
FN:71,(anonymous_18)
FN:73,(anonymous_19)
FN:74,(anonymous_20)
FN:75,(anonymous_21)
FN:83,(anonymous_22)
FN:87,(anonymous_23)
FN:91,(anonymous_24)
FN:93,(anonymous_25)
FN:94,(anonymous_26)
FN:95,(anonymous_27)
FN:96,(anonymous_28)
FNF:29
FNH:23
FNDA:189,(anonymous_0)
FNDA:146,(anonymous_1)
FNDA:0,(anonymous_2)
FNDA:10,(anonymous_3)
FNDA:15,(anonymous_4)
FNDA:119,(anonymous_5)
FNDA:33,(anonymous_6)
FNDA:8,(anonymous_7)
FNDA:32,(anonymous_8)
FNDA:38,(anonymous_9)
FNDA:36,(anonymous_10)
FNDA:8,(anonymous_11)
FNDA:2,(anonymous_12)
FNDA:8,(anonymous_13)
FNDA:14,(anonymous_14)
FNDA:32,(anonymous_15)
FNDA:30,(anonymous_16)
FNDA:2,(anonymous_17)
FNDA:2,(anonymous_18)
FNDA:8,(anonymous_19)
FNDA:16,(anonymous_20)
FNDA:46,(anonymous_21)
FNDA:14,(anonymous_22)
FNDA:11,(anonymous_23)
FNDA:0,(anonymous_24)
FNDA:0,(anonymous_25)
FNDA:0,(anonymous_26)
FNDA:0,(anonymous_27)
FNDA:0,(anonymous_28)
DA:1,8
DA:5,189
DA:6,189
DA:7,189
DA:11,146
DA:15,0
DA:19,15
DA:23,119
DA:24,119
DA:28,33
DA:32,32
DA:36,38
DA:40,36
DA:45,8
DA:49,2
DA:50,2
DA:51,8
DA:52,14
DA:55,2
DA:59,32
DA:63,30
DA:68,2
DA:72,2
DA:73,2
DA:74,8
DA:75,16
DA:76,46
DA:80,2
DA:84,14
DA:88,11
DA:92,0
DA:93,0
DA:94,0
DA:95,0
DA:96,0
DA:97,0
DA:102,0
DA:106,8
LF:38
LH:30
BRF:0
BRH:0
end_of_record
TN:
SF:tests/request/fastify.js
FN:6,(anonymous_0)
FN:12,(anonymous_1)
FN:17,(anonymous_2)
FN:22,(anonymous_3)
FN:28,(anonymous_4)
FN:34,(anonymous_5)
FN:40,(anonymous_6)
FN:46,(anonymous_7)
FN:58,(anonymous_8)
FNF:9
FNH:9
FNDA:3584,(anonymous_0)
FNDA:3321,(anonymous_1)
FNDA:14,(anonymous_2)
FNDA:50,(anonymous_3)
FNDA:3495,(anonymous_4)
FNDA:18,(anonymous_5)
FNDA:21,(anonymous_6)
FNDA:3584,(anonymous_7)
FNDA:8,(anonymous_8)
DA:2,10
DA:3,10
DA:7,3584
DA:8,3584
DA:9,3584
DA:13,3321
DA:14,3321
DA:18,14
DA:19,14
DA:23,50
DA:24,50
DA:25,50
DA:29,3495
DA:30,3495
DA:31,3495
DA:35,18
DA:36,18
DA:37,18
DA:41,21
DA:42,21
DA:43,21
DA:47,3584
DA:54,3584
DA:55,3584
DA:59,8
DA:60,8
DA:61,8
DA:65,8
DA:69,10
LF:29
LH:29
BRF:0
BRH:0
end_of_record
TN:
SF:tests/request/index.js
FNF:0
FNH:0
DA:1,10
DA:2,10
DA:4,10
LF:3
LH:3
BRF:0
BRH:0
end_of_record
TN:
SF:tests/request/superagent.js
FN:5,(anonymous_0)
FN:7,(anonymous_1)
FNF:2
FNH:2
FNDA:1,(anonymous_0)
FNDA:999,(anonymous_1)
DA:1,10
DA:2,10
DA:6,1
DA:7,999
DA:12,10
LF:5
LH:5
BRF:0
BRH:0
end_of_record
